2026-02-10 17:12:04,935 [INFO] Activator:176 - 


2026-02-10 17:12:04,948 [INFO] Activator:177 - !SESSION log4j initialized
2026-02-10 17:12:17,360 [INFO] LogOutputStream:77 - [STDOUT_REDIRECT] 
2026-02-10 17:12:25,990 [INFO] ApplicationProperties:184 - Using Application install path: C:\ST\STM32CubeIDE_1.18.0\STM32CubeIDE\plugins\com.st.stm32cube.common.mx_6.14.0.202502271554
2026-02-10 17:12:26,034 [INFO] DbMcusXml:78 - Set database path to: C:\ST\STM32CubeIDE_1.18.0\STM32CubeIDE\plugins\com.st.stm32cube.common.mx_6.14.0.202502271554\\db\/mcu/
2026-02-10 17:12:26,035 [INFO] ApiDb:274 - Set plugin database path to: C:\ST\STM32CubeIDE_1.18.0\STM32CubeIDE\plugins\com.st.stm32cube.common.mx_6.14.0.202502271554\\db\/plugins/boardmanager/
2026-02-10 17:12:26,036 [WARN] ApiDb:259 - Overriding images path with different value:  => C:\ST\STM32CubeIDE_1.18.0\STM32CubeIDE\plugins\com.st.stm32cube.common.mx_6.14.0.202502271554\\db\/plugins/mcufinder/images/
2026-02-10 17:12:26,061 [INFO] ApiDb:250 - Set database path to: C:\Users\Manu_s_r\.stmcufinder\plugins\mcufinder//mcu/
2026-02-10 17:12:26,064 [INFO] DbMcusAds:125 - Set database path to: C:\Users\Manu_s_r\.stmcufinder\plugins\mcufinder//mcu/
2026-02-10 17:12:26,070 [INFO] CrossReferenceDbSqlite:203 - Set database path to: C:\Users\Manu_s_r\.stmcufinder\plugins\mcufinder//mcu/cs/
2026-02-10 17:12:26,405 [INFO] RulesReader:64 - Compatibility file has been processed (301 Rules)
2026-02-10 17:12:26,728 [INFO] DbMcusXml:78 - Set database path to: C:\ST\STM32CubeIDE_1.18.0\STM32CubeIDE\plugins\com.st.stm32cube.common.mx_6.14.0.202502271554\\db\/mcu/
2026-02-10 17:12:26,728 [INFO] ApiDb:274 - Set plugin database path to: C:\ST\STM32CubeIDE_1.18.0\STM32CubeIDE\plugins\com.st.stm32cube.common.mx_6.14.0.202502271554\\db\/plugins/boardmanager/
2026-02-10 17:12:26,729 [INFO] ApiDb:261 - Set plugin images path to: C:\ST\STM32CubeIDE_1.18.0\STM32CubeIDE\plugins\com.st.stm32cube.common.mx_6.14.0.202502271554\\db\/plugins/mcufinder/images/
2026-02-10 17:12:26,729 [WARN] DbFile:41 - Overriding database path with different value: C:\Users\Manu_s_r\.stmcufinder\plugins\mcufinder/ => C:\Users\Manu_s_r\.stmcufinder\plugins\mcufinder
2026-02-10 17:12:26,730 [INFO] ApiDb:250 - Set database path to: C:\Users\Manu_s_r\.stmcufinder\plugins\mcufinder//mcu/
2026-02-10 17:12:26,730 [WARN] DbFile:41 - Overriding database path with different value: C:\Users\Manu_s_r\.stmcufinder\plugins\mcufinder/ => C:\Users\Manu_s_r\.stmcufinder\plugins\mcufinder
2026-02-10 17:12:26,730 [INFO] DbMcusAds:125 - Set database path to: C:\Users\Manu_s_r\.stmcufinder\plugins\mcufinder//mcu/
2026-02-10 17:12:26,730 [WARN] DbFile:41 - Overriding database path with different value: C:\Users\Manu_s_r\.stmcufinder\plugins\mcufinder/ => C:\Users\Manu_s_r\.stmcufinder\plugins\mcufinder
2026-02-10 17:12:26,730 [WARN] DbFile:41 - Overriding database path with different value: C:\Users\Manu_s_r\.stmcufinder\plugins\mcufinder/ => C:\Users\Manu_s_r\.stmcufinder\plugins\mcufinder
2026-02-10 17:12:26,731 [INFO] CrossReferenceDbSqlite:203 - Set database path to: C:\Users\Manu_s_r\.stmcufinder\plugins\mcufinder//mcu/cs/
2026-02-10 17:12:26,938 [INFO] MainPanel:272 - HeapMemory: 325058560
2026-02-10 17:12:27,224 [INFO] DbMcusXml:78 - Set database path to: C:\ST\STM32CubeIDE_1.18.0\STM32CubeIDE\plugins\com.st.stm32cube.common.mx_6.14.0.202502271554\\db\/mcu/
2026-02-10 17:12:27,224 [INFO] ApiDb:274 - Set plugin database path to: C:\ST\STM32CubeIDE_1.18.0\STM32CubeIDE\plugins\com.st.stm32cube.common.mx_6.14.0.202502271554\\db\/plugins/boardmanager/
2026-02-10 17:12:27,224 [INFO] ApiDb:261 - Set plugin images path to: C:\ST\STM32CubeIDE_1.18.0\STM32CubeIDE\plugins\com.st.stm32cube.common.mx_6.14.0.202502271554\\db\/plugins/mcufinder/images/
2026-02-10 17:12:27,225 [WARN] DbFile:41 - Overriding database path with different value: C:\Users\Manu_s_r\.stmcufinder\plugins\mcufinder/ => C:\Users\Manu_s_r\.stmcufinder\plugins\mcufinder
2026-02-10 17:12:27,225 [INFO] ApiDb:250 - Set database path to: C:\Users\Manu_s_r\.stmcufinder\plugins\mcufinder//mcu/
2026-02-10 17:12:27,226 [WARN] DbFile:41 - Overriding database path with different value: C:\Users\Manu_s_r\.stmcufinder\plugins\mcufinder/ => C:\Users\Manu_s_r\.stmcufinder\plugins\mcufinder
2026-02-10 17:12:27,226 [INFO] DbMcusAds:125 - Set database path to: C:\Users\Manu_s_r\.stmcufinder\plugins\mcufinder//mcu/
2026-02-10 17:12:27,226 [WARN] DbFile:41 - Overriding database path with different value: C:\Users\Manu_s_r\.stmcufinder\plugins\mcufinder/ => C:\Users\Manu_s_r\.stmcufinder\plugins\mcufinder
2026-02-10 17:12:27,226 [WARN] DbFile:41 - Overriding database path with different value: C:\Users\Manu_s_r\.stmcufinder\plugins\mcufinder/ => C:\Users\Manu_s_r\.stmcufinder\plugins\mcufinder
2026-02-10 17:12:27,226 [INFO] CrossReferenceDbSqlite:203 - Set database path to: C:\Users\Manu_s_r\.stmcufinder\plugins\mcufinder//mcu/cs/
2026-02-10 17:12:27,273 [INFO] ApplicationProperties:184 - Using Application install path: C:\ST\STM32CubeIDE_1.18.0\STM32CubeIDE\plugins\com.st.stm32cube.common.mx_6.14.0.202502271554
2026-02-10 17:12:27,277 [INFO] PluginManage:196 - Search for loadable plugins [exclusion list=, ]
2026-02-10 17:12:27,280 [INFO] PluginManage:310 - Check plugin analytics
2026-02-10 17:12:32,832 [INFO] AnalyticsPlugin:253 - Accepted Software Licenses: 
2026-02-10 17:12:32,833 [INFO] AnalyticsPlugin:255 - Accepted CMSIS Pack Licenses: 
2026-02-10 17:12:32,835 [INFO] AnalyticsPlugin:257 - Accepted Firmware Licenses: FW.L4.1.18.0
2026-02-10 17:12:32,842 [INFO] PluginManage:359 - Loaded plugin analytics (category:tool,tabindex:-1)
2026-02-10 17:12:32,842 [INFO] PluginManage:310 - Check plugin cadmodel
2026-02-10 17:12:32,868 [INFO] CADModel:105 - Init CAD model plugin
2026-02-10 17:12:32,868 [INFO] PluginManage:359 - Loaded plugin cadmodel (category:power,tabindex:5)
2026-02-10 17:12:32,870 [INFO] PluginManage:310 - Check plugin clock
2026-02-10 17:12:32,897 [INFO] PluginManage:359 - Loaded plugin clock (category:base,tabindex:2)
2026-02-10 17:12:32,897 [INFO] PluginManage:310 - Check plugin ddr
2026-02-10 17:12:32,905 [INFO] PluginManage:359 - Loaded plugin ddr (category:tool,tabindex:6)
2026-02-10 17:12:32,906 [INFO] PluginManage:310 - Check plugin filemanager
2026-02-10 17:12:33,193 [INFO] PluginManage:359 - Loaded plugin filemanager (category:base,tabindex:10)
2026-02-10 17:12:33,193 [INFO] PluginManage:310 - Check plugin ipmanager
2026-02-10 17:12:33,214 [INFO] PluginManage:359 - Loaded plugin ipmanager (category:base,tabindex:5)
2026-02-10 17:12:33,214 [INFO] PluginManage:310 - Check plugin lpbam
2026-02-10 17:12:33,237 [INFO] PluginManage:359 - Loaded plugin lpbam (category:base,tabindex:0)
2026-02-10 17:12:33,237 [INFO] PluginManage:310 - Check plugin memorymap
2026-02-10 17:12:33,281 [INFO] PluginManage:359 - Loaded plugin memorymap (category:base,tabindex:4)
2026-02-10 17:12:33,281 [INFO] PluginManage:310 - Check plugin pinoutandconfiguration
2026-02-10 17:12:33,312 [INFO] PluginManage:359 - Loaded plugin pinoutandconfiguration (category:base,tabindex:1)
2026-02-10 17:12:33,313 [INFO] PluginManage:310 - Check plugin pinoutconfig
2026-02-10 17:12:33,566 [WARN] SupportedApi:132 - Cannot load RTOS API schema: s4s-elt-must-match.1: The content of 'definitions' must match (annotation?, (simpleType | complexType)?, (unique | key | keyref)*)). A problem was found starting at: attribute.
2026-02-10 17:12:33,874 [INFO] PluginManage:359 - Loaded plugin pinoutconfig (category:base,tabindex:0)
2026-02-10 17:12:33,874 [INFO] PluginManage:310 - Check plugin power
2026-02-10 17:12:33,899 [INFO] PluginManage:359 - Loaded plugin power (category:power,tabindex:4)
2026-02-10 17:12:33,899 [INFO] PluginManage:310 - Check plugin projectmanager
2026-02-10 17:12:33,936 [INFO] PluginManage:359 - Loaded plugin projectmanager (category:projectmanager,tabindex:4)
2026-02-10 17:12:33,937 [INFO] PluginManage:310 - Check plugin rif
2026-02-10 17:12:33,950 [INFO] PluginManage:359 - Loaded plugin rif (category:base,tabindex:3)
2026-02-10 17:12:33,951 [INFO] PluginManage:310 - Check plugin thirdparty
2026-02-10 17:12:34,229 [INFO] PluginManage:359 - Loaded plugin thirdparty (category:base,tabindex:-1)
2026-02-10 17:12:34,229 [WARN] IntegrityCheckThread:84 - waiting for thirdparty lock release [integrity check]
2026-02-10 17:12:34,230 [INFO] PluginManage:310 - Check plugin tools
2026-02-10 17:12:34,230 [INFO] IntegrityCheckThread:86 - entering critical section [integrity check]
2026-02-10 17:12:34,231 [INFO] ThirdPartyUpdaterWithRetryManager:70 - Updater plugin not ready yet. [1/15]
2026-02-10 17:12:34,235 [INFO] PluginManage:359 - Loaded plugin tools (category:base,tabindex:7)
2026-02-10 17:12:34,235 [INFO] PluginManage:310 - Check plugin tutovideos
2026-02-10 17:12:34,608 [INFO] PluginManage:359 - Loaded plugin tutovideos (category:base,tabindex:-1)
2026-02-10 17:12:34,610 [INFO] PluginManage:310 - Check plugin updater
2026-02-10 17:12:34,647 [INFO] PluginManage:359 - Loaded plugin updater (category:base,tabindex:12)
2026-02-10 17:12:34,648 [INFO] PluginManage:310 - Check plugin userauth
2026-02-10 17:12:34,656 [INFO] UserAuth:118 - Init User Auth plugin
2026-02-10 17:12:34,658 [INFO] PluginManage:359 - Loaded plugin userauth (category:base,tabindex:14)
2026-02-10 17:12:34,658 [INFO] PluginManage:283 - PluginManage : Loaded plugins [18]
2026-02-10 17:12:35,091 [INFO] PinOutPanel:1589 - setPackage(No Configuration,No Configuration)
2026-02-10 17:12:35,285 [INFO] CADModel:165 - CPN selected for project level
2026-02-10 17:12:35,285 [INFO] CADModel:114 - Register for checkConnection events
2026-02-10 17:12:35,317 [INFO] IPUIPlugin:80 - create IPUIPlugin
2026-02-10 17:12:35,317 [INFO] PluginManager:220 - loadIPPluginJar : add adc
2026-02-10 17:12:35,321 [INFO] IPUIPlugin:80 - create IPUIPlugin
2026-02-10 17:12:35,323 [INFO] PluginManager:220 - loadIPPluginJar : add aes
2026-02-10 17:12:35,328 [INFO] IPUIPlugin:80 - create IPUIPlugin
2026-02-10 17:12:35,328 [INFO] PluginManager:220 - loadIPPluginJar : add can
2026-02-10 17:12:35,332 [INFO] IPUIPlugin:80 - create IPUIPlugin
2026-02-10 17:12:35,332 [INFO] PluginManager:220 - loadIPPluginJar : add comp
2026-02-10 17:12:35,340 [INFO] IPUIPlugin:80 - create IPUIPlugin
2026-02-10 17:12:35,340 [INFO] PluginManager:220 - loadIPPluginJar : add cryp
2026-02-10 17:12:35,346 [INFO] IPUIPlugin:80 - create IPUIPlugin
2026-02-10 17:12:35,346 [INFO] PluginManager:220 - loadIPPluginJar : add ddr_ctrl_phy
2026-02-10 17:12:35,353 [INFO] IPUIPlugin:80 - create IPUIPlugin
2026-02-10 17:12:35,353 [INFO] PluginManager:220 - loadIPPluginJar : add dfsdm
2026-02-10 17:12:35,367 [INFO] IPUIPlugin:80 - create IPUIPlugin
2026-02-10 17:12:35,368 [INFO] PluginManager:220 - loadIPPluginJar : add dma
2026-02-10 17:12:35,375 [INFO] IPUIPlugin:80 - create IPUIPlugin
2026-02-10 17:12:35,375 [INFO] PluginManager:220 - loadIPPluginJar : add dma3
2026-02-10 17:12:35,382 [INFO] IPUIPlugin:80 - create IPUIPlugin
2026-02-10 17:12:35,382 [INFO] PluginManager:220 - loadIPPluginJar : add extmemmanager
2026-02-10 17:12:35,386 [INFO] IPUIPlugin:80 - create IPUIPlugin
2026-02-10 17:12:35,387 [INFO] PluginManager:220 - loadIPPluginJar : add fatfs
2026-02-10 17:12:35,395 [INFO] IPUIPlugin:80 - create IPUIPlugin
2026-02-10 17:12:35,395 [INFO] PluginManager:220 - loadIPPluginJar : add fmc
2026-02-10 17:12:35,409 [INFO] IPUIPlugin:80 - create IPUIPlugin
2026-02-10 17:12:35,409 [INFO] PluginManager:220 - loadIPPluginJar : add freertos
2026-02-10 17:12:35,414 [INFO] IPUIPlugin:80 - create IPUIPlugin
2026-02-10 17:12:35,414 [INFO] PluginManager:220 - loadIPPluginJar : add genericplugin
2026-02-10 17:12:35,420 [INFO] IPUIPlugin:80 - create IPUIPlugin
2026-02-10 17:12:35,420 [INFO] PluginManager:220 - loadIPPluginJar : add gfxmmu
2026-02-10 17:12:35,429 [INFO] IPUIPlugin:80 - create IPUIPlugin
2026-02-10 17:12:35,429 [INFO] PluginManager:220 - loadIPPluginJar : add gic
2026-02-10 17:12:35,439 [INFO] IPUIPlugin:80 - create IPUIPlugin
2026-02-10 17:12:35,439 [INFO] PluginManager:220 - loadIPPluginJar : add gpio
2026-02-10 17:12:35,447 [INFO] IPUIPlugin:80 - create IPUIPlugin
2026-02-10 17:12:35,447 [INFO] PluginManager:220 - loadIPPluginJar : add gtzc
2026-02-10 17:12:35,453 [INFO] IPUIPlugin:80 - create IPUIPlugin
2026-02-10 17:12:35,453 [INFO] PluginManager:220 - loadIPPluginJar : add hash
2026-02-10 17:12:35,459 [INFO] IPUIPlugin:80 - create IPUIPlugin
2026-02-10 17:12:35,460 [INFO] PluginManager:220 - loadIPPluginJar : add i2c
2026-02-10 17:12:35,468 [INFO] IPUIPlugin:80 - create IPUIPlugin
2026-02-10 17:12:35,468 [INFO] PluginManager:220 - loadIPPluginJar : add i2s
2026-02-10 17:12:35,474 [INFO] IPUIPlugin:80 - create IPUIPlugin
2026-02-10 17:12:35,474 [INFO] PluginManager:220 - loadIPPluginJar : add i3c
2026-02-10 17:12:35,482 [INFO] IPUIPlugin:80 - create IPUIPlugin
2026-02-10 17:12:35,482 [INFO] PluginManager:220 - loadIPPluginJar : add ipddr
2026-02-10 17:12:35,494 [INFO] IPUIPlugin:80 - create IPUIPlugin
2026-02-10 17:12:35,494 [INFO] PluginManager:220 - loadIPPluginJar : add linkedlist
2026-02-10 17:12:35,501 [INFO] IPUIPlugin:80 - create IPUIPlugin
2026-02-10 17:12:35,502 [INFO] PluginManager:220 - loadIPPluginJar : add lorawan
2026-02-10 17:12:35,505 [INFO] IPUIPlugin:80 - create IPUIPlugin
2026-02-10 17:12:35,506 [INFO] PluginManager:220 - loadIPPluginJar : add ltdc
2026-02-10 17:12:35,517 [INFO] IPUIPlugin:80 - create IPUIPlugin
2026-02-10 17:12:35,518 [INFO] PluginManager:220 - loadIPPluginJar : add mdma
2026-02-10 17:12:35,526 [INFO] IPUIPlugin:80 - create IPUIPlugin
2026-02-10 17:12:35,526 [INFO] PluginManager:220 - loadIPPluginJar : add nvic
2026-02-10 17:12:35,534 [INFO] IPUIPlugin:80 - create IPUIPlugin
2026-02-10 17:12:35,535 [INFO] PluginManager:220 - loadIPPluginJar : add opamp
2026-02-10 17:12:35,541 [INFO] IPUIPlugin:80 - create IPUIPlugin
2026-02-10 17:12:35,541 [INFO] PluginManager:220 - loadIPPluginJar : add openamp
2026-02-10 17:12:35,548 [INFO] IPUIPlugin:80 - create IPUIPlugin
2026-02-10 17:12:35,550 [INFO] PluginManager:220 - loadIPPluginJar : add pdm2pcm
2026-02-10 17:12:35,563 [INFO] IPUIPlugin:80 - create IPUIPlugin
2026-02-10 17:12:35,568 [INFO] PluginManager:220 - loadIPPluginJar : add plateformsettings
2026-02-10 17:12:35,574 [INFO] IPUIPlugin:80 - create IPUIPlugin
2026-02-10 17:12:35,574 [INFO] PluginManager:220 - loadIPPluginJar : add quadspi
2026-02-10 17:12:35,578 [INFO] IPUIPlugin:80 - create IPUIPlugin
2026-02-10 17:12:35,580 [INFO] PluginManager:220 - loadIPPluginJar : add radio
2026-02-10 17:12:35,589 [INFO] IPUIPlugin:80 - create IPUIPlugin
2026-02-10 17:12:35,589 [INFO] PluginManager:220 - loadIPPluginJar : add resmgrutility
2026-02-10 17:12:35,598 [INFO] IPUIPlugin:80 - create IPUIPlugin
2026-02-10 17:12:35,598 [INFO] PluginManager:220 - loadIPPluginJar : add sai
2026-02-10 17:12:35,604 [INFO] IPUIPlugin:80 - create IPUIPlugin
2026-02-10 17:12:35,605 [INFO] PluginManager:220 - loadIPPluginJar : add spi
2026-02-10 17:12:35,616 [INFO] IPUIPlugin:80 - create IPUIPlugin
2026-02-10 17:12:35,617 [INFO] PluginManager:220 - loadIPPluginJar : add stm32_wpan
2026-02-10 17:12:35,621 [INFO] IPUIPlugin:80 - create IPUIPlugin
2026-02-10 17:12:35,622 [INFO] PluginManager:220 - loadIPPluginJar : add tim
2026-02-10 17:12:35,628 [INFO] IPUIPlugin:80 - create IPUIPlugin
2026-02-10 17:12:35,628 [INFO] PluginManager:220 - loadIPPluginJar : add touchsensing
2026-02-10 17:12:35,634 [INFO] IPUIPlugin:80 - create IPUIPlugin
2026-02-10 17:12:35,634 [INFO] PluginManager:220 - loadIPPluginJar : add tracer_emb
2026-02-10 17:12:35,638 [INFO] IPUIPlugin:80 - create IPUIPlugin
2026-02-10 17:12:35,638 [INFO] PluginManager:220 - loadIPPluginJar : add ts
2026-02-10 17:12:35,641 [INFO] IPUIPlugin:80 - create IPUIPlugin
2026-02-10 17:12:35,641 [INFO] PluginManager:220 - loadIPPluginJar : add tsc
2026-02-10 17:12:35,646 [INFO] IPUIPlugin:80 - create IPUIPlugin
2026-02-10 17:12:35,647 [INFO] PluginManager:220 - loadIPPluginJar : add ucpd
2026-02-10 17:12:35,653 [INFO] IPUIPlugin:80 - create IPUIPlugin
2026-02-10 17:12:35,654 [INFO] PluginManager:220 - loadIPPluginJar : add usart
2026-02-10 17:12:35,660 [INFO] IPUIPlugin:80 - create IPUIPlugin
2026-02-10 17:12:35,660 [INFO] PluginManager:220 - loadIPPluginJar : add usbx
2026-02-10 17:12:35,893 [FATAL] Updater:351 - Updater called before beeing initialized
2026-02-10 17:12:35,947 [INFO] RulesReader:64 - Compatibility file has been processed (301 Rules)
2026-02-10 17:12:35,976 [INFO] RulesReader:64 - Compatibility file has been processed (301 Rules)
2026-02-10 17:12:35,991 [INFO] CADModel:165 - CPN selected for project level
2026-02-10 17:12:35,992 [INFO] CADModel:114 - Register for checkConnection events
2026-02-10 17:12:35,992 [FATAL] Updater:351 - Updater called before beeing initialized
2026-02-10 17:12:35,992 [ERROR] CADModel:125 - Updater not yet initialized, retry later 
2026-02-10 17:12:36,411 [FATAL] Updater:351 - Updater called before beeing initialized
2026-02-10 17:12:36,413 [INFO] CADModel:165 - CPN selected for project level
2026-02-10 17:12:36,414 [INFO] CADModel:114 - Register for checkConnection events
2026-02-10 17:12:36,414 [FATAL] Updater:351 - Updater called before beeing initialized
2026-02-10 17:12:36,414 [ERROR] CADModel:125 - Updater not yet initialized, retry later 
2026-02-10 17:12:36,420 [FATAL] Updater:351 - Updater called before beeing initialized
2026-02-10 17:12:36,666 [FATAL] Updater:351 - Updater called before beeing initialized
2026-02-10 17:12:36,673 [INFO] DbMcusAds:53 - JSON generation date=Thu Jan 08 21:27:51 IST 2026 (1767887871456)
2026-02-10 17:12:36,674 [FATAL] Updater:351 - Updater called before beeing initialized
2026-02-10 17:12:36,749 [WARN] DetailPanel:346 - Failed to get advertising image, set to default
2026-02-10 17:12:37,232 [INFO] ThirdPartyUpdaterWithRetryManager:70 - Updater plugin not ready yet. [2/15]
2026-02-10 17:12:37,252 [FATAL] Updater:351 - Updater called before beeing initialized
2026-02-10 17:12:37,256 [FATAL] Updater:351 - Updater called before beeing initialized
2026-02-10 17:12:37,256 [FATAL] Updater:351 - Updater called before beeing initialized
2026-02-10 17:12:37,256 [WARN] DetailPanel:346 - Failed to get advertising image, set to default
2026-02-10 17:12:37,257 [FATAL] Updater:351 - Updater called before beeing initialized
2026-02-10 17:12:37,347 [ERROR] Updater:1198 - MainUpdater not yet initialized. External WinMGr cannot be set.
2026-02-10 17:12:37,351 [INFO] Updater:1134 - Updater Version found : 6.14.0
2026-02-10 17:12:37,383 [INFO] ApplicationProperties:184 - Using Application install path: C:\ST\STM32CubeIDE_1.18.0\STM32CubeIDE\plugins\com.st.stm32cube.common.mx_6.14.0.202502271554
2026-02-10 17:12:38,974 [ERROR] LogOutputStream:75 - [STDERR_REDIRECT] Feb 10, 2026 5:12:38 PM java.util.prefs.WindowsPreferences <init>
2026-02-10 17:12:38,978 [ERROR] LogOutputStream:75 - [STDERR_REDIRECT] WARNING: Could not open/create prefs root node Software\JavaSoft\Prefs at root 0xffffffff80000002. Windows RegCreateKeyEx(...) returned error code 5.
2026-02-10 17:12:38,979 [ERROR] LogOutputStream:75 - [STDERR_REDIRECT] 
2026-02-10 17:12:39,734 [INFO] MainUpdater:2872 - connection check result : 10
2026-02-10 17:12:39,735 [INFO] MainUpdater:3566 - Updater definition file requires update
2026-02-10 17:12:39,738 [INFO] MainUpdater:289 - Updater Check For Update Now.
2026-02-10 17:12:39,739 [INFO] MicroXplorer:498 - Change Database Version : DB.6.0.140
2026-02-10 17:12:39,752 [INFO] McuFinderGlobals:63 - Set McuFinder mode to 2 (CubeIDE integrated)
2026-02-10 17:12:39,754 [INFO] UserAuth:486 - Internet connection configuration mode: 1
2026-02-10 17:12:39,793 [INFO] JxBrowserEngine:152 - Initiate JxBrowser Engine with user profile folder
2026-02-10 17:12:40,024 [INFO] ServerAccessManage:473 - Download File updaters.zip
2026-02-10 17:12:40,234 [WARN] MainUpdater:1193 - Updater busy. Cannot search thirdparties
2026-02-10 17:12:40,234 [INFO] ThirdPartyUpdaterWithRetryManager:96 - Updater plugin is busy. [1/15]
2026-02-10 17:12:40,411 [INFO] FileExtend:242 - Unzip File : updaters.zip
2026-02-10 17:12:40,412 [INFO] FileExtend:257 - Standard Zip Deflate
2026-02-10 17:12:42,085 [INFO] WebApp:169 - Instantiating new browser for Auth
2026-02-10 17:12:42,274 [INFO] ServerAccessManage:473 - Download File PacksControlFlags.xml
2026-02-10 17:12:42,478 [INFO] ServerAccessManage:473 - Download File cubemx.pidx
2026-02-10 17:12:42,724 [INFO] LoadServerUpdatesThread:375 - End of LoadServerUpdate Thread
2026-02-10 17:12:42,967 [INFO] CheckServerUpdateThread:120 - End of CheckServer Thread
2026-02-10 17:12:43,809 [INFO] WebApp:463 - Apply proxy settings
2026-02-10 17:12:43,810 [INFO] WebApp:548 - Chromium requires no authentication
2026-02-10 17:12:43,833 [INFO] WebApp:491 - Direct internet connection detected
2026-02-10 17:12:43,908 [INFO] WebApp:894 - Register for checkConnection events
2026-02-10 17:12:43,909 [INFO] WebApp:463 - Apply proxy settings
2026-02-10 17:12:43,909 [INFO] WebApp:548 - Chromium requires no authentication
2026-02-10 17:12:43,912 [INFO] WebApp:491 - Direct internet connection detected
2026-02-10 17:12:44,045 [WARN] PackLoader:240 - Cannot read IP mode file for STMicroelectronics.FP-SNS-MOTENVWB1.1.4.0
2026-02-10 17:12:44,063 [WARN] PackLoader:240 - Cannot read IP mode file for STMicroelectronics.FP-ATR-ASTRA1.2.0.2
2026-02-10 17:12:44,085 [WARN] PackLoader:240 - Cannot read IP mode file for STMicroelectronics.X-CUBE-SMBUS.2.1.0
2026-02-10 17:12:44,104 [WARN] PackLoader:240 - Cannot read IP mode file for STMicroelectronics.X-CUBE-WB05N.1.1.0
2026-02-10 17:12:44,180 [WARN] PackLoader:240 - Cannot read IP mode file for STMicroelectronics.X-CUBE-AZRTOS-F7.1.1.0
2026-02-10 17:12:44,198 [ERROR] Engine:466 - C:\Users\Manu_s_r\.stm32cubemx\thirdparties\pdsc\STMicroelectronics.FP-SNS-MOTENV1.5.1.0.pdsc: PDSC version is not supported
2026-02-10 17:12:44,280 [WARN] PackLoader:240 - Cannot read IP mode file for Infineon.AIROC-Wi-Fi-Bluetooth-STM32.1.7.0
2026-02-10 17:12:44,363 [WARN] PackLoader:240 - Cannot read IP mode file for STMicroelectronics.X-CUBE-AZRTOS-H7.3.4.0
2026-02-10 17:12:44,394 [WARN] PackLoader:240 - Cannot read IP mode file for STMicroelectronics.X-CUBE-DISPLAY.3.0.0
2026-02-10 17:12:44,420 [WARN] PackLoader:240 - Cannot read IP mode file for STMicroelectronics.X-CUBE-NFC10.1.0.0
2026-02-10 17:12:44,451 [WARN] PackLoader:240 - Cannot read IP mode file for STMicroelectronics.X-CUBE-BLEMGR.4.0.0
2026-02-10 17:12:44,470 [WARN] PackLoader:240 - Cannot read IP mode file for STMicroelectronics.X-CUBE-ST60.1.1.0
2026-02-10 17:12:44,473 [INFO] WebApp:225 - Starting web application
2026-02-10 17:12:44,474 [INFO] WebApp:593 - Web application path used C:\ST\STM32CubeIDE_1.18.0\STM32CubeIDE\plugins\com.st.stm32cube.common.mx_6.14.0.202502271554\db\plugins\mcufinder\reactClient1\index.html
2026-02-10 17:12:44,485 [WARN] PackLoader:240 - Cannot read IP mode file for emotas.I-CUBE-CANOPEN.1.3.0
2026-02-10 17:12:44,501 [WARN] PackLoader:240 - Cannot read IP mode file for STMicroelectronics.X-CUBE-GNSS1.7.1.0
2026-02-10 17:12:44,518 [WARN] ConditionMgr:438 - getConditionDescription Invalid condition id : Cortex-A Device cause : null
2026-02-10 17:12:44,559 [WARN] ConditionMgr:1044 - genDependencies : Invalid condition id : Cortex-A Device cause : null
2026-02-10 17:12:44,559 [WARN] ConditionMgr:1044 - genDependencies : Invalid condition id : Cortex-A Device cause : null
2026-02-10 17:12:44,560 [WARN] ConditionMgr:1044 - genDependencies : Invalid condition id : Cortex-A Device cause : null
2026-02-10 17:12:44,569 [WARN] PackLoader:240 - Cannot read IP mode file for STMicroelectronics.X-CUBE-AI.10.0.0
2026-02-10 17:12:44,577 [ERROR] Engine:466 - C:\Users\Manu_s_r\.stm32cubemx\thirdparties\pdsc\STMicroelectronics.FP-SNS-STBOX1.2.1.0.pdsc: PDSC version is not supported
2026-02-10 17:12:44,588 [WARN] PackLoader:240 - Cannot read IP mode file for STMicroelectronics.FP-SNS-SMARTAG2.1.2.0
2026-02-10 17:12:44,600 [WARN] PackLoader:240 - Cannot read IP mode file for STMicroelectronics.FP-SNS-FLIGHT1.5.1.0
2026-02-10 17:12:44,733 [WARN] PackLoader:240 - Cannot read IP mode file for STMicroelectronics.X-CUBE-MEMS1.11.1.0
2026-02-10 17:12:45,060 [INFO] UserAuth:486 - Internet connection configuration mode: 1
2026-02-10 17:12:45,062 [INFO] LogOutputStream:77 - [STDOUT_REDIRECT] 1 : Invalid condition id : UX_CORESTACK_Condition cause : null
2026-02-10 17:12:45,064 [INFO] LogOutputStream:77 - [STDOUT_REDIRECT] 1 : Invalid condition id : UX_CORESTACK_Condition cause : null
2026-02-10 17:12:45,067 [INFO] LogOutputStream:77 - [STDOUT_REDIRECT] 1 : Invalid condition id : UX_CORESTACK_Condition cause : null
2026-02-10 17:12:45,070 [INFO] LogOutputStream:77 - [STDOUT_REDIRECT] 1 : Invalid condition id : UX_CORESTACK_Condition cause : null
2026-02-10 17:12:45,072 [INFO] LogOutputStream:77 - [STDOUT_REDIRECT] 1 : Invalid condition id : UX_CORESTACK_Condition cause : null
2026-02-10 17:12:45,078 [WARN] PackLoader:240 - Cannot read IP mode file for STMicroelectronics.X-CUBE-AZRTOS-WL.2.0.0
2026-02-10 17:12:45,092 [WARN] PackLoader:240 - Cannot read IP mode file for STMicroelectronics.FP-SNS-MOTENV1.5.0.0
2026-02-10 17:12:45,135 [WARN] PackLoader:240 - Cannot read IP mode file for STMicroelectronics.X-CUBE-AZRTOS-H7RS.1.2.0
2026-02-10 17:12:45,156 [WARN] PackLoader:240 - Cannot read IP mode file for WES.I-CUBE-Cesium.1.3.0
2026-02-10 17:12:45,168 [WARN] PackLoader:240 - Cannot read IP mode file for STMicroelectronics.X-CUBE-BLE2.3.3.0
2026-02-10 17:12:45,230 [WARN] PackLoader:240 - Cannot read IP mode file for STMicroelectronics.X-CUBE-NFC9.1.0.0
2026-02-10 17:12:45,244 [WARN] PackLoader:240 - Cannot read IP mode file for STMicroelectronics.X-CUBE-BLE1.7.1.0
2026-02-10 17:12:45,257 [WARN] PackLoader:240 - Cannot read IP mode file for wolfSSL.I-CUBE-wolfMQTT.1.19.2
2026-02-10 17:12:45,266 [ERROR] Engine:466 - C:\Users\Manu_s_r\.stm32cubemx\thirdparties\pdsc\STMicroelectronics.X-CUBE-FREERTOS.1.4.0.pdsc: PDSC version is not supported
2026-02-10 17:12:45,280 [WARN] PackLoader:240 - Cannot read IP mode file for STMicroelectronics.X-CUBE-EEPRMA1.5.2.0
2026-02-10 17:12:45,291 [ERROR] Engine:466 - C:\Users\Manu_s_r\.stm32cubemx\thirdparties\pdsc\STMicroelectronics.X-CUBE-ST67W61.1.1.0.pdsc: PDSC version is not supported
2026-02-10 17:12:45,385 [WARN] PackLoader:240 - Cannot read IP mode file for STMicroelectronics.X-CUBE-MEMS1.12.0.0
2026-02-10 17:12:45,591 [INFO] WebApp:191 - Connection restablished
2026-02-10 17:12:45,631 [WARN] PackLoader:240 - Cannot read IP mode file for STMicroelectronics.X-CUBE-AZRTOS-G0.1.1.0
2026-02-10 17:12:45,652 [WARN] PackLoader:240 - Cannot read IP mode file for STMicroelectronics.X-CUBE-SAFEA1.1.2.2
2026-02-10 17:12:45,665 [WARN] PackLoader:240 - Cannot read IP mode file for STMicroelectronics.X-CUBE-NFC4.3.0.0
2026-02-10 17:12:45,686 [WARN] PackLoader:240 - Cannot read IP mode file for EmbeddedOffice.I-CUBE-FS-RTOS.1.0.1
2026-02-10 17:12:45,699 [WARN] PackLoader:240 - Cannot read IP mode file for STMicroelectronics.X-CUBE-WB05N.2.0.0
2026-02-10 17:12:45,711 [WARN] PackLoader:240 - Cannot read IP mode file for wolfSSL.I-CUBE-wolfTPM.3.8.0
2026-02-10 17:12:45,724 [WARN] PackLoader:240 - Cannot read IP mode file for STMicroelectronics.X-CUBE-TCPP.4.2.0
2026-02-10 17:12:45,743 [WARN] PackLoader:240 - Cannot read IP mode file for RealThread.X-CUBE-RT-Thread_Nano.4.1.1
2026-02-10 17:12:45,753 [WARN] PackLoader:240 - Cannot read IP mode file for STMicroelectronics.FP-ATR-SIGFOX1.3.2.0
2026-02-10 17:12:45,766 [WARN] PackLoader:240 - Cannot read IP mode file for STMicroelectronics.X-CUBE-EEPRMA1.5.1.0
2026-02-10 17:12:45,780 [WARN] PackLoader:240 - Cannot read IP mode file for wolfSSL.I-CUBE-wolfSSL.5.7.6
2026-02-10 17:12:45,795 [WARN] PackLoader:240 - Cannot read IP mode file for ITTIA_DB.I-CUBE-ITTIADB.8.9.0
2026-02-10 17:12:45,811 [WARN] PackLoader:240 - Cannot read IP mode file for STMicroelectronics.X-CUBE-NFC6.3.2.0
2026-02-10 17:12:45,825 [WARN] PackLoader:240 - Cannot read IP mode file for STMicroelectronics.X-CUBE-AI.10.2.0
2026-02-10 17:12:45,881 [WARN] PackLoader:240 - Cannot read IP mode file for SEGGER.I-CUBE-embOS.1.3.1
2026-02-10 17:12:45,978 [WARN] PackLoader:240 - Cannot read IP mode file for STMicroelectronics.X-CUBE-ALGOBUILD.1.4.0
2026-02-10 17:12:45,989 [WARN] PackLoader:240 - Cannot read IP mode file for STMicroelectronics.X-CUBE-PM33A1.1.0.0
2026-02-10 17:12:46,021 [WARN] PackLoader:240 - Cannot read IP mode file for STMicroelectronics.X-CUBE-AZRTOS-F4.1.1.0
2026-02-10 17:12:46,036 [WARN] PackLoader:240 - Cannot read IP mode file for Avnet-IotConnect.X-CUBE-IoTC-DA16k-PMOD.1.0.0
2026-02-10 17:12:46,046 [WARN] PackLoader:240 - Cannot read IP mode file for STMicroelectronics.X-CUBE-ISPU.2.1.0
2026-02-10 17:12:46,060 [ERROR] Engine:466 - C:\Users\Manu_s_r\.stm32cubemx\thirdparties\pdsc\STMicroelectronics.X-CUBE-IPS.3.2.0.pdsc: PDSC version is not supported
2026-02-10 17:12:46,074 [WARN] PackLoader:240 - Cannot read IP mode file for STMicroelectronics.X-CUBE-NFC12.1.0.0
2026-02-10 17:12:46,116 [WARN] PackLoader:240 - Cannot read IP mode file for STMicroelectronics.X-CUBE-AZRTOS-L5.2.0.0
2026-02-10 17:12:46,135 [WARN] PackLoader:240 - Cannot read IP mode file for STMicroelectronics.X-CUBE-NFC6.3.1.0
2026-02-10 17:12:46,152 [WARN] PackLoader:240 - Cannot read IP mode file for STMicroelectronics.X-CUBE-FREERTOS.1.3.0
2026-02-10 17:12:46,163 [WARN] PackLoader:240 - Cannot read IP mode file for STMicroelectronics.X-CUBE-NFC7.1.0.1
2026-02-10 17:12:46,178 [WARN] PackLoader:240 - Cannot read IP mode file for STMicroelectronics.X-CUBE-TOUCHGFX.4.26.0
2026-02-10 17:12:46,191 [WARN] PackLoader:240 - Cannot read IP mode file for STMicroelectronics.FP-SNS-STAIOTCFT.1.0.0
2026-02-10 17:12:46,203 [WARN] PackLoader:240 - Cannot read IP mode file for STMicroelectronics.X-CUBE-DPower.1.3.0
2026-02-10 17:12:46,244 [WARN] ConditionMgr:438 - getConditionDescription Invalid condition id : LAN8742 Phy interface Condition cause : null
2026-02-10 17:12:46,246 [WARN] PackLoader:240 - Cannot read IP mode file for STMicroelectronics.X-CUBE-AZRTOS-L4.2.0.0
2026-02-10 17:12:46,249 [WARN] ConditionMgr:1044 - genDependencies : Invalid condition id : LAN8742 Phy interface Condition cause : null
2026-02-10 17:12:46,250 [WARN] ConditionMgr:1044 - genDependencies : Invalid condition id : LAN8742 Phy interface Condition cause : null
2026-02-10 17:12:46,251 [WARN] ConditionMgr:1044 - genDependencies : Invalid condition id : LAN8742 Phy interface Condition cause : null
2026-02-10 17:12:46,268 [WARN] PackLoader:240 - Cannot read IP mode file for STMicroelectronics.X-CUBE-SFXS2LP1.4.0.0
2026-02-10 17:12:46,279 [ERROR] Engine:466 - C:\Users\Manu_s_r\.stm32cubemx\thirdparties\pdsc\STMicroelectronics.X-CUBE-ST67W61.1.2.0.pdsc: PDSC version is not supported
2026-02-10 17:12:46,318 [WARN] PackLoader:240 - Cannot read IP mode file for STMicroelectronics.X-CUBE-AZRTOS-H7.3.3.0
2026-02-10 17:12:46,344 [WARN] PackLoader:240 - Cannot read IP mode file for STMicroelectronics.X-CUBE-BLEMGR.4.1.0
2026-02-10 17:12:46,399 [WARN] ConditionMgr:438 - getConditionDescription Invalid condition id : UX DEVICE CLASS RTOS Condition cause : null
2026-02-10 17:12:46,400 [WARN] ConditionMgr:438 - getConditionDescription Invalid condition id : UX DEVICE CLASS RTOS Condition cause : null
2026-02-10 17:12:46,405 [WARN] PackLoader:240 - Cannot read IP mode file for STMicroelectronics.X-CUBE-AZRTOS-WB.2.0.0
2026-02-10 17:12:46,405 [WARN] ConditionMgr:1044 - genDependencies : Invalid condition id : UX DEVICE CLASS RTOS Condition cause : null
2026-02-10 17:12:46,406 [WARN] ConditionMgr:1044 - genDependencies : Invalid condition id : UX DEVICE CLASS RTOS Condition cause : null
2026-02-10 17:12:46,407 [WARN] ConditionMgr:1044 - genDependencies : Invalid condition id : UX DEVICE CLASS RTOS Condition cause : null
2026-02-10 17:12:46,407 [WARN] ConditionMgr:1044 - genDependencies : Invalid condition id : UX DEVICE CLASS RTOS Condition cause : null
2026-02-10 17:12:46,408 [WARN] ConditionMgr:1044 - genDependencies : Invalid condition id : UX DEVICE CLASS RTOS Condition cause : null
2026-02-10 17:12:46,417 [WARN] PackLoader:240 - Cannot read IP mode file for STMicroelectronics.X-CUBE-GNSS1.7.0.1
2026-02-10 17:12:46,425 [WARN] PackLoader:240 - Cannot read IP mode file for STMicroelectronics.X-CUBE-TOUCHGFX.4.25.0
2026-02-10 17:12:46,440 [WARN] PackLoader:240 - Cannot read IP mode file for STMicroelectronics.FP-SNS-STBOX1.2.0.0
2026-02-10 17:12:46,463 [WARN] PackLoader:240 - Cannot read IP mode file for STMicroelectronics.X-CUBE-STSE01.2.0.0
2026-02-10 17:12:46,490 [WARN] PackLoader:240 - Cannot read IP mode file for STMicroelectronics.X-CUBE-SUBG2.5.0.0
2026-02-10 17:12:46,536 [WARN] PackLoader:240 - Cannot read IP mode file for STMicroelectronics.X-CUBE-AZRTOS-H7RS.1.1.0
2026-02-10 17:12:46,560 [WARN] PackLoader:240 - Cannot read IP mode file for Cesanta.I-CUBE-Mongoose.7.13.0
2026-02-10 17:12:46,591 [WARN] PackLoader:240 - Cannot read IP mode file for STMicroelectronics.X-CUBE-AZRTOS-G4.2.0.0
2026-02-10 17:12:46,603 [WARN] PackLoader:240 - Cannot read IP mode file for wolfSSL.I-CUBE-wolfSSH.1.4.20
2026-02-10 17:12:46,614 [WARN] PackLoader:240 - Cannot read IP mode file for STMicroelectronics.X-CUBE-NFC7.2.0.0
2026-02-10 17:12:46,646 [WARN] PackLoader:240 - Cannot read IP mode file for STMicroelectronics.X-CUBE-IPS.3.1.0
2026-02-10 17:12:46,672 [WARN] PackLoader:240 - Cannot read IP mode file for STMicroelectronics.X-CUBE-ALS.1.0.2
2026-02-10 17:12:46,685 [WARN] PackLoader:240 - Cannot read IP mode file for STMicroelectronics.X-CUBE-STSE01.1.0.0
2026-02-10 17:12:46,700 [WARN] PackLoader:240 - Cannot read IP mode file for portGmbH.I-Cube-SoM-uGOAL.1.1.0
2026-02-10 17:12:46,721 [WARN] PackLoader:240 - Cannot read IP mode file for STMicroelectronics.X-CUBE-TOF1.3.4.2
2026-02-10 17:12:46,758 [WARN] PackLoader:240 - Cannot read IP mode file for STMicroelectronics.X-CUBE-TOF1.3.4.3
2026-02-10 17:12:46,778 [INFO] ThirdParty:978 - Integrity check success = true
2026-02-10 17:12:46,778 [INFO] IntegrityCheckThread:100 - exiting critical section [integrity check]
2026-02-10 17:12:46,778 [INFO] IntegrityCheckThread:103 - End integrity checks thread
2026-02-10 17:18:41,351 [ERROR] LogOutputStream:75 - [STDERR_REDIRECT] 
2026-02-10 17:18:41,367 [ERROR] LogOutputStream:75 - [STDERR_REDIRECT] 
2026-02-10 17:30:38,098 [INFO] Activator:176 - 


2026-02-10 17:30:38,101 [INFO] Activator:177 - !SESSION log4j initialized
2026-02-10 17:30:49,173 [INFO] LogOutputStream:77 - [STDOUT_REDIRECT] 
2026-02-10 17:30:57,119 [INFO] ApplicationProperties:184 - Using Application install path: C:\ST\STM32CubeIDE_1.18.0\STM32CubeIDE\plugins\com.st.stm32cube.common.mx_6.14.0.202502271554
2026-02-10 17:30:57,154 [INFO] DbMcusXml:78 - Set database path to: C:\ST\STM32CubeIDE_1.18.0\STM32CubeIDE\plugins\com.st.stm32cube.common.mx_6.14.0.202502271554\\db\/mcu/
2026-02-10 17:30:57,154 [INFO] ApiDb:274 - Set plugin database path to: C:\ST\STM32CubeIDE_1.18.0\STM32CubeIDE\plugins\com.st.stm32cube.common.mx_6.14.0.202502271554\\db\/plugins/boardmanager/
2026-02-10 17:30:57,155 [WARN] ApiDb:259 - Overriding images path with different value:  => C:\ST\STM32CubeIDE_1.18.0\STM32CubeIDE\plugins\com.st.stm32cube.common.mx_6.14.0.202502271554\\db\/plugins/mcufinder/images/
2026-02-10 17:30:57,166 [INFO] ApiDb:250 - Set database path to: C:\Users\Manu_s_r\.stmcufinder\plugins\mcufinder//mcu/
2026-02-10 17:30:57,168 [INFO] DbMcusAds:125 - Set database path to: C:\Users\Manu_s_r\.stmcufinder\plugins\mcufinder//mcu/
2026-02-10 17:30:57,173 [INFO] CrossReferenceDbSqlite:203 - Set database path to: C:\Users\Manu_s_r\.stmcufinder\plugins\mcufinder//mcu/cs/
2026-02-10 17:30:57,421 [INFO] RulesReader:64 - Compatibility file has been processed (301 Rules)
2026-02-10 17:30:57,613 [INFO] DbMcusXml:78 - Set database path to: C:\ST\STM32CubeIDE_1.18.0\STM32CubeIDE\plugins\com.st.stm32cube.common.mx_6.14.0.202502271554\\db\/mcu/
2026-02-10 17:30:57,613 [INFO] ApiDb:274 - Set plugin database path to: C:\ST\STM32CubeIDE_1.18.0\STM32CubeIDE\plugins\com.st.stm32cube.common.mx_6.14.0.202502271554\\db\/plugins/boardmanager/
2026-02-10 17:30:57,614 [INFO] ApiDb:261 - Set plugin images path to: C:\ST\STM32CubeIDE_1.18.0\STM32CubeIDE\plugins\com.st.stm32cube.common.mx_6.14.0.202502271554\\db\/plugins/mcufinder/images/
2026-02-10 17:30:57,614 [WARN] DbFile:41 - Overriding database path with different value: C:\Users\Manu_s_r\.stmcufinder\plugins\mcufinder/ => C:\Users\Manu_s_r\.stmcufinder\plugins\mcufinder
2026-02-10 17:30:57,614 [INFO] ApiDb:250 - Set database path to: C:\Users\Manu_s_r\.stmcufinder\plugins\mcufinder//mcu/
2026-02-10 17:30:57,614 [WARN] DbFile:41 - Overriding database path with different value: C:\Users\Manu_s_r\.stmcufinder\plugins\mcufinder/ => C:\Users\Manu_s_r\.stmcufinder\plugins\mcufinder
2026-02-10 17:30:57,615 [INFO] DbMcusAds:125 - Set database path to: C:\Users\Manu_s_r\.stmcufinder\plugins\mcufinder//mcu/
2026-02-10 17:30:57,615 [WARN] DbFile:41 - Overriding database path with different value: C:\Users\Manu_s_r\.stmcufinder\plugins\mcufinder/ => C:\Users\Manu_s_r\.stmcufinder\plugins\mcufinder
2026-02-10 17:30:57,615 [WARN] DbFile:41 - Overriding database path with different value: C:\Users\Manu_s_r\.stmcufinder\plugins\mcufinder/ => C:\Users\Manu_s_r\.stmcufinder\plugins\mcufinder
2026-02-10 17:30:57,615 [INFO] CrossReferenceDbSqlite:203 - Set database path to: C:\Users\Manu_s_r\.stmcufinder\plugins\mcufinder//mcu/cs/
2026-02-10 17:30:57,809 [INFO] MainPanel:272 - HeapMemory: 268435456
2026-02-10 17:30:58,041 [INFO] DbMcusXml:78 - Set database path to: C:\ST\STM32CubeIDE_1.18.0\STM32CubeIDE\plugins\com.st.stm32cube.common.mx_6.14.0.202502271554\\db\/mcu/
2026-02-10 17:30:58,041 [INFO] ApiDb:274 - Set plugin database path to: C:\ST\STM32CubeIDE_1.18.0\STM32CubeIDE\plugins\com.st.stm32cube.common.mx_6.14.0.202502271554\\db\/plugins/boardmanager/
2026-02-10 17:30:58,041 [INFO] ApiDb:261 - Set plugin images path to: C:\ST\STM32CubeIDE_1.18.0\STM32CubeIDE\plugins\com.st.stm32cube.common.mx_6.14.0.202502271554\\db\/plugins/mcufinder/images/
2026-02-10 17:30:58,042 [WARN] DbFile:41 - Overriding database path with different value: C:\Users\Manu_s_r\.stmcufinder\plugins\mcufinder/ => C:\Users\Manu_s_r\.stmcufinder\plugins\mcufinder
2026-02-10 17:30:58,042 [INFO] ApiDb:250 - Set database path to: C:\Users\Manu_s_r\.stmcufinder\plugins\mcufinder//mcu/
2026-02-10 17:30:58,042 [WARN] DbFile:41 - Overriding database path with different value: C:\Users\Manu_s_r\.stmcufinder\plugins\mcufinder/ => C:\Users\Manu_s_r\.stmcufinder\plugins\mcufinder
2026-02-10 17:30:58,043 [INFO] DbMcusAds:125 - Set database path to: C:\Users\Manu_s_r\.stmcufinder\plugins\mcufinder//mcu/
2026-02-10 17:30:58,043 [WARN] DbFile:41 - Overriding database path with different value: C:\Users\Manu_s_r\.stmcufinder\plugins\mcufinder/ => C:\Users\Manu_s_r\.stmcufinder\plugins\mcufinder
2026-02-10 17:30:58,043 [WARN] DbFile:41 - Overriding database path with different value: C:\Users\Manu_s_r\.stmcufinder\plugins\mcufinder/ => C:\Users\Manu_s_r\.stmcufinder\plugins\mcufinder
2026-02-10 17:30:58,043 [INFO] CrossReferenceDbSqlite:203 - Set database path to: C:\Users\Manu_s_r\.stmcufinder\plugins\mcufinder//mcu/cs/
2026-02-10 17:30:58,087 [INFO] ApplicationProperties:184 - Using Application install path: C:\ST\STM32CubeIDE_1.18.0\STM32CubeIDE\plugins\com.st.stm32cube.common.mx_6.14.0.202502271554
2026-02-10 17:30:58,090 [INFO] PluginManage:196 - Search for loadable plugins [exclusion list=, ]
2026-02-10 17:30:58,093 [INFO] PluginManage:310 - Check plugin analytics
2026-02-10 17:31:03,665 [INFO] AnalyticsPlugin:253 - Accepted Software Licenses: 
2026-02-10 17:31:03,666 [INFO] AnalyticsPlugin:255 - Accepted CMSIS Pack Licenses: 
2026-02-10 17:31:03,667 [INFO] AnalyticsPlugin:257 - Accepted Firmware Licenses: FW.L4.1.18.0
2026-02-10 17:31:03,672 [INFO] PluginManage:359 - Loaded plugin analytics (category:tool,tabindex:-1)
2026-02-10 17:31:03,672 [INFO] PluginManage:310 - Check plugin cadmodel
2026-02-10 17:31:03,687 [INFO] CADModel:105 - Init CAD model plugin
2026-02-10 17:31:03,688 [INFO] PluginManage:359 - Loaded plugin cadmodel (category:power,tabindex:5)
2026-02-10 17:31:03,688 [INFO] PluginManage:310 - Check plugin clock
2026-02-10 17:31:03,711 [INFO] PluginManage:359 - Loaded plugin clock (category:base,tabindex:2)
2026-02-10 17:31:03,711 [INFO] PluginManage:310 - Check plugin ddr
2026-02-10 17:31:03,717 [INFO] PluginManage:359 - Loaded plugin ddr (category:tool,tabindex:6)
2026-02-10 17:31:03,717 [INFO] PluginManage:310 - Check plugin filemanager
2026-02-10 17:31:04,097 [INFO] PluginManage:359 - Loaded plugin filemanager (category:base,tabindex:10)
2026-02-10 17:31:04,097 [INFO] PluginManage:310 - Check plugin ipmanager
2026-02-10 17:31:04,115 [INFO] PluginManage:359 - Loaded plugin ipmanager (category:base,tabindex:5)
2026-02-10 17:31:04,116 [INFO] PluginManage:310 - Check plugin lpbam
2026-02-10 17:31:04,137 [INFO] PluginManage:359 - Loaded plugin lpbam (category:base,tabindex:0)
2026-02-10 17:31:04,138 [INFO] PluginManage:310 - Check plugin memorymap
2026-02-10 17:31:04,173 [INFO] PluginManage:359 - Loaded plugin memorymap (category:base,tabindex:4)
2026-02-10 17:31:04,174 [INFO] PluginManage:310 - Check plugin pinoutandconfiguration
2026-02-10 17:31:04,190 [INFO] PluginManage:359 - Loaded plugin pinoutandconfiguration (category:base,tabindex:1)
2026-02-10 17:31:04,191 [INFO] PluginManage:310 - Check plugin pinoutconfig
2026-02-10 17:31:04,376 [WARN] SupportedApi:132 - Cannot load RTOS API schema: s4s-elt-must-match.1: The content of 'definitions' must match (annotation?, (simpleType | complexType)?, (unique | key | keyref)*)). A problem was found starting at: attribute.
2026-02-10 17:31:04,721 [INFO] PluginManage:359 - Loaded plugin pinoutconfig (category:base,tabindex:0)
2026-02-10 17:31:04,721 [INFO] PluginManage:310 - Check plugin power
2026-02-10 17:31:04,745 [INFO] PluginManage:359 - Loaded plugin power (category:power,tabindex:4)
2026-02-10 17:31:04,746 [INFO] PluginManage:310 - Check plugin projectmanager
2026-02-10 17:31:04,785 [INFO] PluginManage:359 - Loaded plugin projectmanager (category:projectmanager,tabindex:4)
2026-02-10 17:31:04,785 [INFO] PluginManage:310 - Check plugin rif
2026-02-10 17:31:04,806 [INFO] PluginManage:359 - Loaded plugin rif (category:base,tabindex:3)
2026-02-10 17:31:04,807 [INFO] PluginManage:310 - Check plugin thirdparty
2026-02-10 17:31:05,140 [WARN] IntegrityCheckThread:84 - waiting for thirdparty lock release [integrity check]
2026-02-10 17:31:05,141 [INFO] PluginManage:359 - Loaded plugin thirdparty (category:base,tabindex:-1)
2026-02-10 17:31:05,141 [INFO] IntegrityCheckThread:86 - entering critical section [integrity check]
2026-02-10 17:31:05,141 [INFO] PluginManage:310 - Check plugin tools
2026-02-10 17:31:05,142 [INFO] ThirdPartyUpdaterWithRetryManager:70 - Updater plugin not ready yet. [1/15]
2026-02-10 17:31:05,149 [INFO] PluginManage:359 - Loaded plugin tools (category:base,tabindex:7)
2026-02-10 17:31:05,150 [INFO] PluginManage:310 - Check plugin tutovideos
2026-02-10 17:31:05,643 [INFO] PluginManage:359 - Loaded plugin tutovideos (category:base,tabindex:-1)
2026-02-10 17:31:05,643 [INFO] PluginManage:310 - Check plugin updater
2026-02-10 17:31:05,686 [INFO] PluginManage:359 - Loaded plugin updater (category:base,tabindex:12)
2026-02-10 17:31:05,686 [INFO] PluginManage:310 - Check plugin userauth
2026-02-10 17:31:05,696 [INFO] UserAuth:118 - Init User Auth plugin
2026-02-10 17:31:05,699 [INFO] PluginManage:359 - Loaded plugin userauth (category:base,tabindex:14)
2026-02-10 17:31:05,700 [INFO] PluginManage:283 - PluginManage : Loaded plugins [18]
2026-02-10 17:31:06,290 [INFO] PinOutPanel:1589 - setPackage(No Configuration,No Configuration)
2026-02-10 17:31:06,493 [INFO] CADModel:165 - CPN selected for project level
2026-02-10 17:31:06,494 [INFO] CADModel:114 - Register for checkConnection events
2026-02-10 17:31:06,530 [INFO] IPUIPlugin:80 - create IPUIPlugin
2026-02-10 17:31:06,532 [INFO] PluginManager:220 - loadIPPluginJar : add adc
2026-02-10 17:31:06,537 [INFO] IPUIPlugin:80 - create IPUIPlugin
2026-02-10 17:31:06,537 [INFO] PluginManager:220 - loadIPPluginJar : add aes
2026-02-10 17:31:06,543 [INFO] IPUIPlugin:80 - create IPUIPlugin
2026-02-10 17:31:06,543 [INFO] PluginManager:220 - loadIPPluginJar : add can
2026-02-10 17:31:06,547 [INFO] IPUIPlugin:80 - create IPUIPlugin
2026-02-10 17:31:06,548 [INFO] PluginManager:220 - loadIPPluginJar : add comp
2026-02-10 17:31:06,555 [INFO] IPUIPlugin:80 - create IPUIPlugin
2026-02-10 17:31:06,555 [INFO] PluginManager:220 - loadIPPluginJar : add cryp
2026-02-10 17:31:06,563 [INFO] IPUIPlugin:80 - create IPUIPlugin
2026-02-10 17:31:06,563 [INFO] PluginManager:220 - loadIPPluginJar : add ddr_ctrl_phy
2026-02-10 17:31:06,568 [INFO] IPUIPlugin:80 - create IPUIPlugin
2026-02-10 17:31:06,568 [INFO] PluginManager:220 - loadIPPluginJar : add dfsdm
2026-02-10 17:31:06,579 [INFO] IPUIPlugin:80 - create IPUIPlugin
2026-02-10 17:31:06,579 [INFO] PluginManager:220 - loadIPPluginJar : add dma
2026-02-10 17:31:06,585 [INFO] IPUIPlugin:80 - create IPUIPlugin
2026-02-10 17:31:06,585 [INFO] PluginManager:220 - loadIPPluginJar : add dma3
2026-02-10 17:31:06,592 [INFO] IPUIPlugin:80 - create IPUIPlugin
2026-02-10 17:31:06,592 [INFO] PluginManager:220 - loadIPPluginJar : add extmemmanager
2026-02-10 17:31:06,596 [INFO] IPUIPlugin:80 - create IPUIPlugin
2026-02-10 17:31:06,597 [INFO] PluginManager:220 - loadIPPluginJar : add fatfs
2026-02-10 17:31:06,606 [INFO] IPUIPlugin:80 - create IPUIPlugin
2026-02-10 17:31:06,606 [INFO] PluginManager:220 - loadIPPluginJar : add fmc
2026-02-10 17:31:06,621 [INFO] IPUIPlugin:80 - create IPUIPlugin
2026-02-10 17:31:06,622 [INFO] PluginManager:220 - loadIPPluginJar : add freertos
2026-02-10 17:31:06,626 [INFO] IPUIPlugin:80 - create IPUIPlugin
2026-02-10 17:31:06,626 [INFO] PluginManager:220 - loadIPPluginJar : add genericplugin
2026-02-10 17:31:06,632 [INFO] IPUIPlugin:80 - create IPUIPlugin
2026-02-10 17:31:06,633 [INFO] PluginManager:220 - loadIPPluginJar : add gfxmmu
2026-02-10 17:31:06,644 [INFO] IPUIPlugin:80 - create IPUIPlugin
2026-02-10 17:31:06,646 [INFO] PluginManager:220 - loadIPPluginJar : add gic
2026-02-10 17:31:06,655 [INFO] IPUIPlugin:80 - create IPUIPlugin
2026-02-10 17:31:06,656 [INFO] PluginManager:220 - loadIPPluginJar : add gpio
2026-02-10 17:31:06,662 [INFO] IPUIPlugin:80 - create IPUIPlugin
2026-02-10 17:31:06,662 [INFO] PluginManager:220 - loadIPPluginJar : add gtzc
2026-02-10 17:31:06,668 [INFO] IPUIPlugin:80 - create IPUIPlugin
2026-02-10 17:31:06,668 [INFO] PluginManager:220 - loadIPPluginJar : add hash
2026-02-10 17:31:06,675 [INFO] IPUIPlugin:80 - create IPUIPlugin
2026-02-10 17:31:06,675 [INFO] PluginManager:220 - loadIPPluginJar : add i2c
2026-02-10 17:31:06,681 [INFO] IPUIPlugin:80 - create IPUIPlugin
2026-02-10 17:31:06,681 [INFO] PluginManager:220 - loadIPPluginJar : add i2s
2026-02-10 17:31:06,687 [INFO] IPUIPlugin:80 - create IPUIPlugin
2026-02-10 17:31:06,687 [INFO] PluginManager:220 - loadIPPluginJar : add i3c
2026-02-10 17:31:06,694 [INFO] IPUIPlugin:80 - create IPUIPlugin
2026-02-10 17:31:06,694 [INFO] PluginManager:220 - loadIPPluginJar : add ipddr
2026-02-10 17:31:06,708 [INFO] IPUIPlugin:80 - create IPUIPlugin
2026-02-10 17:31:06,708 [INFO] PluginManager:220 - loadIPPluginJar : add linkedlist
2026-02-10 17:31:06,714 [INFO] IPUIPlugin:80 - create IPUIPlugin
2026-02-10 17:31:06,715 [INFO] PluginManager:220 - loadIPPluginJar : add lorawan
2026-02-10 17:31:06,718 [INFO] IPUIPlugin:80 - create IPUIPlugin
2026-02-10 17:31:06,718 [INFO] PluginManager:220 - loadIPPluginJar : add ltdc
2026-02-10 17:31:06,730 [INFO] IPUIPlugin:80 - create IPUIPlugin
2026-02-10 17:31:06,730 [INFO] PluginManager:220 - loadIPPluginJar : add mdma
2026-02-10 17:31:06,738 [INFO] IPUIPlugin:80 - create IPUIPlugin
2026-02-10 17:31:06,738 [INFO] PluginManager:220 - loadIPPluginJar : add nvic
2026-02-10 17:31:06,744 [INFO] IPUIPlugin:80 - create IPUIPlugin
2026-02-10 17:31:06,746 [INFO] PluginManager:220 - loadIPPluginJar : add opamp
2026-02-10 17:31:06,752 [INFO] IPUIPlugin:80 - create IPUIPlugin
2026-02-10 17:31:06,752 [INFO] PluginManager:220 - loadIPPluginJar : add openamp
2026-02-10 17:31:06,758 [INFO] IPUIPlugin:80 - create IPUIPlugin
2026-02-10 17:31:06,758 [INFO] PluginManager:220 - loadIPPluginJar : add pdm2pcm
2026-02-10 17:31:06,767 [INFO] IPUIPlugin:80 - create IPUIPlugin
2026-02-10 17:31:06,772 [INFO] PluginManager:220 - loadIPPluginJar : add plateformsettings
2026-02-10 17:31:06,775 [INFO] IPUIPlugin:80 - create IPUIPlugin
2026-02-10 17:31:06,775 [INFO] PluginManager:220 - loadIPPluginJar : add quadspi
2026-02-10 17:31:06,779 [INFO] IPUIPlugin:80 - create IPUIPlugin
2026-02-10 17:31:06,780 [INFO] PluginManager:220 - loadIPPluginJar : add radio
2026-02-10 17:31:06,787 [INFO] IPUIPlugin:80 - create IPUIPlugin
2026-02-10 17:31:06,787 [INFO] PluginManager:220 - loadIPPluginJar : add resmgrutility
2026-02-10 17:31:06,792 [INFO] IPUIPlugin:80 - create IPUIPlugin
2026-02-10 17:31:06,793 [INFO] PluginManager:220 - loadIPPluginJar : add sai
2026-02-10 17:31:06,798 [INFO] IPUIPlugin:80 - create IPUIPlugin
2026-02-10 17:31:06,798 [INFO] PluginManager:220 - loadIPPluginJar : add spi
2026-02-10 17:31:06,808 [INFO] IPUIPlugin:80 - create IPUIPlugin
2026-02-10 17:31:06,808 [INFO] PluginManager:220 - loadIPPluginJar : add stm32_wpan
2026-02-10 17:31:06,814 [INFO] IPUIPlugin:80 - create IPUIPlugin
2026-02-10 17:31:06,814 [INFO] PluginManager:220 - loadIPPluginJar : add tim
2026-02-10 17:31:06,820 [INFO] IPUIPlugin:80 - create IPUIPlugin
2026-02-10 17:31:06,820 [INFO] PluginManager:220 - loadIPPluginJar : add touchsensing
2026-02-10 17:31:06,824 [INFO] IPUIPlugin:80 - create IPUIPlugin
2026-02-10 17:31:06,824 [INFO] PluginManager:220 - loadIPPluginJar : add tracer_emb
2026-02-10 17:31:06,828 [INFO] IPUIPlugin:80 - create IPUIPlugin
2026-02-10 17:31:06,828 [INFO] PluginManager:220 - loadIPPluginJar : add ts
2026-02-10 17:31:06,831 [INFO] IPUIPlugin:80 - create IPUIPlugin
2026-02-10 17:31:06,831 [INFO] PluginManager:220 - loadIPPluginJar : add tsc
2026-02-10 17:31:06,835 [INFO] IPUIPlugin:80 - create IPUIPlugin
2026-02-10 17:31:06,836 [INFO] PluginManager:220 - loadIPPluginJar : add ucpd
2026-02-10 17:31:06,842 [INFO] IPUIPlugin:80 - create IPUIPlugin
2026-02-10 17:31:06,842 [INFO] PluginManager:220 - loadIPPluginJar : add usart
2026-02-10 17:31:06,848 [INFO] IPUIPlugin:80 - create IPUIPlugin
2026-02-10 17:31:06,848 [INFO] PluginManager:220 - loadIPPluginJar : add usbx
2026-02-10 17:31:07,048 [FATAL] Updater:351 - Updater called before beeing initialized
2026-02-10 17:31:07,100 [INFO] RulesReader:64 - Compatibility file has been processed (301 Rules)
2026-02-10 17:31:07,121 [INFO] RulesReader:64 - Compatibility file has been processed (301 Rules)
2026-02-10 17:31:07,136 [INFO] CADModel:165 - CPN selected for project level
2026-02-10 17:31:07,136 [INFO] CADModel:114 - Register for checkConnection events
2026-02-10 17:31:07,136 [FATAL] Updater:351 - Updater called before beeing initialized
2026-02-10 17:31:07,136 [ERROR] CADModel:125 - Updater not yet initialized, retry later 
2026-02-10 17:31:07,469 [FATAL] Updater:351 - Updater called before beeing initialized
2026-02-10 17:31:07,473 [INFO] CADModel:165 - CPN selected for project level
2026-02-10 17:31:07,473 [INFO] CADModel:114 - Register for checkConnection events
2026-02-10 17:31:07,473 [FATAL] Updater:351 - Updater called before beeing initialized
2026-02-10 17:31:07,473 [ERROR] CADModel:125 - Updater not yet initialized, retry later 
2026-02-10 17:31:07,479 [FATAL] Updater:351 - Updater called before beeing initialized
2026-02-10 17:31:07,707 [FATAL] Updater:351 - Updater called before beeing initialized
2026-02-10 17:31:07,716 [INFO] DbMcusAds:53 - JSON generation date=Thu Jan 08 21:27:51 IST 2026 (1767887871456)
2026-02-10 17:31:07,716 [FATAL] Updater:351 - Updater called before beeing initialized
2026-02-10 17:31:07,790 [WARN] DetailPanel:346 - Failed to get advertising image, set to default
2026-02-10 17:31:08,143 [INFO] ThirdPartyUpdaterWithRetryManager:70 - Updater plugin not ready yet. [2/15]
2026-02-10 17:31:08,380 [FATAL] Updater:351 - Updater called before beeing initialized
2026-02-10 17:31:08,384 [FATAL] Updater:351 - Updater called before beeing initialized
2026-02-10 17:31:08,385 [FATAL] Updater:351 - Updater called before beeing initialized
2026-02-10 17:31:08,385 [WARN] DetailPanel:346 - Failed to get advertising image, set to default
2026-02-10 17:31:08,386 [FATAL] Updater:351 - Updater called before beeing initialized
2026-02-10 17:31:08,512 [ERROR] Updater:1198 - MainUpdater not yet initialized. External WinMGr cannot be set.
2026-02-10 17:31:08,515 [INFO] Updater:1134 - Updater Version found : 6.14.0
2026-02-10 17:31:08,550 [INFO] ApplicationProperties:184 - Using Application install path: C:\ST\STM32CubeIDE_1.18.0\STM32CubeIDE\plugins\com.st.stm32cube.common.mx_6.14.0.202502271554
2026-02-10 17:31:10,140 [ERROR] LogOutputStream:75 - [STDERR_REDIRECT] Feb 10, 2026 5:31:10 PM java.util.prefs.WindowsPreferences <init>
2026-02-10 17:31:10,144 [ERROR] LogOutputStream:75 - [STDERR_REDIRECT] WARNING: Could not open/create prefs root node Software\JavaSoft\Prefs at root 0xffffffff80000002. Windows RegCreateKeyEx(...) returned error code 5.
2026-02-10 17:31:10,145 [ERROR] LogOutputStream:75 - [STDERR_REDIRECT] 
2026-02-10 17:31:10,914 [INFO] MainUpdater:2872 - connection check result : 10
2026-02-10 17:31:10,916 [INFO] MainUpdater:289 - Updater Check For Update Now.
2026-02-10 17:31:10,917 [INFO] MicroXplorer:498 - Change Database Version : DB.6.0.140
2026-02-10 17:31:10,931 [INFO] McuFinderGlobals:63 - Set McuFinder mode to 2 (CubeIDE integrated)
2026-02-10 17:31:10,934 [INFO] UserAuth:486 - Internet connection configuration mode: 1
2026-02-10 17:31:10,994 [INFO] JxBrowserEngine:152 - Initiate JxBrowser Engine with user profile folder
2026-02-10 17:31:11,144 [WARN] MainUpdater:1193 - Updater busy. Cannot search thirdparties
2026-02-10 17:31:11,146 [INFO] ThirdPartyUpdaterWithRetryManager:96 - Updater plugin is busy. [1/15]
2026-02-10 17:31:11,235 [INFO] CheckServerUpdateThread:120 - End of CheckServer Thread
2026-02-10 17:31:16,014 [INFO] WebApp:169 - Instantiating new browser for Auth
2026-02-10 17:31:16,687 [WARN] PackLoader:240 - Cannot read IP mode file for STMicroelectronics.FP-SNS-MOTENVWB1.1.4.0
2026-02-10 17:31:16,702 [WARN] PackLoader:240 - Cannot read IP mode file for STMicroelectronics.FP-ATR-ASTRA1.2.0.2
2026-02-10 17:31:16,722 [WARN] PackLoader:240 - Cannot read IP mode file for STMicroelectronics.X-CUBE-SMBUS.2.1.0
2026-02-10 17:31:16,743 [WARN] PackLoader:240 - Cannot read IP mode file for STMicroelectronics.X-CUBE-WB05N.1.1.0
2026-02-10 17:31:16,830 [WARN] PackLoader:240 - Cannot read IP mode file for STMicroelectronics.X-CUBE-AZRTOS-F7.1.1.0
2026-02-10 17:31:16,846 [ERROR] Engine:466 - C:\Users\Manu_s_r\.stm32cubemx\thirdparties\pdsc\STMicroelectronics.FP-SNS-MOTENV1.5.1.0.pdsc: PDSC version is not supported
2026-02-10 17:31:16,903 [WARN] PackLoader:240 - Cannot read IP mode file for Infineon.AIROC-Wi-Fi-Bluetooth-STM32.1.7.0
2026-02-10 17:31:17,008 [WARN] PackLoader:240 - Cannot read IP mode file for STMicroelectronics.X-CUBE-AZRTOS-H7.3.4.0
2026-02-10 17:31:17,064 [WARN] PackLoader:240 - Cannot read IP mode file for STMicroelectronics.X-CUBE-DISPLAY.3.0.0
2026-02-10 17:31:17,100 [WARN] PackLoader:240 - Cannot read IP mode file for STMicroelectronics.X-CUBE-NFC10.1.0.0
2026-02-10 17:31:17,183 [WARN] PackLoader:240 - Cannot read IP mode file for STMicroelectronics.X-CUBE-BLEMGR.4.0.0
2026-02-10 17:31:17,208 [WARN] PackLoader:240 - Cannot read IP mode file for STMicroelectronics.X-CUBE-ST60.1.1.0
2026-02-10 17:31:17,227 [WARN] PackLoader:240 - Cannot read IP mode file for emotas.I-CUBE-CANOPEN.1.3.0
2026-02-10 17:31:17,243 [WARN] PackLoader:240 - Cannot read IP mode file for STMicroelectronics.X-CUBE-GNSS1.7.1.0
2026-02-10 17:31:17,253 [WARN] ConditionMgr:438 - getConditionDescription Invalid condition id : Cortex-A Device cause : null
2026-02-10 17:31:17,284 [WARN] ConditionMgr:1044 - genDependencies : Invalid condition id : Cortex-A Device cause : null
2026-02-10 17:31:17,284 [WARN] ConditionMgr:1044 - genDependencies : Invalid condition id : Cortex-A Device cause : null
2026-02-10 17:31:17,286 [WARN] ConditionMgr:1044 - genDependencies : Invalid condition id : Cortex-A Device cause : null
2026-02-10 17:31:17,292 [WARN] PackLoader:240 - Cannot read IP mode file for STMicroelectronics.X-CUBE-AI.10.0.0
2026-02-10 17:31:17,301 [ERROR] Engine:466 - C:\Users\Manu_s_r\.stm32cubemx\thirdparties\pdsc\STMicroelectronics.FP-SNS-STBOX1.2.1.0.pdsc: PDSC version is not supported
2026-02-10 17:31:17,311 [WARN] PackLoader:240 - Cannot read IP mode file for STMicroelectronics.FP-SNS-SMARTAG2.1.2.0
2026-02-10 17:31:17,324 [WARN] PackLoader:240 - Cannot read IP mode file for STMicroelectronics.FP-SNS-FLIGHT1.5.1.0
2026-02-10 17:31:17,445 [WARN] PackLoader:240 - Cannot read IP mode file for STMicroelectronics.X-CUBE-MEMS1.11.1.0
2026-02-10 17:31:17,764 [INFO] LogOutputStream:77 - [STDOUT_REDIRECT] 1 : Invalid condition id : UX_CORESTACK_Condition cause : null
2026-02-10 17:31:17,765 [INFO] LogOutputStream:77 - [STDOUT_REDIRECT] 1 : Invalid condition id : UX_CORESTACK_Condition cause : null
2026-02-10 17:31:17,769 [INFO] LogOutputStream:77 - [STDOUT_REDIRECT] 1 : Invalid condition id : UX_CORESTACK_Condition cause : null
2026-02-10 17:31:17,771 [INFO] LogOutputStream:77 - [STDOUT_REDIRECT] 1 : Invalid condition id : UX_CORESTACK_Condition cause : null
2026-02-10 17:31:17,774 [INFO] LogOutputStream:77 - [STDOUT_REDIRECT] 1 : Invalid condition id : UX_CORESTACK_Condition cause : null
2026-02-10 17:31:17,779 [WARN] PackLoader:240 - Cannot read IP mode file for STMicroelectronics.X-CUBE-AZRTOS-WL.2.0.0
2026-02-10 17:31:17,792 [WARN] PackLoader:240 - Cannot read IP mode file for STMicroelectronics.FP-SNS-MOTENV1.5.0.0
2026-02-10 17:31:17,833 [WARN] PackLoader:240 - Cannot read IP mode file for STMicroelectronics.X-CUBE-AZRTOS-H7RS.1.2.0
2026-02-10 17:31:17,848 [WARN] PackLoader:240 - Cannot read IP mode file for WES.I-CUBE-Cesium.1.3.0
2026-02-10 17:31:17,857 [WARN] PackLoader:240 - Cannot read IP mode file for STMicroelectronics.X-CUBE-BLE2.3.3.0
2026-02-10 17:31:17,892 [WARN] PackLoader:240 - Cannot read IP mode file for STMicroelectronics.X-CUBE-NFC9.1.0.0
2026-02-10 17:31:17,904 [WARN] PackLoader:240 - Cannot read IP mode file for STMicroelectronics.X-CUBE-BLE1.7.1.0
2026-02-10 17:31:17,915 [WARN] PackLoader:240 - Cannot read IP mode file for wolfSSL.I-CUBE-wolfMQTT.1.19.2
2026-02-10 17:31:17,920 [ERROR] Engine:466 - C:\Users\Manu_s_r\.stm32cubemx\thirdparties\pdsc\STMicroelectronics.X-CUBE-FREERTOS.1.4.0.pdsc: PDSC version is not supported
2026-02-10 17:31:17,930 [WARN] PackLoader:240 - Cannot read IP mode file for STMicroelectronics.X-CUBE-EEPRMA1.5.2.0
2026-02-10 17:31:17,936 [ERROR] Engine:466 - C:\Users\Manu_s_r\.stm32cubemx\thirdparties\pdsc\STMicroelectronics.X-CUBE-ST67W61.1.1.0.pdsc: PDSC version is not supported
2026-02-10 17:31:18,018 [WARN] PackLoader:240 - Cannot read IP mode file for STMicroelectronics.X-CUBE-MEMS1.12.0.0
2026-02-10 17:31:18,159 [WARN] PackLoader:240 - Cannot read IP mode file for STMicroelectronics.X-CUBE-AZRTOS-G0.1.1.0
2026-02-10 17:31:18,176 [WARN] PackLoader:240 - Cannot read IP mode file for STMicroelectronics.X-CUBE-SAFEA1.1.2.2
2026-02-10 17:31:18,190 [WARN] PackLoader:240 - Cannot read IP mode file for STMicroelectronics.X-CUBE-NFC4.3.0.0
2026-02-10 17:31:18,304 [WARN] PackLoader:240 - Cannot read IP mode file for EmbeddedOffice.I-CUBE-FS-RTOS.1.0.1
2026-02-10 17:31:18,317 [WARN] PackLoader:240 - Cannot read IP mode file for STMicroelectronics.X-CUBE-WB05N.2.0.0
2026-02-10 17:31:18,330 [WARN] PackLoader:240 - Cannot read IP mode file for wolfSSL.I-CUBE-wolfTPM.3.8.0
2026-02-10 17:31:18,345 [WARN] PackLoader:240 - Cannot read IP mode file for STMicroelectronics.X-CUBE-TCPP.4.2.0
2026-02-10 17:31:18,361 [WARN] PackLoader:240 - Cannot read IP mode file for RealThread.X-CUBE-RT-Thread_Nano.4.1.1
2026-02-10 17:31:18,372 [WARN] PackLoader:240 - Cannot read IP mode file for STMicroelectronics.FP-ATR-SIGFOX1.3.2.0
2026-02-10 17:31:18,384 [WARN] PackLoader:240 - Cannot read IP mode file for STMicroelectronics.X-CUBE-EEPRMA1.5.1.0
2026-02-10 17:31:18,394 [WARN] PackLoader:240 - Cannot read IP mode file for wolfSSL.I-CUBE-wolfSSL.5.7.6
2026-02-10 17:31:18,409 [WARN] PackLoader:240 - Cannot read IP mode file for ITTIA_DB.I-CUBE-ITTIADB.8.9.0
2026-02-10 17:31:18,422 [WARN] PackLoader:240 - Cannot read IP mode file for STMicroelectronics.X-CUBE-NFC6.3.2.0
2026-02-10 17:31:18,438 [WARN] PackLoader:240 - Cannot read IP mode file for STMicroelectronics.X-CUBE-AI.10.2.0
2026-02-10 17:31:18,496 [WARN] PackLoader:240 - Cannot read IP mode file for SEGGER.I-CUBE-embOS.1.3.1
2026-02-10 17:31:18,591 [INFO] WebApp:463 - Apply proxy settings
2026-02-10 17:31:18,592 [INFO] WebApp:548 - Chromium requires no authentication
2026-02-10 17:31:18,593 [WARN] PackLoader:240 - Cannot read IP mode file for STMicroelectronics.X-CUBE-ALGOBUILD.1.4.0
2026-02-10 17:31:18,605 [WARN] PackLoader:240 - Cannot read IP mode file for STMicroelectronics.X-CUBE-PM33A1.1.0.0
2026-02-10 17:31:18,649 [INFO] WebApp:491 - Direct internet connection detected
2026-02-10 17:31:18,662 [WARN] PackLoader:240 - Cannot read IP mode file for STMicroelectronics.X-CUBE-AZRTOS-F4.1.1.0
2026-02-10 17:31:18,680 [WARN] PackLoader:240 - Cannot read IP mode file for Avnet-IotConnect.X-CUBE-IoTC-DA16k-PMOD.1.0.0
2026-02-10 17:31:18,690 [WARN] PackLoader:240 - Cannot read IP mode file for STMicroelectronics.X-CUBE-ISPU.2.1.0
2026-02-10 17:31:18,703 [ERROR] Engine:466 - C:\Users\Manu_s_r\.stm32cubemx\thirdparties\pdsc\STMicroelectronics.X-CUBE-IPS.3.2.0.pdsc: PDSC version is not supported
2026-02-10 17:31:18,714 [WARN] PackLoader:240 - Cannot read IP mode file for STMicroelectronics.X-CUBE-NFC12.1.0.0
2026-02-10 17:31:18,717 [INFO] WebApp:894 - Register for checkConnection events
2026-02-10 17:31:18,717 [INFO] WebApp:463 - Apply proxy settings
2026-02-10 17:31:18,718 [INFO] WebApp:548 - Chromium requires no authentication
2026-02-10 17:31:18,718 [INFO] WebApp:491 - Direct internet connection detected
2026-02-10 17:31:18,740 [WARN] PackLoader:240 - Cannot read IP mode file for STMicroelectronics.X-CUBE-AZRTOS-L5.2.0.0
2026-02-10 17:31:18,755 [WARN] PackLoader:240 - Cannot read IP mode file for STMicroelectronics.X-CUBE-NFC6.3.1.0
2026-02-10 17:31:18,764 [WARN] PackLoader:240 - Cannot read IP mode file for STMicroelectronics.X-CUBE-FREERTOS.1.3.0
2026-02-10 17:31:18,774 [WARN] PackLoader:240 - Cannot read IP mode file for STMicroelectronics.X-CUBE-NFC7.1.0.1
2026-02-10 17:31:18,784 [WARN] PackLoader:240 - Cannot read IP mode file for STMicroelectronics.X-CUBE-TOUCHGFX.4.26.0
2026-02-10 17:31:18,791 [WARN] PackLoader:240 - Cannot read IP mode file for STMicroelectronics.FP-SNS-STAIOTCFT.1.0.0
2026-02-10 17:31:18,800 [WARN] PackLoader:240 - Cannot read IP mode file for STMicroelectronics.X-CUBE-DPower.1.3.0
2026-02-10 17:31:18,824 [WARN] ConditionMgr:438 - getConditionDescription Invalid condition id : LAN8742 Phy interface Condition cause : null
2026-02-10 17:31:18,824 [WARN] PackLoader:240 - Cannot read IP mode file for STMicroelectronics.X-CUBE-AZRTOS-L4.2.0.0
2026-02-10 17:31:18,826 [WARN] ConditionMgr:1044 - genDependencies : Invalid condition id : LAN8742 Phy interface Condition cause : null
2026-02-10 17:31:18,826 [WARN] ConditionMgr:1044 - genDependencies : Invalid condition id : LAN8742 Phy interface Condition cause : null
2026-02-10 17:31:18,828 [WARN] ConditionMgr:1044 - genDependencies : Invalid condition id : LAN8742 Phy interface Condition cause : null
2026-02-10 17:31:18,841 [WARN] PackLoader:240 - Cannot read IP mode file for STMicroelectronics.X-CUBE-SFXS2LP1.4.0.0
2026-02-10 17:31:18,846 [ERROR] Engine:466 - C:\Users\Manu_s_r\.stm32cubemx\thirdparties\pdsc\STMicroelectronics.X-CUBE-ST67W61.1.2.0.pdsc: PDSC version is not supported
2026-02-10 17:31:18,873 [WARN] PackLoader:240 - Cannot read IP mode file for STMicroelectronics.X-CUBE-AZRTOS-H7.3.3.0
2026-02-10 17:31:18,891 [WARN] PackLoader:240 - Cannot read IP mode file for STMicroelectronics.X-CUBE-BLEMGR.4.1.0
2026-02-10 17:31:18,911 [WARN] ConditionMgr:438 - getConditionDescription Invalid condition id : UX DEVICE CLASS RTOS Condition cause : null
2026-02-10 17:31:18,911 [WARN] ConditionMgr:438 - getConditionDescription Invalid condition id : UX DEVICE CLASS RTOS Condition cause : null
2026-02-10 17:31:18,914 [WARN] PackLoader:240 - Cannot read IP mode file for STMicroelectronics.X-CUBE-AZRTOS-WB.2.0.0
2026-02-10 17:31:18,916 [WARN] ConditionMgr:1044 - genDependencies : Invalid condition id : UX DEVICE CLASS RTOS Condition cause : null
2026-02-10 17:31:18,916 [WARN] ConditionMgr:1044 - genDependencies : Invalid condition id : UX DEVICE CLASS RTOS Condition cause : null
2026-02-10 17:31:18,917 [WARN] ConditionMgr:1044 - genDependencies : Invalid condition id : UX DEVICE CLASS RTOS Condition cause : null
2026-02-10 17:31:18,917 [WARN] ConditionMgr:1044 - genDependencies : Invalid condition id : UX DEVICE CLASS RTOS Condition cause : null
2026-02-10 17:31:18,917 [WARN] ConditionMgr:1044 - genDependencies : Invalid condition id : UX DEVICE CLASS RTOS Condition cause : null
2026-02-10 17:31:18,934 [WARN] PackLoader:240 - Cannot read IP mode file for STMicroelectronics.X-CUBE-GNSS1.7.0.1
2026-02-10 17:31:18,939 [WARN] PackLoader:240 - Cannot read IP mode file for STMicroelectronics.X-CUBE-TOUCHGFX.4.25.0
2026-02-10 17:31:18,948 [WARN] PackLoader:240 - Cannot read IP mode file for STMicroelectronics.FP-SNS-STBOX1.2.0.0
2026-02-10 17:31:18,962 [WARN] PackLoader:240 - Cannot read IP mode file for STMicroelectronics.X-CUBE-STSE01.2.0.0
2026-02-10 17:31:18,978 [WARN] PackLoader:240 - Cannot read IP mode file for STMicroelectronics.X-CUBE-SUBG2.5.0.0
2026-02-10 17:31:19,010 [WARN] PackLoader:240 - Cannot read IP mode file for STMicroelectronics.X-CUBE-AZRTOS-H7RS.1.1.0
2026-02-10 17:31:19,022 [WARN] PackLoader:240 - Cannot read IP mode file for Cesanta.I-CUBE-Mongoose.7.13.0
2026-02-10 17:31:19,045 [WARN] PackLoader:240 - Cannot read IP mode file for STMicroelectronics.X-CUBE-AZRTOS-G4.2.0.0
2026-02-10 17:31:19,056 [WARN] PackLoader:240 - Cannot read IP mode file for wolfSSL.I-CUBE-wolfSSH.1.4.20
2026-02-10 17:31:19,062 [WARN] PackLoader:240 - Cannot read IP mode file for STMicroelectronics.X-CUBE-NFC7.2.0.0
2026-02-10 17:31:19,081 [WARN] PackLoader:240 - Cannot read IP mode file for STMicroelectronics.X-CUBE-IPS.3.1.0
2026-02-10 17:31:19,099 [WARN] PackLoader:240 - Cannot read IP mode file for STMicroelectronics.X-CUBE-ALS.1.0.2
2026-02-10 17:31:19,111 [WARN] PackLoader:240 - Cannot read IP mode file for STMicroelectronics.X-CUBE-STSE01.1.0.0
2026-02-10 17:31:19,123 [WARN] PackLoader:240 - Cannot read IP mode file for portGmbH.I-Cube-SoM-uGOAL.1.1.0
2026-02-10 17:31:19,141 [WARN] PackLoader:240 - Cannot read IP mode file for STMicroelectronics.X-CUBE-TOF1.3.4.2
2026-02-10 17:31:19,166 [INFO] WebApp:225 - Starting web application
2026-02-10 17:31:19,167 [INFO] WebApp:593 - Web application path used C:\ST\STM32CubeIDE_1.18.0\STM32CubeIDE\plugins\com.st.stm32cube.common.mx_6.14.0.202502271554\db\plugins\mcufinder\reactClient1\index.html
2026-02-10 17:31:19,167 [WARN] PackLoader:240 - Cannot read IP mode file for STMicroelectronics.X-CUBE-TOF1.3.4.3
2026-02-10 17:31:19,185 [INFO] ThirdParty:978 - Integrity check success = true
2026-02-10 17:31:19,185 [INFO] IntegrityCheckThread:100 - exiting critical section [integrity check]
2026-02-10 17:31:19,185 [INFO] IntegrityCheckThread:103 - End integrity checks thread
2026-02-10 17:31:19,332 [INFO] UserAuth:486 - Internet connection configuration mode: 1
2026-02-10 17:31:20,183 [INFO] WebApp:191 - Connection restablished
2026-02-10 19:31:03,631 [INFO] WebApp:194 - Connection lost
2026-02-10 19:31:07,781 [INFO] WebApp:191 - Connection restablished
2026-02-10 20:38:24,085 [INFO] WebApp:194 - Connection lost
2026-02-10 20:38:27,860 [INFO] WebApp:191 - Connection restablished
2026-02-10 20:38:28,160 [INFO] WebApp:194 - Connection lost
2026-02-10 20:38:28,220 [INFO] WebApp:191 - Connection restablished
2026-02-10 21:26:08,612 [INFO] WebApp:194 - Connection lost
2026-02-10 21:26:09,416 [INFO] WebApp:191 - Connection restablished
2026-02-10 21:26:20,008 [INFO] WebApp:194 - Connection lost
2026-02-10 21:26:20,243 [INFO] WebApp:191 - Connection restablished
2026-02-10 21:26:32,014 [INFO] WebApp:194 - Connection lost
2026-02-10 21:26:32,292 [INFO] WebApp:191 - Connection restablished
2026-02-10 23:52:58,387 [INFO] WebApp:194 - Connection lost
2026-02-10 23:53:07,028 [INFO] WebApp:191 - Connection restablished
