2026-03-13 13:52:47,892 [INFO] Activator:176 - 


2026-03-13 13:52:47,907 [INFO] Activator:177 - !SESSION log4j initialized
2026-03-13 13:52:57,785 [INFO] LogOutputStream:77 - [STDOUT_REDIRECT] 
2026-03-13 13:53:00,505 [INFO] ApplicationProperties:184 - Using Application install path: C:\ST\STM32CubeIDE_1.18.0\STM32CubeIDE\plugins\com.st.stm32cube.common.mx_6.14.0.202502271554
2026-03-13 13:53:00,535 [INFO] DbMcusXml:78 - Set database path to: C:\ST\STM32CubeIDE_1.18.0\STM32CubeIDE\plugins\com.st.stm32cube.common.mx_6.14.0.202502271554\\db\/mcu/
2026-03-13 13:53:00,535 [INFO] ApiDb:274 - Set plugin database path to: C:\ST\STM32CubeIDE_1.18.0\STM32CubeIDE\plugins\com.st.stm32cube.common.mx_6.14.0.202502271554\\db\/plugins/boardmanager/
2026-03-13 13:53:00,536 [WARN] ApiDb:259 - Overriding images path with different value:  => C:\ST\STM32CubeIDE_1.18.0\STM32CubeIDE\plugins\com.st.stm32cube.common.mx_6.14.0.202502271554\\db\/plugins/mcufinder/images/
2026-03-13 13:53:00,559 [INFO] ApiDb:250 - Set database path to: C:\Users\Manu_s_r\.stmcufinder\plugins\mcufinder//mcu/
2026-03-13 13:53:00,560 [INFO] DbMcusAds:125 - Set database path to: C:\Users\Manu_s_r\.stmcufinder\plugins\mcufinder//mcu/
2026-03-13 13:53:00,565 [INFO] CrossReferenceDbSqlite:203 - Set database path to: C:\Users\Manu_s_r\.stmcufinder\plugins\mcufinder//mcu/cs/
2026-03-13 13:53:00,712 [INFO] RulesReader:64 - Compatibility file has been processed (301 Rules)
2026-03-13 13:53:00,848 [INFO] DbMcusXml:78 - Set database path to: C:\ST\STM32CubeIDE_1.18.0\STM32CubeIDE\plugins\com.st.stm32cube.common.mx_6.14.0.202502271554\\db\/mcu/
2026-03-13 13:53:00,848 [INFO] ApiDb:274 - Set plugin database path to: C:\ST\STM32CubeIDE_1.18.0\STM32CubeIDE\plugins\com.st.stm32cube.common.mx_6.14.0.202502271554\\db\/plugins/boardmanager/
2026-03-13 13:53:00,849 [INFO] ApiDb:261 - Set plugin images path to: C:\ST\STM32CubeIDE_1.18.0\STM32CubeIDE\plugins\com.st.stm32cube.common.mx_6.14.0.202502271554\\db\/plugins/mcufinder/images/
2026-03-13 13:53:00,849 [WARN] DbFile:41 - Overriding database path with different value: C:\Users\Manu_s_r\.stmcufinder\plugins\mcufinder/ => C:\Users\Manu_s_r\.stmcufinder\plugins\mcufinder
2026-03-13 13:53:00,849 [INFO] ApiDb:250 - Set database path to: C:\Users\Manu_s_r\.stmcufinder\plugins\mcufinder//mcu/
2026-03-13 13:53:00,849 [WARN] DbFile:41 - Overriding database path with different value: C:\Users\Manu_s_r\.stmcufinder\plugins\mcufinder/ => C:\Users\Manu_s_r\.stmcufinder\plugins\mcufinder
2026-03-13 13:53:00,849 [INFO] DbMcusAds:125 - Set database path to: C:\Users\Manu_s_r\.stmcufinder\plugins\mcufinder//mcu/
2026-03-13 13:53:00,849 [WARN] DbFile:41 - Overriding database path with different value: C:\Users\Manu_s_r\.stmcufinder\plugins\mcufinder/ => C:\Users\Manu_s_r\.stmcufinder\plugins\mcufinder
2026-03-13 13:53:00,850 [WARN] DbFile:41 - Overriding database path with different value: C:\Users\Manu_s_r\.stmcufinder\plugins\mcufinder/ => C:\Users\Manu_s_r\.stmcufinder\plugins\mcufinder
2026-03-13 13:53:00,850 [INFO] CrossReferenceDbSqlite:203 - Set database path to: C:\Users\Manu_s_r\.stmcufinder\plugins\mcufinder//mcu/cs/
2026-03-13 13:53:00,965 [INFO] MainPanel:272 - HeapMemory: 268435456
2026-03-13 13:53:01,295 [INFO] DbMcusXml:78 - Set database path to: C:\ST\STM32CubeIDE_1.18.0\STM32CubeIDE\plugins\com.st.stm32cube.common.mx_6.14.0.202502271554\\db\/mcu/
2026-03-13 13:53:01,296 [INFO] ApiDb:274 - Set plugin database path to: C:\ST\STM32CubeIDE_1.18.0\STM32CubeIDE\plugins\com.st.stm32cube.common.mx_6.14.0.202502271554\\db\/plugins/boardmanager/
2026-03-13 13:53:01,296 [INFO] ApiDb:261 - Set plugin images path to: C:\ST\STM32CubeIDE_1.18.0\STM32CubeIDE\plugins\com.st.stm32cube.common.mx_6.14.0.202502271554\\db\/plugins/mcufinder/images/
2026-03-13 13:53:01,296 [WARN] DbFile:41 - Overriding database path with different value: C:\Users\Manu_s_r\.stmcufinder\plugins\mcufinder/ => C:\Users\Manu_s_r\.stmcufinder\plugins\mcufinder
2026-03-13 13:53:01,297 [INFO] ApiDb:250 - Set database path to: C:\Users\Manu_s_r\.stmcufinder\plugins\mcufinder//mcu/
2026-03-13 13:53:01,297 [WARN] DbFile:41 - Overriding database path with different value: C:\Users\Manu_s_r\.stmcufinder\plugins\mcufinder/ => C:\Users\Manu_s_r\.stmcufinder\plugins\mcufinder
2026-03-13 13:53:01,297 [INFO] DbMcusAds:125 - Set database path to: C:\Users\Manu_s_r\.stmcufinder\plugins\mcufinder//mcu/
2026-03-13 13:53:01,297 [WARN] DbFile:41 - Overriding database path with different value: C:\Users\Manu_s_r\.stmcufinder\plugins\mcufinder/ => C:\Users\Manu_s_r\.stmcufinder\plugins\mcufinder
2026-03-13 13:53:01,297 [WARN] DbFile:41 - Overriding database path with different value: C:\Users\Manu_s_r\.stmcufinder\plugins\mcufinder/ => C:\Users\Manu_s_r\.stmcufinder\plugins\mcufinder
2026-03-13 13:53:01,297 [INFO] CrossReferenceDbSqlite:203 - Set database path to: C:\Users\Manu_s_r\.stmcufinder\plugins\mcufinder//mcu/cs/
2026-03-13 13:53:01,328 [INFO] ApplicationProperties:184 - Using Application install path: C:\ST\STM32CubeIDE_1.18.0\STM32CubeIDE\plugins\com.st.stm32cube.common.mx_6.14.0.202502271554
2026-03-13 13:53:01,331 [INFO] PluginManage:196 - Search for loadable plugins [exclusion list=, ]
2026-03-13 13:53:01,334 [INFO] PluginManage:310 - Check plugin analytics
2026-03-13 13:53:01,603 [INFO] AnalyticsPlugin:253 - Accepted Software Licenses: 
2026-03-13 13:53:01,603 [INFO] AnalyticsPlugin:255 - Accepted CMSIS Pack Licenses: 
2026-03-13 13:53:01,604 [INFO] AnalyticsPlugin:257 - Accepted Firmware Licenses: FW.L4.1.18.0
2026-03-13 13:53:01,606 [INFO] PluginManage:359 - Loaded plugin analytics (category:tool,tabindex:-1)
2026-03-13 13:53:01,607 [INFO] PluginManage:310 - Check plugin cadmodel
2026-03-13 13:53:01,617 [INFO] CADModel:105 - Init CAD model plugin
2026-03-13 13:53:01,617 [INFO] PluginManage:359 - Loaded plugin cadmodel (category:power,tabindex:5)
2026-03-13 13:53:01,618 [INFO] PluginManage:310 - Check plugin clock
2026-03-13 13:53:01,631 [INFO] PluginManage:359 - Loaded plugin clock (category:base,tabindex:2)
2026-03-13 13:53:01,631 [INFO] PluginManage:310 - Check plugin ddr
2026-03-13 13:53:01,636 [INFO] PluginManage:359 - Loaded plugin ddr (category:tool,tabindex:6)
2026-03-13 13:53:01,637 [INFO] PluginManage:310 - Check plugin filemanager
2026-03-13 13:53:01,816 [INFO] PluginManage:359 - Loaded plugin filemanager (category:base,tabindex:10)
2026-03-13 13:53:01,816 [INFO] PluginManage:310 - Check plugin ipmanager
2026-03-13 13:53:01,830 [INFO] PluginManage:359 - Loaded plugin ipmanager (category:base,tabindex:5)
2026-03-13 13:53:01,831 [INFO] PluginManage:310 - Check plugin lpbam
2026-03-13 13:53:01,843 [INFO] PluginManage:359 - Loaded plugin lpbam (category:base,tabindex:0)
2026-03-13 13:53:01,843 [INFO] PluginManage:310 - Check plugin memorymap
2026-03-13 13:53:01,863 [INFO] PluginManage:359 - Loaded plugin memorymap (category:base,tabindex:4)
2026-03-13 13:53:01,863 [INFO] PluginManage:310 - Check plugin pinoutandconfiguration
2026-03-13 13:53:01,878 [INFO] PluginManage:359 - Loaded plugin pinoutandconfiguration (category:base,tabindex:1)
2026-03-13 13:53:01,878 [INFO] PluginManage:310 - Check plugin pinoutconfig
2026-03-13 13:53:02,007 [WARN] SupportedApi:132 - Cannot load RTOS API schema: s4s-elt-must-match.1: The content of 'definitions' must match (annotation?, (simpleType | complexType)?, (unique | key | keyref)*)). A problem was found starting at: attribute.
2026-03-13 13:53:02,201 [INFO] PluginManage:359 - Loaded plugin pinoutconfig (category:base,tabindex:0)
2026-03-13 13:53:02,201 [INFO] PluginManage:310 - Check plugin power
2026-03-13 13:53:02,219 [INFO] PluginManage:359 - Loaded plugin power (category:power,tabindex:4)
2026-03-13 13:53:02,219 [INFO] PluginManage:310 - Check plugin projectmanager
2026-03-13 13:53:02,243 [INFO] PluginManage:359 - Loaded plugin projectmanager (category:projectmanager,tabindex:4)
2026-03-13 13:53:02,243 [INFO] PluginManage:310 - Check plugin rif
2026-03-13 13:53:02,257 [INFO] PluginManage:359 - Loaded plugin rif (category:base,tabindex:3)
2026-03-13 13:53:02,258 [INFO] PluginManage:310 - Check plugin thirdparty
2026-03-13 13:53:02,533 [INFO] PluginManage:359 - Loaded plugin thirdparty (category:base,tabindex:-1)
2026-03-13 13:53:02,533 [WARN] IntegrityCheckThread:84 - waiting for thirdparty lock release [integrity check]
2026-03-13 13:53:02,533 [INFO] PluginManage:310 - Check plugin tools
2026-03-13 13:53:02,533 [INFO] IntegrityCheckThread:86 - entering critical section [integrity check]
2026-03-13 13:53:02,533 [INFO] ThirdPartyUpdaterWithRetryManager:70 - Updater plugin not ready yet. [1/15]
2026-03-13 13:53:02,537 [INFO] PluginManage:359 - Loaded plugin tools (category:base,tabindex:7)
2026-03-13 13:53:02,538 [INFO] PluginManage:310 - Check plugin tutovideos
2026-03-13 13:53:02,793 [INFO] PluginManage:359 - Loaded plugin tutovideos (category:base,tabindex:-1)
2026-03-13 13:53:02,793 [INFO] PluginManage:310 - Check plugin updater
2026-03-13 13:53:02,818 [INFO] PluginManage:359 - Loaded plugin updater (category:base,tabindex:12)
2026-03-13 13:53:02,818 [INFO] PluginManage:310 - Check plugin userauth
2026-03-13 13:53:02,822 [INFO] UserAuth:118 - Init User Auth plugin
2026-03-13 13:53:02,823 [INFO] PluginManage:359 - Loaded plugin userauth (category:base,tabindex:14)
2026-03-13 13:53:02,823 [INFO] PluginManage:283 - PluginManage : Loaded plugins [18]
2026-03-13 13:53:03,189 [INFO] PinOutPanel:1589 - setPackage(No Configuration,No Configuration)
2026-03-13 13:53:03,338 [INFO] CADModel:165 - CPN selected for project level
2026-03-13 13:53:03,338 [INFO] CADModel:114 - Register for checkConnection events
2026-03-13 13:53:03,371 [INFO] IPUIPlugin:80 - create IPUIPlugin
2026-03-13 13:53:03,372 [INFO] PluginManager:220 - loadIPPluginJar : add adc
2026-03-13 13:53:03,377 [INFO] IPUIPlugin:80 - create IPUIPlugin
2026-03-13 13:53:03,377 [INFO] PluginManager:220 - loadIPPluginJar : add aes
2026-03-13 13:53:03,382 [INFO] IPUIPlugin:80 - create IPUIPlugin
2026-03-13 13:53:03,383 [INFO] PluginManager:220 - loadIPPluginJar : add can
2026-03-13 13:53:03,386 [INFO] IPUIPlugin:80 - create IPUIPlugin
2026-03-13 13:53:03,387 [INFO] PluginManager:220 - loadIPPluginJar : add comp
2026-03-13 13:53:03,393 [INFO] IPUIPlugin:80 - create IPUIPlugin
2026-03-13 13:53:03,393 [INFO] PluginManager:220 - loadIPPluginJar : add cryp
2026-03-13 13:53:03,400 [INFO] IPUIPlugin:80 - create IPUIPlugin
2026-03-13 13:53:03,401 [INFO] PluginManager:220 - loadIPPluginJar : add ddr_ctrl_phy
2026-03-13 13:53:03,404 [INFO] IPUIPlugin:80 - create IPUIPlugin
2026-03-13 13:53:03,405 [INFO] PluginManager:220 - loadIPPluginJar : add dfsdm
2026-03-13 13:53:03,413 [INFO] IPUIPlugin:80 - create IPUIPlugin
2026-03-13 13:53:03,414 [INFO] PluginManager:220 - loadIPPluginJar : add dma
2026-03-13 13:53:03,420 [INFO] IPUIPlugin:80 - create IPUIPlugin
2026-03-13 13:53:03,420 [INFO] PluginManager:220 - loadIPPluginJar : add dma3
2026-03-13 13:53:03,426 [INFO] IPUIPlugin:80 - create IPUIPlugin
2026-03-13 13:53:03,426 [INFO] PluginManager:220 - loadIPPluginJar : add extmemmanager
2026-03-13 13:53:03,429 [INFO] IPUIPlugin:80 - create IPUIPlugin
2026-03-13 13:53:03,429 [INFO] PluginManager:220 - loadIPPluginJar : add fatfs
2026-03-13 13:53:03,437 [INFO] IPUIPlugin:80 - create IPUIPlugin
2026-03-13 13:53:03,437 [INFO] PluginManager:220 - loadIPPluginJar : add fmc
2026-03-13 13:53:03,448 [INFO] IPUIPlugin:80 - create IPUIPlugin
2026-03-13 13:53:03,448 [INFO] PluginManager:220 - loadIPPluginJar : add freertos
2026-03-13 13:53:03,461 [INFO] IPUIPlugin:80 - create IPUIPlugin
2026-03-13 13:53:03,461 [INFO] PluginManager:220 - loadIPPluginJar : add genericplugin
2026-03-13 13:53:03,468 [INFO] IPUIPlugin:80 - create IPUIPlugin
2026-03-13 13:53:03,468 [INFO] PluginManager:220 - loadIPPluginJar : add gfxmmu
2026-03-13 13:53:03,475 [INFO] IPUIPlugin:80 - create IPUIPlugin
2026-03-13 13:53:03,475 [INFO] PluginManager:220 - loadIPPluginJar : add gic
2026-03-13 13:53:03,483 [INFO] IPUIPlugin:80 - create IPUIPlugin
2026-03-13 13:53:03,483 [INFO] PluginManager:220 - loadIPPluginJar : add gpio
2026-03-13 13:53:03,488 [INFO] IPUIPlugin:80 - create IPUIPlugin
2026-03-13 13:53:03,488 [INFO] PluginManager:220 - loadIPPluginJar : add gtzc
2026-03-13 13:53:03,491 [INFO] IPUIPlugin:80 - create IPUIPlugin
2026-03-13 13:53:03,492 [INFO] PluginManager:220 - loadIPPluginJar : add hash
2026-03-13 13:53:03,496 [INFO] IPUIPlugin:80 - create IPUIPlugin
2026-03-13 13:53:03,498 [INFO] PluginManager:220 - loadIPPluginJar : add i2c
2026-03-13 13:53:03,501 [INFO] IPUIPlugin:80 - create IPUIPlugin
2026-03-13 13:53:03,502 [INFO] PluginManager:220 - loadIPPluginJar : add i2s
2026-03-13 13:53:03,507 [INFO] IPUIPlugin:80 - create IPUIPlugin
2026-03-13 13:53:03,507 [INFO] PluginManager:220 - loadIPPluginJar : add i3c
2026-03-13 13:53:03,512 [INFO] IPUIPlugin:80 - create IPUIPlugin
2026-03-13 13:53:03,513 [INFO] PluginManager:220 - loadIPPluginJar : add ipddr
2026-03-13 13:53:03,523 [INFO] IPUIPlugin:80 - create IPUIPlugin
2026-03-13 13:53:03,523 [INFO] PluginManager:220 - loadIPPluginJar : add linkedlist
2026-03-13 13:53:03,529 [INFO] IPUIPlugin:80 - create IPUIPlugin
2026-03-13 13:53:03,529 [INFO] PluginManager:220 - loadIPPluginJar : add lorawan
2026-03-13 13:53:03,532 [INFO] IPUIPlugin:80 - create IPUIPlugin
2026-03-13 13:53:03,532 [INFO] PluginManager:220 - loadIPPluginJar : add ltdc
2026-03-13 13:53:03,541 [INFO] IPUIPlugin:80 - create IPUIPlugin
2026-03-13 13:53:03,542 [INFO] PluginManager:220 - loadIPPluginJar : add mdma
2026-03-13 13:53:03,549 [INFO] IPUIPlugin:80 - create IPUIPlugin
2026-03-13 13:53:03,549 [INFO] PluginManager:220 - loadIPPluginJar : add nvic
2026-03-13 13:53:03,554 [INFO] IPUIPlugin:80 - create IPUIPlugin
2026-03-13 13:53:03,554 [INFO] PluginManager:220 - loadIPPluginJar : add opamp
2026-03-13 13:53:03,559 [INFO] IPUIPlugin:80 - create IPUIPlugin
2026-03-13 13:53:03,559 [INFO] PluginManager:220 - loadIPPluginJar : add openamp
2026-03-13 13:53:03,563 [INFO] IPUIPlugin:80 - create IPUIPlugin
2026-03-13 13:53:03,563 [INFO] PluginManager:220 - loadIPPluginJar : add pdm2pcm
2026-03-13 13:53:03,572 [INFO] IPUIPlugin:80 - create IPUIPlugin
2026-03-13 13:53:03,576 [INFO] PluginManager:220 - loadIPPluginJar : add plateformsettings
2026-03-13 13:53:03,580 [INFO] IPUIPlugin:80 - create IPUIPlugin
2026-03-13 13:53:03,580 [INFO] PluginManager:220 - loadIPPluginJar : add quadspi
2026-03-13 13:53:03,583 [INFO] IPUIPlugin:80 - create IPUIPlugin
2026-03-13 13:53:03,584 [INFO] PluginManager:220 - loadIPPluginJar : add radio
2026-03-13 13:53:03,591 [INFO] IPUIPlugin:80 - create IPUIPlugin
2026-03-13 13:53:03,591 [INFO] PluginManager:220 - loadIPPluginJar : add resmgrutility
2026-03-13 13:53:03,597 [INFO] IPUIPlugin:80 - create IPUIPlugin
2026-03-13 13:53:03,597 [INFO] PluginManager:220 - loadIPPluginJar : add sai
2026-03-13 13:53:03,602 [INFO] IPUIPlugin:80 - create IPUIPlugin
2026-03-13 13:53:03,602 [INFO] PluginManager:220 - loadIPPluginJar : add spi
2026-03-13 13:53:03,610 [INFO] IPUIPlugin:80 - create IPUIPlugin
2026-03-13 13:53:03,610 [INFO] PluginManager:220 - loadIPPluginJar : add stm32_wpan
2026-03-13 13:53:03,613 [INFO] IPUIPlugin:80 - create IPUIPlugin
2026-03-13 13:53:03,614 [INFO] PluginManager:220 - loadIPPluginJar : add tim
2026-03-13 13:53:03,619 [INFO] IPUIPlugin:80 - create IPUIPlugin
2026-03-13 13:53:03,619 [INFO] PluginManager:220 - loadIPPluginJar : add touchsensing
2026-03-13 13:53:03,623 [INFO] IPUIPlugin:80 - create IPUIPlugin
2026-03-13 13:53:03,623 [INFO] PluginManager:220 - loadIPPluginJar : add tracer_emb
2026-03-13 13:53:03,625 [INFO] IPUIPlugin:80 - create IPUIPlugin
2026-03-13 13:53:03,625 [INFO] PluginManager:220 - loadIPPluginJar : add ts
2026-03-13 13:53:03,628 [INFO] IPUIPlugin:80 - create IPUIPlugin
2026-03-13 13:53:03,628 [INFO] PluginManager:220 - loadIPPluginJar : add tsc
2026-03-13 13:53:03,632 [INFO] IPUIPlugin:80 - create IPUIPlugin
2026-03-13 13:53:03,632 [INFO] PluginManager:220 - loadIPPluginJar : add ucpd
2026-03-13 13:53:03,635 [INFO] IPUIPlugin:80 - create IPUIPlugin
2026-03-13 13:53:03,635 [INFO] PluginManager:220 - loadIPPluginJar : add usart
2026-03-13 13:53:03,640 [INFO] IPUIPlugin:80 - create IPUIPlugin
2026-03-13 13:53:03,640 [INFO] PluginManager:220 - loadIPPluginJar : add usbx
2026-03-13 13:53:03,791 [FATAL] Updater:351 - Updater called before beeing initialized
2026-03-13 13:53:03,821 [INFO] RulesReader:64 - Compatibility file has been processed (301 Rules)
2026-03-13 13:53:03,832 [INFO] RulesReader:64 - Compatibility file has been processed (301 Rules)
2026-03-13 13:53:03,842 [INFO] CADModel:165 - CPN selected for project level
2026-03-13 13:53:03,842 [INFO] CADModel:114 - Register for checkConnection events
2026-03-13 13:53:03,842 [FATAL] Updater:351 - Updater called before beeing initialized
2026-03-13 13:53:03,842 [ERROR] CADModel:125 - Updater not yet initialized, retry later 
2026-03-13 13:53:04,061 [FATAL] Updater:351 - Updater called before beeing initialized
2026-03-13 13:53:04,065 [INFO] CADModel:165 - CPN selected for project level
2026-03-13 13:53:04,065 [INFO] CADModel:114 - Register for checkConnection events
2026-03-13 13:53:04,065 [FATAL] Updater:351 - Updater called before beeing initialized
2026-03-13 13:53:04,065 [ERROR] CADModel:125 - Updater not yet initialized, retry later 
2026-03-13 13:53:04,071 [FATAL] Updater:351 - Updater called before beeing initialized
2026-03-13 13:53:04,256 [FATAL] Updater:351 - Updater called before beeing initialized
2026-03-13 13:53:04,262 [INFO] DbMcusAds:53 - JSON generation date=Thu Jan 08 21:27:51 IST 2026 (1767887871456)
2026-03-13 13:53:04,262 [FATAL] Updater:351 - Updater called before beeing initialized
2026-03-13 13:53:04,346 [WARN] DetailPanel:346 - Failed to get advertising image, set to default
2026-03-13 13:53:04,616 [FATAL] Updater:351 - Updater called before beeing initialized
2026-03-13 13:53:04,618 [FATAL] Updater:351 - Updater called before beeing initialized
2026-03-13 13:53:04,618 [FATAL] Updater:351 - Updater called before beeing initialized
2026-03-13 13:53:04,618 [WARN] DetailPanel:346 - Failed to get advertising image, set to default
2026-03-13 13:53:04,619 [FATAL] Updater:351 - Updater called before beeing initialized
2026-03-13 13:53:04,685 [ERROR] Updater:1198 - MainUpdater not yet initialized. External WinMGr cannot be set.
2026-03-13 13:53:04,690 [INFO] Updater:1134 - Updater Version found : 6.14.0
2026-03-13 13:53:04,714 [INFO] ApplicationProperties:184 - Using Application install path: C:\ST\STM32CubeIDE_1.18.0\STM32CubeIDE\plugins\com.st.stm32cube.common.mx_6.14.0.202502271554
2026-03-13 13:53:05,534 [INFO] ThirdPartyUpdaterWithRetryManager:70 - Updater plugin not ready yet. [2/15]
2026-03-13 13:53:06,296 [ERROR] LogOutputStream:75 - [STDERR_REDIRECT] Mar 13, 2026 1:53:06 PM java.util.prefs.WindowsPreferences <init>
2026-03-13 13:53:06,297 [ERROR] LogOutputStream:75 - [STDERR_REDIRECT] WARNING: Could not open/create prefs root node Software\JavaSoft\Prefs at root 0xffffffff80000002. Windows RegCreateKeyEx(...) returned error code 5.
2026-03-13 13:53:06,298 [ERROR] LogOutputStream:75 - [STDERR_REDIRECT] 
2026-03-13 13:53:06,962 [INFO] MainUpdater:2872 - connection check result : 10
2026-03-13 13:53:06,963 [INFO] MainUpdater:3566 - Updater definition file requires update
2026-03-13 13:53:06,965 [INFO] MainUpdater:289 - Updater Check For Update Now.
2026-03-13 13:53:06,965 [INFO] MicroXplorer:498 - Change Database Version : DB.6.0.140
2026-03-13 13:53:06,978 [INFO] McuFinderGlobals:63 - Set McuFinder mode to 2 (CubeIDE integrated)
2026-03-13 13:53:06,980 [INFO] UserAuth:486 - Internet connection configuration mode: 1
2026-03-13 13:53:07,011 [INFO] JxBrowserEngine:152 - Initiate JxBrowser Engine with user profile folder
2026-03-13 13:53:07,057 [INFO] ServerAccessManage:473 - Download File updaters.zip
2026-03-13 13:53:07,530 [INFO] FileExtend:242 - Unzip File : updaters.zip
2026-03-13 13:53:07,531 [INFO] FileExtend:257 - Standard Zip Deflate
2026-03-13 13:53:08,536 [WARN] MainUpdater:1193 - Updater busy. Cannot search thirdparties
2026-03-13 13:53:08,537 [INFO] ThirdPartyUpdaterWithRetryManager:96 - Updater plugin is busy. [1/15]
2026-03-13 13:53:09,507 [INFO] ServerAccessManage:473 - Download File PacksControlFlags.xml
2026-03-13 13:53:09,618 [INFO] WebApp:169 - Instantiating new browser for Auth
2026-03-13 13:53:09,815 [INFO] ServerAccessManage:473 - Download File cubemx.pidx
2026-03-13 13:53:09,985 [INFO] LoadServerUpdatesThread:375 - End of LoadServerUpdate Thread
2026-03-13 13:53:10,186 [INFO] CheckServerUpdateThread:120 - End of CheckServer Thread
2026-03-13 13:53:10,686 [INFO] WebApp:463 - Apply proxy settings
2026-03-13 13:53:10,686 [INFO] WebApp:548 - Chromium requires no authentication
2026-03-13 13:53:10,697 [INFO] WebApp:491 - Direct internet connection detected
2026-03-13 13:53:10,726 [INFO] WebApp:894 - Register for checkConnection events
2026-03-13 13:53:10,726 [INFO] WebApp:463 - Apply proxy settings
2026-03-13 13:53:10,726 [INFO] WebApp:548 - Chromium requires no authentication
2026-03-13 13:53:10,727 [INFO] WebApp:491 - Direct internet connection detected
2026-03-13 13:53:10,942 [INFO] WebApp:225 - Starting web application
2026-03-13 13:53:10,942 [INFO] WebApp:593 - Web application path used C:\ST\STM32CubeIDE_1.18.0\STM32CubeIDE\plugins\com.st.stm32cube.common.mx_6.14.0.202502271554\db\plugins\mcufinder\reactClient1\index.html
2026-03-13 13:53:11,055 [INFO] UserAuth:486 - Internet connection configuration mode: 1
2026-03-13 13:53:12,128 [WARN] PackLoader:240 - Cannot read IP mode file for STMicroelectronics.X-CUBE-AZRTOS-H7.3.5.0
2026-03-13 13:53:12,146 [WARN] PackLoader:240 - Cannot read IP mode file for STMicroelectronics.FP-SNS-MOTENVWB1.1.4.0
2026-03-13 13:53:12,157 [WARN] PackLoader:240 - Cannot read IP mode file for STMicroelectronics.FP-ATR-ASTRA1.2.0.2
2026-03-13 13:53:12,173 [WARN] PackLoader:240 - Cannot read IP mode file for STMicroelectronics.X-CUBE-SMBUS.2.1.0
2026-03-13 13:53:12,196 [WARN] PackLoader:240 - Cannot read IP mode file for STMicroelectronics.X-CUBE-WB05N.1.1.0
2026-03-13 13:53:12,230 [WARN] PackLoader:240 - Cannot read IP mode file for STMicroelectronics.X-CUBE-AZRTOS-F7.1.1.0
2026-03-13 13:53:12,241 [ERROR] Engine:466 - C:\Users\Manu_s_r\.stm32cubemx\thirdparties\pdsc\STMicroelectronics.FP-SNS-MOTENV1.5.1.0.pdsc: PDSC version is not supported
2026-03-13 13:53:12,254 [INFO] WebApp:191 - Connection restablished
2026-03-13 13:53:12,277 [WARN] PackLoader:240 - Cannot read IP mode file for Infineon.AIROC-Wi-Fi-Bluetooth-STM32.1.7.0
2026-03-13 13:53:12,310 [WARN] PackLoader:240 - Cannot read IP mode file for STMicroelectronics.X-CUBE-AZRTOS-H7.3.4.0
2026-03-13 13:53:12,330 [WARN] PackLoader:240 - Cannot read IP mode file for STMicroelectronics.X-CUBE-DISPLAY.3.0.0
2026-03-13 13:53:12,340 [ERROR] Engine:466 - C:\Users\Manu_s_r\.stm32cubemx\thirdparties\pdsc\STMicroelectronics.FP-SNS-MOTENVWB1.1.5.0.pdsc: PDSC version is not supported
2026-03-13 13:53:12,349 [WARN] PackLoader:240 - Cannot read IP mode file for STMicroelectronics.X-CUBE-NFC10.1.0.0
2026-03-13 13:53:12,364 [WARN] PackLoader:240 - Cannot read IP mode file for STMicroelectronics.X-CUBE-BLEMGR.4.0.0
2026-03-13 13:53:12,375 [WARN] PackLoader:240 - Cannot read IP mode file for STMicroelectronics.X-CUBE-ST60.1.1.0
2026-03-13 13:53:12,385 [WARN] PackLoader:240 - Cannot read IP mode file for emotas.I-CUBE-CANOPEN.1.3.0
2026-03-13 13:53:12,394 [WARN] PackLoader:240 - Cannot read IP mode file for STMicroelectronics.X-CUBE-GNSS1.7.1.0
2026-03-13 13:53:12,404 [WARN] ConditionMgr:438 - getConditionDescription Invalid condition id : Cortex-A Device cause : null
2026-03-13 13:53:12,428 [WARN] ConditionMgr:1044 - genDependencies : Invalid condition id : Cortex-A Device cause : null
2026-03-13 13:53:12,428 [WARN] ConditionMgr:1044 - genDependencies : Invalid condition id : Cortex-A Device cause : null
2026-03-13 13:53:12,429 [WARN] ConditionMgr:1044 - genDependencies : Invalid condition id : Cortex-A Device cause : null
2026-03-13 13:53:12,570 [WARN] PackLoader:240 - Cannot read IP mode file for STMicroelectronics.X-CUBE-AI.10.0.0
2026-03-13 13:53:12,575 [ERROR] Engine:466 - C:\Users\Manu_s_r\.stm32cubemx\thirdparties\pdsc\STMicroelectronics.FP-SNS-STBOX1.2.1.0.pdsc: PDSC version is not supported
2026-03-13 13:53:12,581 [WARN] PackLoader:240 - Cannot read IP mode file for STMicroelectronics.FP-SNS-SMARTAG2.1.2.0
2026-03-13 13:53:12,587 [WARN] PackLoader:240 - Cannot read IP mode file for STMicroelectronics.FP-SNS-FLIGHT1.5.1.0
2026-03-13 13:53:12,631 [WARN] PackLoader:240 - Cannot read IP mode file for STMicroelectronics.X-CUBE-MEMS1.11.1.0
2026-03-13 13:53:12,800 [INFO] LogOutputStream:77 - [STDOUT_REDIRECT] 1 : Invalid condition id : UX_CORESTACK_Condition cause : null
2026-03-13 13:53:12,801 [INFO] LogOutputStream:77 - [STDOUT_REDIRECT] 1 : Invalid condition id : UX_CORESTACK_Condition cause : null
2026-03-13 13:53:12,802 [INFO] LogOutputStream:77 - [STDOUT_REDIRECT] 1 : Invalid condition id : UX_CORESTACK_Condition cause : null
2026-03-13 13:53:12,803 [INFO] LogOutputStream:77 - [STDOUT_REDIRECT] 1 : Invalid condition id : UX_CORESTACK_Condition cause : null
2026-03-13 13:53:12,805 [INFO] LogOutputStream:77 - [STDOUT_REDIRECT] 1 : Invalid condition id : UX_CORESTACK_Condition cause : null
2026-03-13 13:53:12,808 [WARN] PackLoader:240 - Cannot read IP mode file for STMicroelectronics.X-CUBE-AZRTOS-WL.2.0.0
2026-03-13 13:53:12,817 [WARN] PackLoader:240 - Cannot read IP mode file for STMicroelectronics.FP-SNS-MOTENV1.5.0.0
2026-03-13 13:53:12,837 [WARN] PackLoader:240 - Cannot read IP mode file for STMicroelectronics.X-CUBE-AZRTOS-H7RS.1.2.0
2026-03-13 13:53:12,850 [WARN] PackLoader:240 - Cannot read IP mode file for WES.I-CUBE-Cesium.1.3.0
2026-03-13 13:53:12,855 [WARN] PackLoader:240 - Cannot read IP mode file for STMicroelectronics.X-CUBE-BLE2.3.3.0
2026-03-13 13:53:12,884 [WARN] PackLoader:240 - Cannot read IP mode file for STMicroelectronics.X-CUBE-NFC9.1.0.0
2026-03-13 13:53:12,892 [WARN] PackLoader:240 - Cannot read IP mode file for STMicroelectronics.X-CUBE-BLE1.7.1.0
2026-03-13 13:53:12,897 [WARN] PackLoader:240 - Cannot read IP mode file for wolfSSL.I-CUBE-wolfMQTT.1.19.2
2026-03-13 13:53:12,899 [ERROR] Engine:466 - C:\Users\Manu_s_r\.stm32cubemx\thirdparties\pdsc\STMicroelectronics.X-CUBE-FREERTOS.1.4.0.pdsc: PDSC version is not supported
2026-03-13 13:53:12,907 [WARN] PackLoader:240 - Cannot read IP mode file for STMicroelectronics.X-CUBE-EEPRMA1.5.2.0
2026-03-13 13:53:12,911 [ERROR] Engine:466 - C:\Users\Manu_s_r\.stm32cubemx\thirdparties\pdsc\STMicroelectronics.X-CUBE-ST67W61.1.1.0.pdsc: PDSC version is not supported
2026-03-13 13:53:12,956 [WARN] PackLoader:240 - Cannot read IP mode file for STMicroelectronics.X-CUBE-MEMS1.12.0.0
2026-03-13 13:53:13,030 [WARN] PackLoader:240 - Cannot read IP mode file for STMicroelectronics.X-CUBE-AZRTOS-G0.1.1.0
2026-03-13 13:53:13,036 [WARN] PackLoader:240 - Cannot read IP mode file for STMicroelectronics.X-CUBE-SAFEA1.1.2.2
2026-03-13 13:53:13,046 [WARN] PackLoader:240 - Cannot read IP mode file for STMicroelectronics.X-CUBE-NFC4.3.0.0
2026-03-13 13:53:13,055 [WARN] PackLoader:240 - Cannot read IP mode file for EmbeddedOffice.I-CUBE-FS-RTOS.1.0.1
2026-03-13 13:53:13,063 [WARN] PackLoader:240 - Cannot read IP mode file for STMicroelectronics.X-CUBE-WB05N.2.0.0
2026-03-13 13:53:13,069 [WARN] PackLoader:240 - Cannot read IP mode file for wolfSSL.I-CUBE-wolfTPM.3.8.0
2026-03-13 13:53:13,076 [WARN] PackLoader:240 - Cannot read IP mode file for STMicroelectronics.X-CUBE-TCPP.4.2.0
2026-03-13 13:53:13,082 [WARN] PackLoader:240 - Cannot read IP mode file for RealThread.X-CUBE-RT-Thread_Nano.4.1.1
2026-03-13 13:53:13,088 [WARN] PackLoader:240 - Cannot read IP mode file for STMicroelectronics.FP-ATR-SIGFOX1.3.2.0
2026-03-13 13:53:13,095 [WARN] PackLoader:240 - Cannot read IP mode file for STMicroelectronics.X-CUBE-EEPRMA1.5.1.0
2026-03-13 13:53:13,100 [ERROR] Engine:466 - C:\Users\Manu_s_r\.stm32cubemx\thirdparties\pdsc\STMicroelectronics.X-CUBE-FREERTOS.1.5.0.pdsc: PDSC version is not supported
2026-03-13 13:53:13,104 [WARN] PackLoader:240 - Cannot read IP mode file for wolfSSL.I-CUBE-wolfSSL.5.7.6
2026-03-13 13:53:13,111 [WARN] PackLoader:240 - Cannot read IP mode file for ITTIA_DB.I-CUBE-ITTIADB.8.9.0
2026-03-13 13:53:13,117 [WARN] PackLoader:240 - Cannot read IP mode file for STMicroelectronics.X-CUBE-NFC6.3.2.0
2026-03-13 13:53:13,124 [WARN] PackLoader:240 - Cannot read IP mode file for STMicroelectronics.X-CUBE-AI.10.2.0
2026-03-13 13:53:13,158 [WARN] PackLoader:240 - Cannot read IP mode file for SEGGER.I-CUBE-embOS.1.3.1
2026-03-13 13:53:13,210 [WARN] PackLoader:240 - Cannot read IP mode file for STMicroelectronics.X-CUBE-ALGOBUILD.1.4.0
2026-03-13 13:53:13,217 [WARN] PackLoader:240 - Cannot read IP mode file for STMicroelectronics.X-CUBE-PM33A1.1.0.0
2026-03-13 13:53:13,246 [WARN] PackLoader:240 - Cannot read IP mode file for STMicroelectronics.X-CUBE-AZRTOS-F4.1.1.0
2026-03-13 13:53:13,256 [WARN] PackLoader:240 - Cannot read IP mode file for Avnet-IotConnect.X-CUBE-IoTC-DA16k-PMOD.1.0.0
2026-03-13 13:53:13,262 [WARN] PackLoader:240 - Cannot read IP mode file for STMicroelectronics.X-CUBE-ISPU.2.1.0
2026-03-13 13:53:13,269 [ERROR] Engine:466 - C:\Users\Manu_s_r\.stm32cubemx\thirdparties\pdsc\STMicroelectronics.X-CUBE-IPS.3.2.0.pdsc: PDSC version is not supported
2026-03-13 13:53:13,278 [WARN] PackLoader:240 - Cannot read IP mode file for STMicroelectronics.X-CUBE-NFC12.1.0.0
2026-03-13 13:53:13,297 [WARN] PackLoader:240 - Cannot read IP mode file for STMicroelectronics.X-CUBE-AZRTOS-L5.2.0.0
2026-03-13 13:53:13,304 [WARN] PackLoader:240 - Cannot read IP mode file for STMicroelectronics.X-CUBE-NFC6.3.1.0
2026-03-13 13:53:13,315 [WARN] PackLoader:240 - Cannot read IP mode file for STMicroelectronics.X-CUBE-FREERTOS.1.3.0
2026-03-13 13:53:13,323 [WARN] PackLoader:240 - Cannot read IP mode file for STMicroelectronics.X-CUBE-NFC7.1.0.1
2026-03-13 13:53:13,332 [WARN] PackLoader:240 - Cannot read IP mode file for STMicroelectronics.X-CUBE-TOUCHGFX.4.26.0
2026-03-13 13:53:13,335 [WARN] PackLoader:240 - Cannot read IP mode file for STMicroelectronics.X-CUBE-TOUCHGFX.4.26.1
2026-03-13 13:53:13,342 [WARN] PackLoader:240 - Cannot read IP mode file for STMicroelectronics.FP-SNS-STAIOTCFT.1.0.0
2026-03-13 13:53:13,349 [WARN] PackLoader:240 - Cannot read IP mode file for STMicroelectronics.X-CUBE-DPower.1.3.0
2026-03-13 13:53:13,365 [WARN] ConditionMgr:438 - getConditionDescription Invalid condition id : LAN8742 Phy interface Condition cause : null
2026-03-13 13:53:13,366 [WARN] PackLoader:240 - Cannot read IP mode file for STMicroelectronics.X-CUBE-AZRTOS-L4.2.0.0
2026-03-13 13:53:13,367 [WARN] ConditionMgr:1044 - genDependencies : Invalid condition id : LAN8742 Phy interface Condition cause : null
2026-03-13 13:53:13,367 [WARN] ConditionMgr:1044 - genDependencies : Invalid condition id : LAN8742 Phy interface Condition cause : null
2026-03-13 13:53:13,368 [WARN] ConditionMgr:1044 - genDependencies : Invalid condition id : LAN8742 Phy interface Condition cause : null
2026-03-13 13:53:13,376 [WARN] PackLoader:240 - Cannot read IP mode file for STMicroelectronics.X-CUBE-SFXS2LP1.4.0.0
2026-03-13 13:53:13,381 [ERROR] Engine:466 - C:\Users\Manu_s_r\.stm32cubemx\thirdparties\pdsc\STMicroelectronics.X-CUBE-ST67W61.1.2.0.pdsc: PDSC version is not supported
2026-03-13 13:53:13,395 [WARN] PackLoader:240 - Cannot read IP mode file for STMicroelectronics.X-CUBE-AZRTOS-H7.3.3.0
2026-03-13 13:53:13,408 [WARN] PackLoader:240 - Cannot read IP mode file for STMicroelectronics.X-CUBE-BLEMGR.4.1.0
2026-03-13 13:53:13,421 [WARN] ConditionMgr:438 - getConditionDescription Invalid condition id : UX DEVICE CLASS RTOS Condition cause : null
2026-03-13 13:53:13,422 [WARN] ConditionMgr:438 - getConditionDescription Invalid condition id : UX DEVICE CLASS RTOS Condition cause : null
2026-03-13 13:53:13,425 [WARN] PackLoader:240 - Cannot read IP mode file for STMicroelectronics.X-CUBE-AZRTOS-WB.2.0.0
2026-03-13 13:53:13,425 [WARN] ConditionMgr:1044 - genDependencies : Invalid condition id : UX DEVICE CLASS RTOS Condition cause : null
2026-03-13 13:53:13,425 [WARN] ConditionMgr:1044 - genDependencies : Invalid condition id : UX DEVICE CLASS RTOS Condition cause : null
2026-03-13 13:53:13,426 [WARN] ConditionMgr:1044 - genDependencies : Invalid condition id : UX DEVICE CLASS RTOS Condition cause : null
2026-03-13 13:53:13,426 [WARN] ConditionMgr:1044 - genDependencies : Invalid condition id : UX DEVICE CLASS RTOS Condition cause : null
2026-03-13 13:53:13,426 [WARN] ConditionMgr:1044 - genDependencies : Invalid condition id : UX DEVICE CLASS RTOS Condition cause : null
2026-03-13 13:53:13,431 [WARN] PackLoader:240 - Cannot read IP mode file for STMicroelectronics.X-CUBE-GNSS1.7.0.1
2026-03-13 13:53:13,437 [WARN] PackLoader:240 - Cannot read IP mode file for STMicroelectronics.X-CUBE-TOUCHGFX.4.25.0
2026-03-13 13:53:13,445 [WARN] PackLoader:240 - Cannot read IP mode file for STMicroelectronics.FP-SNS-STBOX1.2.0.0
2026-03-13 13:53:13,454 [WARN] PackLoader:240 - Cannot read IP mode file for STMicroelectronics.X-CUBE-STSE01.2.0.0
2026-03-13 13:53:13,465 [WARN] PackLoader:240 - Cannot read IP mode file for STMicroelectronics.X-CUBE-SUBG2.5.0.0
2026-03-13 13:53:13,485 [WARN] PackLoader:240 - Cannot read IP mode file for STMicroelectronics.X-CUBE-AZRTOS-H7RS.1.1.0
2026-03-13 13:53:13,493 [WARN] PackLoader:240 - Cannot read IP mode file for Cesanta.I-CUBE-Mongoose.7.13.0
2026-03-13 13:53:13,508 [WARN] PackLoader:240 - Cannot read IP mode file for STMicroelectronics.X-CUBE-AZRTOS-G4.2.0.0
2026-03-13 13:53:13,525 [WARN] PackLoader:240 - Cannot read IP mode file for wolfSSL.I-CUBE-wolfSSH.1.4.20
2026-03-13 13:53:13,529 [WARN] PackLoader:240 - Cannot read IP mode file for STMicroelectronics.X-CUBE-NFC7.2.0.0
2026-03-13 13:53:13,541 [WARN] PackLoader:240 - Cannot read IP mode file for STMicroelectronics.X-CUBE-IPS.3.1.0
2026-03-13 13:53:13,551 [WARN] PackLoader:240 - Cannot read IP mode file for STMicroelectronics.X-CUBE-ALS.1.0.2
2026-03-13 13:53:13,560 [WARN] PackLoader:240 - Cannot read IP mode file for STMicroelectronics.X-CUBE-STSE01.1.0.0
2026-03-13 13:53:13,567 [WARN] PackLoader:240 - Cannot read IP mode file for portGmbH.I-Cube-SoM-uGOAL.1.1.0
2026-03-13 13:53:13,579 [WARN] PackLoader:240 - Cannot read IP mode file for STMicroelectronics.X-CUBE-TOF1.3.4.2
2026-03-13 13:53:13,597 [WARN] PackLoader:240 - Cannot read IP mode file for STMicroelectronics.X-CUBE-TOF1.3.4.3
2026-03-13 13:53:13,608 [INFO] ThirdParty:978 - Integrity check success = true
2026-03-13 13:53:13,608 [INFO] IntegrityCheckThread:100 - exiting critical section [integrity check]
2026-03-13 13:53:13,608 [INFO] IntegrityCheckThread:103 - End integrity checks thread
2026-03-13 14:01:21,033 [INFO] WebApp:194 - Connection lost
2026-03-13 14:01:21,498 [INFO] WebApp:191 - Connection restablished
2026-03-13 14:03:53,365 [INFO] WebApp:194 - Connection lost
2026-03-13 14:03:53,558 [INFO] WebApp:191 - Connection restablished
2026-03-13 14:14:34,241 [INFO] WebApp:194 - Connection lost
2026-03-13 14:14:34,828 [INFO] WebApp:191 - Connection restablished
2026-03-13 14:15:09,843 [INFO] WebApp:194 - Connection lost
2026-03-13 14:15:10,091 [INFO] WebApp:191 - Connection restablished
2026-03-13 14:15:17,722 [ERROR] LogOutputStream:75 - [STDERR_REDIRECT] 
2026-03-13 14:15:17,753 [ERROR] LogOutputStream:75 - [STDERR_REDIRECT] 
