2026-01-01 00:19:20,832 [ERROR] LogOutputStream:75 - [STDERR_REDIRECT] 
2026-01-01 18:55:52,922 [INFO] Activator:176 - 


2026-01-01 18:55:52,926 [INFO] Activator:177 - !SESSION log4j initialized
2026-01-01 18:56:05,029 [INFO] LogOutputStream:77 - [STDOUT_REDIRECT] 
2026-01-01 18:56:16,678 [INFO] ApplicationProperties:184 - Using Application install path: C:\ST\STM32CubeIDE_1.18.0\STM32CubeIDE\plugins\com.st.stm32cube.common.mx_6.14.0.202502271554
2026-01-01 18:56:16,703 [INFO] DbMcusXml:78 - Set database path to: C:\ST\STM32CubeIDE_1.18.0\STM32CubeIDE\plugins\com.st.stm32cube.common.mx_6.14.0.202502271554\\db\/mcu/
2026-01-01 18:56:16,704 [INFO] ApiDb:274 - Set plugin database path to: C:\ST\STM32CubeIDE_1.18.0\STM32CubeIDE\plugins\com.st.stm32cube.common.mx_6.14.0.202502271554\\db\/plugins/boardmanager/
2026-01-01 18:56:16,704 [WARN] ApiDb:259 - Overriding images path with different value:  => C:\ST\STM32CubeIDE_1.18.0\STM32CubeIDE\plugins\com.st.stm32cube.common.mx_6.14.0.202502271554\\db\/plugins/mcufinder/images/
2026-01-01 18:56:16,716 [INFO] ApiDb:250 - Set database path to: C:\Users\Manu_s_r\.stmcufinder\plugins\mcufinder//mcu/
2026-01-01 18:56:16,718 [INFO] DbMcusAds:125 - Set database path to: C:\Users\Manu_s_r\.stmcufinder\plugins\mcufinder//mcu/
2026-01-01 18:56:16,770 [INFO] CrossReferenceDbSqlite:203 - Set database path to: C:\Users\Manu_s_r\.stmcufinder\plugins\mcufinder//mcu/cs/
2026-01-01 18:56:16,940 [INFO] RulesReader:64 - Compatibility file has been processed (301 Rules)
2026-01-01 18:56:17,056 [INFO] DbMcusXml:78 - Set database path to: C:\ST\STM32CubeIDE_1.18.0\STM32CubeIDE\plugins\com.st.stm32cube.common.mx_6.14.0.202502271554\\db\/mcu/
2026-01-01 18:56:17,056 [INFO] ApiDb:274 - Set plugin database path to: C:\ST\STM32CubeIDE_1.18.0\STM32CubeIDE\plugins\com.st.stm32cube.common.mx_6.14.0.202502271554\\db\/plugins/boardmanager/
2026-01-01 18:56:17,057 [INFO] ApiDb:261 - Set plugin images path to: C:\ST\STM32CubeIDE_1.18.0\STM32CubeIDE\plugins\com.st.stm32cube.common.mx_6.14.0.202502271554\\db\/plugins/mcufinder/images/
2026-01-01 18:56:17,057 [WARN] DbFile:41 - Overriding database path with different value: C:\Users\Manu_s_r\.stmcufinder\plugins\mcufinder/ => C:\Users\Manu_s_r\.stmcufinder\plugins\mcufinder
2026-01-01 18:56:17,057 [INFO] ApiDb:250 - Set database path to: C:\Users\Manu_s_r\.stmcufinder\plugins\mcufinder//mcu/
2026-01-01 18:56:17,057 [WARN] DbFile:41 - Overriding database path with different value: C:\Users\Manu_s_r\.stmcufinder\plugins\mcufinder/ => C:\Users\Manu_s_r\.stmcufinder\plugins\mcufinder
2026-01-01 18:56:17,057 [INFO] DbMcusAds:125 - Set database path to: C:\Users\Manu_s_r\.stmcufinder\plugins\mcufinder//mcu/
2026-01-01 18:56:17,057 [WARN] DbFile:41 - Overriding database path with different value: C:\Users\Manu_s_r\.stmcufinder\plugins\mcufinder/ => C:\Users\Manu_s_r\.stmcufinder\plugins\mcufinder
2026-01-01 18:56:17,057 [WARN] DbFile:41 - Overriding database path with different value: C:\Users\Manu_s_r\.stmcufinder\plugins\mcufinder/ => C:\Users\Manu_s_r\.stmcufinder\plugins\mcufinder
2026-01-01 18:56:17,057 [INFO] CrossReferenceDbSqlite:203 - Set database path to: C:\Users\Manu_s_r\.stmcufinder\plugins\mcufinder//mcu/cs/
2026-01-01 18:56:17,164 [INFO] MainPanel:272 - HeapMemory: 268435456
2026-01-01 18:56:17,312 [INFO] DbMcusXml:78 - Set database path to: C:\ST\STM32CubeIDE_1.18.0\STM32CubeIDE\plugins\com.st.stm32cube.common.mx_6.14.0.202502271554\\db\/mcu/
2026-01-01 18:56:17,312 [INFO] ApiDb:274 - Set plugin database path to: C:\ST\STM32CubeIDE_1.18.0\STM32CubeIDE\plugins\com.st.stm32cube.common.mx_6.14.0.202502271554\\db\/plugins/boardmanager/
2026-01-01 18:56:17,312 [INFO] ApiDb:261 - Set plugin images path to: C:\ST\STM32CubeIDE_1.18.0\STM32CubeIDE\plugins\com.st.stm32cube.common.mx_6.14.0.202502271554\\db\/plugins/mcufinder/images/
2026-01-01 18:56:17,313 [WARN] DbFile:41 - Overriding database path with different value: C:\Users\Manu_s_r\.stmcufinder\plugins\mcufinder/ => C:\Users\Manu_s_r\.stmcufinder\plugins\mcufinder
2026-01-01 18:56:17,313 [INFO] ApiDb:250 - Set database path to: C:\Users\Manu_s_r\.stmcufinder\plugins\mcufinder//mcu/
2026-01-01 18:56:17,313 [WARN] DbFile:41 - Overriding database path with different value: C:\Users\Manu_s_r\.stmcufinder\plugins\mcufinder/ => C:\Users\Manu_s_r\.stmcufinder\plugins\mcufinder
2026-01-01 18:56:17,313 [INFO] DbMcusAds:125 - Set database path to: C:\Users\Manu_s_r\.stmcufinder\plugins\mcufinder//mcu/
2026-01-01 18:56:17,313 [WARN] DbFile:41 - Overriding database path with different value: C:\Users\Manu_s_r\.stmcufinder\plugins\mcufinder/ => C:\Users\Manu_s_r\.stmcufinder\plugins\mcufinder
2026-01-01 18:56:17,313 [WARN] DbFile:41 - Overriding database path with different value: C:\Users\Manu_s_r\.stmcufinder\plugins\mcufinder/ => C:\Users\Manu_s_r\.stmcufinder\plugins\mcufinder
2026-01-01 18:56:17,313 [INFO] CrossReferenceDbSqlite:203 - Set database path to: C:\Users\Manu_s_r\.stmcufinder\plugins\mcufinder//mcu/cs/
2026-01-01 18:56:17,337 [INFO] ApplicationProperties:184 - Using Application install path: C:\ST\STM32CubeIDE_1.18.0\STM32CubeIDE\plugins\com.st.stm32cube.common.mx_6.14.0.202502271554
2026-01-01 18:56:17,339 [INFO] PluginManage:196 - Search for loadable plugins [exclusion list=, ]
2026-01-01 18:56:17,341 [INFO] PluginManage:310 - Check plugin analytics
2026-01-01 18:56:22,560 [INFO] AnalyticsPlugin:253 - Accepted Software Licenses: 
2026-01-01 18:56:22,560 [INFO] AnalyticsPlugin:255 - Accepted CMSIS Pack Licenses: 
2026-01-01 18:56:22,561 [INFO] AnalyticsPlugin:257 - Accepted Firmware Licenses: FW.L4.1.18.0
2026-01-01 18:56:22,564 [INFO] PluginManage:359 - Loaded plugin analytics (category:tool,tabindex:-1)
2026-01-01 18:56:22,565 [INFO] PluginManage:310 - Check plugin cadmodel
2026-01-01 18:56:22,591 [INFO] CADModel:105 - Init CAD model plugin
2026-01-01 18:56:22,591 [INFO] PluginManage:359 - Loaded plugin cadmodel (category:power,tabindex:5)
2026-01-01 18:56:22,591 [INFO] PluginManage:310 - Check plugin clock
2026-01-01 18:56:22,621 [INFO] PluginManage:359 - Loaded plugin clock (category:base,tabindex:2)
2026-01-01 18:56:22,621 [INFO] PluginManage:310 - Check plugin ddr
2026-01-01 18:56:22,624 [INFO] PluginManage:359 - Loaded plugin ddr (category:tool,tabindex:6)
2026-01-01 18:56:22,624 [INFO] PluginManage:310 - Check plugin filemanager
2026-01-01 18:56:22,807 [INFO] PluginManage:359 - Loaded plugin filemanager (category:base,tabindex:10)
2026-01-01 18:56:22,807 [INFO] PluginManage:310 - Check plugin ipmanager
2026-01-01 18:56:22,817 [INFO] PluginManage:359 - Loaded plugin ipmanager (category:base,tabindex:5)
2026-01-01 18:56:22,817 [INFO] PluginManage:310 - Check plugin lpbam
2026-01-01 18:56:22,844 [INFO] PluginManage:359 - Loaded plugin lpbam (category:base,tabindex:0)
2026-01-01 18:56:22,844 [INFO] PluginManage:310 - Check plugin memorymap
2026-01-01 18:56:22,879 [INFO] PluginManage:359 - Loaded plugin memorymap (category:base,tabindex:4)
2026-01-01 18:56:22,880 [INFO] PluginManage:310 - Check plugin pinoutandconfiguration
2026-01-01 18:56:22,908 [INFO] PluginManage:359 - Loaded plugin pinoutandconfiguration (category:base,tabindex:1)
2026-01-01 18:56:22,908 [INFO] PluginManage:310 - Check plugin pinoutconfig
2026-01-01 18:56:23,050 [WARN] SupportedApi:132 - Cannot load RTOS API schema: s4s-elt-must-match.1: The content of 'definitions' must match (annotation?, (simpleType | complexType)?, (unique | key | keyref)*)). A problem was found starting at: attribute.
2026-01-01 18:56:23,226 [INFO] PluginManage:359 - Loaded plugin pinoutconfig (category:base,tabindex:0)
2026-01-01 18:56:23,227 [INFO] PluginManage:310 - Check plugin power
2026-01-01 18:56:23,260 [INFO] PluginManage:359 - Loaded plugin power (category:power,tabindex:4)
2026-01-01 18:56:23,260 [INFO] PluginManage:310 - Check plugin projectmanager
2026-01-01 18:56:23,281 [INFO] PluginManage:359 - Loaded plugin projectmanager (category:projectmanager,tabindex:4)
2026-01-01 18:56:23,281 [INFO] PluginManage:310 - Check plugin rif
2026-01-01 18:56:23,308 [INFO] PluginManage:359 - Loaded plugin rif (category:base,tabindex:3)
2026-01-01 18:56:23,308 [INFO] PluginManage:310 - Check plugin thirdparty
2026-01-01 18:56:23,776 [INFO] PluginManage:359 - Loaded plugin thirdparty (category:base,tabindex:-1)
2026-01-01 18:56:23,776 [WARN] IntegrityCheckThread:84 - waiting for thirdparty lock release [integrity check]
2026-01-01 18:56:23,777 [INFO] PluginManage:310 - Check plugin tools
2026-01-01 18:56:23,777 [INFO] IntegrityCheckThread:86 - entering critical section [integrity check]
2026-01-01 18:56:23,777 [INFO] ThirdPartyUpdaterWithRetryManager:70 - Updater plugin not ready yet. [1/15]
2026-01-01 18:56:23,846 [INFO] PluginManage:359 - Loaded plugin tools (category:base,tabindex:7)
2026-01-01 18:56:23,846 [INFO] PluginManage:310 - Check plugin tutovideos
2026-01-01 18:56:24,101 [INFO] PluginManage:359 - Loaded plugin tutovideos (category:base,tabindex:-1)
2026-01-01 18:56:24,101 [INFO] PluginManage:310 - Check plugin updater
2026-01-01 18:56:24,131 [INFO] PluginManage:359 - Loaded plugin updater (category:base,tabindex:12)
2026-01-01 18:56:24,131 [INFO] PluginManage:310 - Check plugin userauth
2026-01-01 18:56:24,137 [INFO] UserAuth:118 - Init User Auth plugin
2026-01-01 18:56:24,138 [INFO] PluginManage:359 - Loaded plugin userauth (category:base,tabindex:14)
2026-01-01 18:56:24,139 [INFO] PluginManage:283 - PluginManage : Loaded plugins [18]
2026-01-01 18:56:24,430 [INFO] PinOutPanel:1589 - setPackage(No Configuration,No Configuration)
2026-01-01 18:56:24,547 [INFO] CADModel:165 - CPN selected for project level
2026-01-01 18:56:24,547 [INFO] CADModel:114 - Register for checkConnection events
2026-01-01 18:56:24,596 [INFO] IPUIPlugin:80 - create IPUIPlugin
2026-01-01 18:56:24,596 [INFO] PluginManager:220 - loadIPPluginJar : add adc
2026-01-01 18:56:24,675 [INFO] IPUIPlugin:80 - create IPUIPlugin
2026-01-01 18:56:24,675 [INFO] PluginManager:220 - loadIPPluginJar : add aes
2026-01-01 18:56:24,759 [INFO] IPUIPlugin:80 - create IPUIPlugin
2026-01-01 18:56:24,759 [INFO] PluginManager:220 - loadIPPluginJar : add can
2026-01-01 18:56:24,807 [INFO] IPUIPlugin:80 - create IPUIPlugin
2026-01-01 18:56:24,807 [INFO] PluginManager:220 - loadIPPluginJar : add comp
2026-01-01 18:56:24,872 [INFO] IPUIPlugin:80 - create IPUIPlugin
2026-01-01 18:56:24,872 [INFO] PluginManager:220 - loadIPPluginJar : add cryp
2026-01-01 18:56:24,893 [INFO] IPUIPlugin:80 - create IPUIPlugin
2026-01-01 18:56:24,893 [INFO] PluginManager:220 - loadIPPluginJar : add ddr_ctrl_phy
2026-01-01 18:56:24,949 [INFO] IPUIPlugin:80 - create IPUIPlugin
2026-01-01 18:56:24,949 [INFO] PluginManager:220 - loadIPPluginJar : add dfsdm
2026-01-01 18:56:24,971 [INFO] IPUIPlugin:80 - create IPUIPlugin
2026-01-01 18:56:24,972 [INFO] PluginManager:220 - loadIPPluginJar : add dma
2026-01-01 18:56:25,043 [INFO] IPUIPlugin:80 - create IPUIPlugin
2026-01-01 18:56:25,043 [INFO] PluginManager:220 - loadIPPluginJar : add dma3
2026-01-01 18:56:25,125 [INFO] IPUIPlugin:80 - create IPUIPlugin
2026-01-01 18:56:25,126 [INFO] PluginManager:220 - loadIPPluginJar : add extmemmanager
2026-01-01 18:56:25,167 [INFO] IPUIPlugin:80 - create IPUIPlugin
2026-01-01 18:56:25,167 [INFO] PluginManager:220 - loadIPPluginJar : add fatfs
2026-01-01 18:56:25,252 [INFO] IPUIPlugin:80 - create IPUIPlugin
2026-01-01 18:56:25,252 [INFO] PluginManager:220 - loadIPPluginJar : add fmc
2026-01-01 18:56:25,278 [INFO] IPUIPlugin:80 - create IPUIPlugin
2026-01-01 18:56:25,279 [INFO] PluginManager:220 - loadIPPluginJar : add freertos
2026-01-01 18:56:25,320 [INFO] IPUIPlugin:80 - create IPUIPlugin
2026-01-01 18:56:25,320 [INFO] PluginManager:220 - loadIPPluginJar : add genericplugin
2026-01-01 18:56:25,497 [INFO] IPUIPlugin:80 - create IPUIPlugin
2026-01-01 18:56:25,498 [INFO] PluginManager:220 - loadIPPluginJar : add gfxmmu
2026-01-01 18:56:25,741 [INFO] IPUIPlugin:80 - create IPUIPlugin
2026-01-01 18:56:25,741 [INFO] PluginManager:220 - loadIPPluginJar : add gic
2026-01-01 18:56:25,764 [INFO] IPUIPlugin:80 - create IPUIPlugin
2026-01-01 18:56:25,764 [INFO] PluginManager:220 - loadIPPluginJar : add gpio
2026-01-01 18:56:25,924 [INFO] IPUIPlugin:80 - create IPUIPlugin
2026-01-01 18:56:25,924 [INFO] PluginManager:220 - loadIPPluginJar : add gtzc
2026-01-01 18:56:25,986 [INFO] IPUIPlugin:80 - create IPUIPlugin
2026-01-01 18:56:25,986 [INFO] PluginManager:220 - loadIPPluginJar : add hash
2026-01-01 18:56:26,084 [INFO] IPUIPlugin:80 - create IPUIPlugin
2026-01-01 18:56:26,084 [INFO] PluginManager:220 - loadIPPluginJar : add i2c
2026-01-01 18:56:26,158 [INFO] IPUIPlugin:80 - create IPUIPlugin
2026-01-01 18:56:26,158 [INFO] PluginManager:220 - loadIPPluginJar : add i2s
2026-01-01 18:56:26,233 [INFO] IPUIPlugin:80 - create IPUIPlugin
2026-01-01 18:56:26,233 [INFO] PluginManager:220 - loadIPPluginJar : add i3c
2026-01-01 18:56:26,407 [INFO] IPUIPlugin:80 - create IPUIPlugin
2026-01-01 18:56:26,407 [INFO] PluginManager:220 - loadIPPluginJar : add ipddr
2026-01-01 18:56:26,575 [INFO] IPUIPlugin:80 - create IPUIPlugin
2026-01-01 18:56:26,576 [INFO] PluginManager:220 - loadIPPluginJar : add linkedlist
2026-01-01 18:56:26,647 [INFO] IPUIPlugin:80 - create IPUIPlugin
2026-01-01 18:56:26,647 [INFO] PluginManager:220 - loadIPPluginJar : add lorawan
2026-01-01 18:56:26,717 [INFO] IPUIPlugin:80 - create IPUIPlugin
2026-01-01 18:56:26,718 [INFO] PluginManager:220 - loadIPPluginJar : add ltdc
2026-01-01 18:56:26,740 [INFO] IPUIPlugin:80 - create IPUIPlugin
2026-01-01 18:56:26,740 [INFO] PluginManager:220 - loadIPPluginJar : add mdma
2026-01-01 18:56:26,761 [INFO] IPUIPlugin:80 - create IPUIPlugin
2026-01-01 18:56:26,761 [INFO] PluginManager:220 - loadIPPluginJar : add nvic
2026-01-01 18:56:26,779 [INFO] ThirdPartyUpdaterWithRetryManager:70 - Updater plugin not ready yet. [2/15]
2026-01-01 18:56:26,831 [INFO] IPUIPlugin:80 - create IPUIPlugin
2026-01-01 18:56:26,831 [INFO] PluginManager:220 - loadIPPluginJar : add opamp
2026-01-01 18:56:26,946 [INFO] IPUIPlugin:80 - create IPUIPlugin
2026-01-01 18:56:26,947 [INFO] PluginManager:220 - loadIPPluginJar : add openamp
2026-01-01 18:56:27,029 [INFO] IPUIPlugin:80 - create IPUIPlugin
2026-01-01 18:56:27,029 [INFO] PluginManager:220 - loadIPPluginJar : add pdm2pcm
2026-01-01 18:56:27,053 [INFO] IPUIPlugin:80 - create IPUIPlugin
2026-01-01 18:56:27,056 [INFO] PluginManager:220 - loadIPPluginJar : add plateformsettings
2026-01-01 18:56:27,098 [INFO] IPUIPlugin:80 - create IPUIPlugin
2026-01-01 18:56:27,099 [INFO] PluginManager:220 - loadIPPluginJar : add quadspi
2026-01-01 18:56:27,150 [INFO] IPUIPlugin:80 - create IPUIPlugin
2026-01-01 18:56:27,150 [INFO] PluginManager:220 - loadIPPluginJar : add radio
2026-01-01 18:56:27,174 [INFO] IPUIPlugin:80 - create IPUIPlugin
2026-01-01 18:56:27,175 [INFO] PluginManager:220 - loadIPPluginJar : add resmgrutility
2026-01-01 18:56:27,262 [INFO] IPUIPlugin:80 - create IPUIPlugin
2026-01-01 18:56:27,262 [INFO] PluginManager:220 - loadIPPluginJar : add sai
2026-01-01 18:56:27,332 [INFO] IPUIPlugin:80 - create IPUIPlugin
2026-01-01 18:56:27,332 [INFO] PluginManager:220 - loadIPPluginJar : add spi
2026-01-01 18:56:27,461 [INFO] IPUIPlugin:80 - create IPUIPlugin
2026-01-01 18:56:27,461 [INFO] PluginManager:220 - loadIPPluginJar : add stm32_wpan
2026-01-01 18:56:27,505 [INFO] IPUIPlugin:80 - create IPUIPlugin
2026-01-01 18:56:27,505 [INFO] PluginManager:220 - loadIPPluginJar : add tim
2026-01-01 18:56:27,611 [INFO] IPUIPlugin:80 - create IPUIPlugin
2026-01-01 18:56:27,612 [INFO] PluginManager:220 - loadIPPluginJar : add touchsensing
2026-01-01 18:56:27,656 [INFO] IPUIPlugin:80 - create IPUIPlugin
2026-01-01 18:56:27,656 [INFO] PluginManager:220 - loadIPPluginJar : add tracer_emb
2026-01-01 18:56:27,700 [INFO] IPUIPlugin:80 - create IPUIPlugin
2026-01-01 18:56:27,700 [INFO] PluginManager:220 - loadIPPluginJar : add ts
2026-01-01 18:56:27,742 [INFO] IPUIPlugin:80 - create IPUIPlugin
2026-01-01 18:56:27,742 [INFO] PluginManager:220 - loadIPPluginJar : add tsc
2026-01-01 18:56:27,784 [INFO] IPUIPlugin:80 - create IPUIPlugin
2026-01-01 18:56:27,784 [INFO] PluginManager:220 - loadIPPluginJar : add ucpd
2026-01-01 18:56:27,863 [INFO] IPUIPlugin:80 - create IPUIPlugin
2026-01-01 18:56:27,863 [INFO] PluginManager:220 - loadIPPluginJar : add usart
2026-01-01 18:56:27,945 [INFO] IPUIPlugin:80 - create IPUIPlugin
2026-01-01 18:56:27,945 [INFO] PluginManager:220 - loadIPPluginJar : add usbx
2026-01-01 18:56:28,092 [FATAL] Updater:351 - Updater called before beeing initialized
2026-01-01 18:56:28,124 [INFO] RulesReader:64 - Compatibility file has been processed (301 Rules)
2026-01-01 18:56:28,139 [INFO] RulesReader:64 - Compatibility file has been processed (301 Rules)
2026-01-01 18:56:28,148 [INFO] CADModel:165 - CPN selected for project level
2026-01-01 18:56:28,148 [INFO] CADModel:114 - Register for checkConnection events
2026-01-01 18:56:28,148 [FATAL] Updater:351 - Updater called before beeing initialized
2026-01-01 18:56:28,148 [ERROR] CADModel:125 - Updater not yet initialized, retry later 
2026-01-01 18:56:28,368 [FATAL] Updater:351 - Updater called before beeing initialized
2026-01-01 18:56:28,371 [INFO] CADModel:165 - CPN selected for project level
2026-01-01 18:56:28,371 [INFO] CADModel:114 - Register for checkConnection events
2026-01-01 18:56:28,371 [FATAL] Updater:351 - Updater called before beeing initialized
2026-01-01 18:56:28,371 [ERROR] CADModel:125 - Updater not yet initialized, retry later 
2026-01-01 18:56:28,375 [FATAL] Updater:351 - Updater called before beeing initialized
2026-01-01 18:56:28,540 [FATAL] Updater:351 - Updater called before beeing initialized
2026-01-01 18:56:28,559 [INFO] DbMcusAds:53 - JSON generation date=Tue Dec 16 04:41:46 IST 2025 (1765840306612)
2026-01-01 18:56:28,559 [FATAL] Updater:351 - Updater called before beeing initialized
2026-01-01 18:56:28,611 [WARN] DetailPanel:346 - Failed to get advertising image, set to default
2026-01-01 18:56:28,924 [FATAL] Updater:351 - Updater called before beeing initialized
2026-01-01 18:56:28,927 [FATAL] Updater:351 - Updater called before beeing initialized
2026-01-01 18:56:28,927 [FATAL] Updater:351 - Updater called before beeing initialized
2026-01-01 18:56:28,927 [WARN] DetailPanel:346 - Failed to get advertising image, set to default
2026-01-01 18:56:28,928 [FATAL] Updater:351 - Updater called before beeing initialized
2026-01-01 18:56:29,013 [ERROR] Updater:1198 - MainUpdater not yet initialized. External WinMGr cannot be set.
2026-01-01 18:56:29,030 [INFO] Updater:1134 - Updater Version found : 6.14.0
2026-01-01 18:56:29,056 [INFO] ApplicationProperties:184 - Using Application install path: C:\ST\STM32CubeIDE_1.18.0\STM32CubeIDE\plugins\com.st.stm32cube.common.mx_6.14.0.202502271554
2026-01-01 18:56:29,780 [INFO] ThirdPartyUpdaterWithRetryManager:70 - Updater plugin not ready yet. [3/15]
2026-01-01 18:56:30,649 [ERROR] LogOutputStream:75 - [STDERR_REDIRECT] Jan 01, 2026 6:56:30 PM java.util.prefs.WindowsPreferences <init>
2026-01-01 18:56:30,651 [ERROR] LogOutputStream:75 - [STDERR_REDIRECT] WARNING: Could not open/create prefs root node Software\JavaSoft\Prefs at root 0xffffffff80000002. Windows RegCreateKeyEx(...) returned error code 5.
2026-01-01 18:56:30,651 [ERROR] LogOutputStream:75 - [STDERR_REDIRECT] 
2026-01-01 18:56:31,147 [INFO] MainUpdater:2872 - connection check result : 10
2026-01-01 18:56:31,148 [INFO] MainUpdater:289 - Updater Check For Update Now.
2026-01-01 18:56:31,148 [INFO] MicroXplorer:498 - Change Database Version : DB.6.0.140
2026-01-01 18:56:31,175 [INFO] McuFinderGlobals:63 - Set McuFinder mode to 2 (CubeIDE integrated)
2026-01-01 18:56:31,189 [INFO] UserAuth:486 - Internet connection configuration mode: 1
2026-01-01 18:56:31,239 [INFO] JxBrowserEngine:152 - Initiate JxBrowser Engine with user profile folder
2026-01-01 18:56:31,426 [INFO] CheckServerUpdateThread:120 - End of CheckServer Thread
2026-01-01 18:56:33,272 [WARN] PackLoader:240 - Cannot read IP mode file for STMicroelectronics.FP-SNS-MOTENVWB1.1.4.0
2026-01-01 18:56:33,300 [WARN] PackLoader:240 - Cannot read IP mode file for STMicroelectronics.FP-ATR-ASTRA1.2.0.2
2026-01-01 18:56:33,335 [WARN] PackLoader:240 - Cannot read IP mode file for STMicroelectronics.X-CUBE-SMBUS.2.1.0
2026-01-01 18:56:33,358 [INFO] WebApp:169 - Instantiating new browser for Auth
2026-01-01 18:56:33,369 [WARN] PackLoader:240 - Cannot read IP mode file for STMicroelectronics.X-CUBE-WB05N.1.1.0
2026-01-01 18:56:33,470 [WARN] PackLoader:240 - Cannot read IP mode file for STMicroelectronics.X-CUBE-AZRTOS-F7.1.1.0
2026-01-01 18:56:33,506 [ERROR] Engine:466 - C:\Users\Manu_s_r\.stm32cubemx\thirdparties\pdsc\STMicroelectronics.FP-SNS-MOTENV1.5.1.0.pdsc: PDSC version is not supported
2026-01-01 18:56:33,571 [WARN] PackLoader:240 - Cannot read IP mode file for Infineon.AIROC-Wi-Fi-Bluetooth-STM32.1.7.0
2026-01-01 18:56:33,646 [WARN] PackLoader:240 - Cannot read IP mode file for STMicroelectronics.X-CUBE-AZRTOS-H7.3.4.0
2026-01-01 18:56:33,688 [WARN] PackLoader:240 - Cannot read IP mode file for STMicroelectronics.X-CUBE-DISPLAY.3.0.0
2026-01-01 18:56:33,727 [WARN] PackLoader:240 - Cannot read IP mode file for STMicroelectronics.X-CUBE-NFC10.1.0.0
2026-01-01 18:56:33,768 [WARN] PackLoader:240 - Cannot read IP mode file for STMicroelectronics.X-CUBE-BLEMGR.4.0.0
2026-01-01 18:56:33,801 [WARN] PackLoader:240 - Cannot read IP mode file for STMicroelectronics.X-CUBE-ST60.1.1.0
2026-01-01 18:56:33,836 [WARN] PackLoader:240 - Cannot read IP mode file for emotas.I-CUBE-CANOPEN.1.3.0
2026-01-01 18:56:33,867 [WARN] PackLoader:240 - Cannot read IP mode file for STMicroelectronics.X-CUBE-GNSS1.7.1.0
2026-01-01 18:56:33,896 [WARN] ConditionMgr:438 - getConditionDescription Invalid condition id : Cortex-A Device cause : null
2026-01-01 18:56:33,939 [WARN] ConditionMgr:1044 - genDependencies : Invalid condition id : Cortex-A Device cause : null
2026-01-01 18:56:33,940 [WARN] ConditionMgr:1044 - genDependencies : Invalid condition id : Cortex-A Device cause : null
2026-01-01 18:56:33,940 [WARN] ConditionMgr:1044 - genDependencies : Invalid condition id : Cortex-A Device cause : null
2026-01-01 18:56:33,972 [WARN] PackLoader:240 - Cannot read IP mode file for STMicroelectronics.X-CUBE-AI.10.0.0
2026-01-01 18:56:34,002 [ERROR] Engine:466 - C:\Users\Manu_s_r\.stm32cubemx\thirdparties\pdsc\STMicroelectronics.FP-SNS-STBOX1.2.1.0.pdsc: PDSC version is not supported
2026-01-01 18:56:34,032 [WARN] PackLoader:240 - Cannot read IP mode file for STMicroelectronics.FP-SNS-SMARTAG2.1.2.0
2026-01-01 18:56:34,079 [WARN] PackLoader:240 - Cannot read IP mode file for STMicroelectronics.FP-SNS-FLIGHT1.5.1.0
2026-01-01 18:56:34,195 [WARN] PackLoader:240 - Cannot read IP mode file for STMicroelectronics.X-CUBE-MEMS1.11.1.0
2026-01-01 18:56:34,433 [INFO] LogOutputStream:77 - [STDOUT_REDIRECT] 1 : Invalid condition id : UX_CORESTACK_Condition cause : null
2026-01-01 18:56:34,435 [INFO] LogOutputStream:77 - [STDOUT_REDIRECT] 1 : Invalid condition id : UX_CORESTACK_Condition cause : null
2026-01-01 18:56:34,437 [INFO] LogOutputStream:77 - [STDOUT_REDIRECT] 1 : Invalid condition id : UX_CORESTACK_Condition cause : null
2026-01-01 18:56:34,439 [INFO] LogOutputStream:77 - [STDOUT_REDIRECT] 1 : Invalid condition id : UX_CORESTACK_Condition cause : null
2026-01-01 18:56:34,440 [INFO] LogOutputStream:77 - [STDOUT_REDIRECT] 1 : Invalid condition id : UX_CORESTACK_Condition cause : null
2026-01-01 18:56:34,445 [WARN] PackLoader:240 - Cannot read IP mode file for STMicroelectronics.X-CUBE-AZRTOS-WL.2.0.0
2026-01-01 18:56:34,506 [WARN] PackLoader:240 - Cannot read IP mode file for STMicroelectronics.FP-SNS-MOTENV1.5.0.0
2026-01-01 18:56:34,577 [WARN] PackLoader:240 - Cannot read IP mode file for STMicroelectronics.X-CUBE-AZRTOS-H7RS.1.2.0
2026-01-01 18:56:34,680 [WARN] PackLoader:240 - Cannot read IP mode file for WES.I-CUBE-Cesium.1.3.0
2026-01-01 18:56:34,723 [WARN] PackLoader:240 - Cannot read IP mode file for STMicroelectronics.X-CUBE-BLE2.3.3.0
2026-01-01 18:56:34,830 [WARN] PackLoader:240 - Cannot read IP mode file for STMicroelectronics.X-CUBE-NFC9.1.0.0
2026-01-01 18:56:34,859 [WARN] PackLoader:240 - Cannot read IP mode file for STMicroelectronics.X-CUBE-BLE1.7.1.0
2026-01-01 18:56:34,891 [WARN] PackLoader:240 - Cannot read IP mode file for wolfSSL.I-CUBE-wolfMQTT.1.19.2
2026-01-01 18:56:34,899 [INFO] WebApp:463 - Apply proxy settings
2026-01-01 18:56:34,900 [INFO] WebApp:548 - Chromium requires no authentication
2026-01-01 18:56:34,914 [INFO] WebApp:491 - Direct internet connection detected
2026-01-01 18:56:34,915 [ERROR] Engine:466 - C:\Users\Manu_s_r\.stm32cubemx\thirdparties\pdsc\STMicroelectronics.X-CUBE-FREERTOS.1.4.0.pdsc: PDSC version is not supported
2026-01-01 18:56:34,949 [WARN] PackLoader:240 - Cannot read IP mode file for STMicroelectronics.X-CUBE-EEPRMA1.5.2.0
2026-01-01 18:56:34,960 [INFO] WebApp:894 - Register for checkConnection events
2026-01-01 18:56:34,960 [INFO] WebApp:463 - Apply proxy settings
2026-01-01 18:56:34,960 [INFO] WebApp:548 - Chromium requires no authentication
2026-01-01 18:56:34,961 [INFO] WebApp:491 - Direct internet connection detected
2026-01-01 18:56:34,981 [ERROR] Engine:466 - C:\Users\Manu_s_r\.stm32cubemx\thirdparties\pdsc\STMicroelectronics.X-CUBE-ST67W61.1.1.0.pdsc: PDSC version is not supported
2026-01-01 18:56:35,065 [WARN] PackLoader:240 - Cannot read IP mode file for STMicroelectronics.X-CUBE-MEMS1.12.0.0
2026-01-01 18:56:35,215 [WARN] PackLoader:240 - Cannot read IP mode file for STMicroelectronics.X-CUBE-AZRTOS-G0.1.1.0
2026-01-01 18:56:35,237 [INFO] WebApp:191 - Connection restablished
2026-01-01 18:56:35,255 [WARN] PackLoader:240 - Cannot read IP mode file for STMicroelectronics.X-CUBE-SAFEA1.1.2.2
2026-01-01 18:56:35,291 [WARN] PackLoader:240 - Cannot read IP mode file for STMicroelectronics.X-CUBE-NFC4.3.0.0
2026-01-01 18:56:35,330 [WARN] PackLoader:240 - Cannot read IP mode file for EmbeddedOffice.I-CUBE-FS-RTOS.1.0.1
2026-01-01 18:56:35,359 [WARN] PackLoader:240 - Cannot read IP mode file for STMicroelectronics.X-CUBE-WB05N.2.0.0
2026-01-01 18:56:35,377 [INFO] WebApp:225 - Starting web application
2026-01-01 18:56:35,377 [INFO] WebApp:593 - Web application path used C:\ST\STM32CubeIDE_1.18.0\STM32CubeIDE\plugins\com.st.stm32cube.common.mx_6.14.0.202502271554\db\plugins\mcufinder\reactClient1\index.html
2026-01-01 18:56:35,395 [WARN] PackLoader:240 - Cannot read IP mode file for wolfSSL.I-CUBE-wolfTPM.3.8.0
2026-01-01 18:56:35,435 [WARN] PackLoader:240 - Cannot read IP mode file for STMicroelectronics.X-CUBE-TCPP.4.2.0
2026-01-01 18:56:35,472 [WARN] PackLoader:240 - Cannot read IP mode file for RealThread.X-CUBE-RT-Thread_Nano.4.1.1
2026-01-01 18:56:35,505 [WARN] PackLoader:240 - Cannot read IP mode file for STMicroelectronics.FP-ATR-SIGFOX1.3.2.0
2026-01-01 18:56:35,538 [WARN] PackLoader:240 - Cannot read IP mode file for STMicroelectronics.X-CUBE-EEPRMA1.5.1.0
2026-01-01 18:56:35,571 [WARN] PackLoader:240 - Cannot read IP mode file for wolfSSL.I-CUBE-wolfSSL.5.7.6
2026-01-01 18:56:35,609 [WARN] PackLoader:240 - Cannot read IP mode file for ITTIA_DB.I-CUBE-ITTIADB.8.9.0
2026-01-01 18:56:35,642 [WARN] PackLoader:240 - Cannot read IP mode file for STMicroelectronics.X-CUBE-AI.10.2.0
2026-01-01 18:56:35,712 [WARN] PackLoader:240 - Cannot read IP mode file for SEGGER.I-CUBE-embOS.1.3.1
2026-01-01 18:56:35,801 [WARN] PackLoader:240 - Cannot read IP mode file for STMicroelectronics.X-CUBE-ALGOBUILD.1.4.0
2026-01-01 18:56:35,806 [INFO] UserAuth:486 - Internet connection configuration mode: 1
2026-01-01 18:56:35,838 [WARN] PackLoader:240 - Cannot read IP mode file for STMicroelectronics.X-CUBE-PM33A1.1.0.0
2026-01-01 18:56:35,896 [WARN] PackLoader:240 - Cannot read IP mode file for STMicroelectronics.X-CUBE-AZRTOS-F4.1.1.0
2026-01-01 18:56:35,934 [WARN] PackLoader:240 - Cannot read IP mode file for Avnet-IotConnect.X-CUBE-IoTC-DA16k-PMOD.1.0.0
2026-01-01 18:56:35,973 [WARN] PackLoader:240 - Cannot read IP mode file for STMicroelectronics.X-CUBE-ISPU.2.1.0
2026-01-01 18:56:36,008 [ERROR] Engine:466 - C:\Users\Manu_s_r\.stm32cubemx\thirdparties\pdsc\STMicroelectronics.X-CUBE-IPS.3.2.0.pdsc: PDSC version is not supported
2026-01-01 18:56:36,046 [WARN] PackLoader:240 - Cannot read IP mode file for STMicroelectronics.X-CUBE-NFC12.1.0.0
2026-01-01 18:56:36,106 [WARN] PackLoader:240 - Cannot read IP mode file for STMicroelectronics.X-CUBE-AZRTOS-L5.2.0.0
2026-01-01 18:56:36,145 [WARN] PackLoader:240 - Cannot read IP mode file for STMicroelectronics.X-CUBE-NFC6.3.1.0
2026-01-01 18:56:36,182 [WARN] PackLoader:240 - Cannot read IP mode file for STMicroelectronics.X-CUBE-FREERTOS.1.3.0
2026-01-01 18:56:36,213 [WARN] PackLoader:240 - Cannot read IP mode file for STMicroelectronics.X-CUBE-NFC7.1.0.1
2026-01-01 18:56:36,246 [WARN] PackLoader:240 - Cannot read IP mode file for STMicroelectronics.X-CUBE-TOUCHGFX.4.26.0
2026-01-01 18:56:36,278 [WARN] PackLoader:240 - Cannot read IP mode file for STMicroelectronics.FP-SNS-STAIOTCFT.1.0.0
2026-01-01 18:56:36,303 [WARN] PackLoader:240 - Cannot read IP mode file for STMicroelectronics.X-CUBE-DPower.1.3.0
2026-01-01 18:56:36,351 [WARN] ConditionMgr:438 - getConditionDescription Invalid condition id : LAN8742 Phy interface Condition cause : null
2026-01-01 18:56:36,351 [WARN] PackLoader:240 - Cannot read IP mode file for STMicroelectronics.X-CUBE-AZRTOS-L4.2.0.0
2026-01-01 18:56:36,353 [WARN] ConditionMgr:1044 - genDependencies : Invalid condition id : LAN8742 Phy interface Condition cause : null
2026-01-01 18:56:36,353 [WARN] ConditionMgr:1044 - genDependencies : Invalid condition id : LAN8742 Phy interface Condition cause : null
2026-01-01 18:56:36,353 [WARN] ConditionMgr:1044 - genDependencies : Invalid condition id : LAN8742 Phy interface Condition cause : null
2026-01-01 18:56:36,381 [WARN] PackLoader:240 - Cannot read IP mode file for STMicroelectronics.X-CUBE-SFXS2LP1.4.0.0
2026-01-01 18:56:36,440 [WARN] PackLoader:240 - Cannot read IP mode file for STMicroelectronics.X-CUBE-AZRTOS-H7.3.3.0
2026-01-01 18:56:36,478 [WARN] PackLoader:240 - Cannot read IP mode file for STMicroelectronics.X-CUBE-BLEMGR.4.1.0
2026-01-01 18:56:36,519 [WARN] ConditionMgr:438 - getConditionDescription Invalid condition id : UX DEVICE CLASS RTOS Condition cause : null
2026-01-01 18:56:36,520 [WARN] ConditionMgr:438 - getConditionDescription Invalid condition id : UX DEVICE CLASS RTOS Condition cause : null
2026-01-01 18:56:36,521 [WARN] PackLoader:240 - Cannot read IP mode file for STMicroelectronics.X-CUBE-AZRTOS-WB.2.0.0
2026-01-01 18:56:36,522 [WARN] ConditionMgr:1044 - genDependencies : Invalid condition id : UX DEVICE CLASS RTOS Condition cause : null
2026-01-01 18:56:36,523 [WARN] ConditionMgr:1044 - genDependencies : Invalid condition id : UX DEVICE CLASS RTOS Condition cause : null
2026-01-01 18:56:36,524 [WARN] ConditionMgr:1044 - genDependencies : Invalid condition id : UX DEVICE CLASS RTOS Condition cause : null
2026-01-01 18:56:36,524 [WARN] ConditionMgr:1044 - genDependencies : Invalid condition id : UX DEVICE CLASS RTOS Condition cause : null
2026-01-01 18:56:36,525 [WARN] ConditionMgr:1044 - genDependencies : Invalid condition id : UX DEVICE CLASS RTOS Condition cause : null
2026-01-01 18:56:36,549 [WARN] PackLoader:240 - Cannot read IP mode file for STMicroelectronics.X-CUBE-GNSS1.7.0.1
2026-01-01 18:56:36,573 [WARN] PackLoader:240 - Cannot read IP mode file for STMicroelectronics.X-CUBE-TOUCHGFX.4.25.0
2026-01-01 18:56:36,620 [WARN] PackLoader:240 - Cannot read IP mode file for STMicroelectronics.FP-SNS-STBOX1.2.0.0
2026-01-01 18:56:36,704 [WARN] PackLoader:240 - Cannot read IP mode file for STMicroelectronics.X-CUBE-SUBG2.5.0.0
2026-01-01 18:56:36,794 [WARN] PackLoader:240 - Cannot read IP mode file for STMicroelectronics.X-CUBE-AZRTOS-H7RS.1.1.0
2026-01-01 18:56:36,825 [WARN] PackLoader:240 - Cannot read IP mode file for Cesanta.I-CUBE-Mongoose.7.13.0
2026-01-01 18:56:36,867 [WARN] PackLoader:240 - Cannot read IP mode file for STMicroelectronics.X-CUBE-AZRTOS-G4.2.0.0
2026-01-01 18:56:36,891 [WARN] PackLoader:240 - Cannot read IP mode file for wolfSSL.I-CUBE-wolfSSH.1.4.20
2026-01-01 18:56:36,913 [WARN] PackLoader:240 - Cannot read IP mode file for STMicroelectronics.X-CUBE-NFC7.2.0.0
2026-01-01 18:56:36,942 [WARN] PackLoader:240 - Cannot read IP mode file for STMicroelectronics.X-CUBE-IPS.3.1.0
2026-01-01 18:56:36,974 [WARN] PackLoader:240 - Cannot read IP mode file for STMicroelectronics.X-CUBE-ALS.1.0.2
2026-01-01 18:56:37,000 [WARN] PackLoader:240 - Cannot read IP mode file for STMicroelectronics.X-CUBE-STSE01.1.0.0
2026-01-01 18:56:37,027 [WARN] PackLoader:240 - Cannot read IP mode file for portGmbH.I-Cube-SoM-uGOAL.1.1.0
2026-01-01 18:56:37,059 [WARN] PackLoader:240 - Cannot read IP mode file for STMicroelectronics.X-CUBE-TOF1.3.4.2
2026-01-01 18:56:37,098 [WARN] PackLoader:240 - Cannot read IP mode file for STMicroelectronics.X-CUBE-TOF1.3.4.3
2026-01-01 18:56:37,108 [INFO] ThirdParty:978 - Integrity check success = true
2026-01-01 18:56:37,109 [INFO] IntegrityCheckThread:100 - exiting critical section [integrity check]
2026-01-01 18:56:37,109 [INFO] IntegrityCheckThread:103 - End integrity checks thread
2026-01-01 19:17:00,662 [ERROR] LogOutputStream:75 - [STDERR_REDIRECT] 
