2026-02-21 12:16:48,810 [INFO] Activator:176 - 


2026-02-21 12:16:48,824 [INFO] Activator:177 - !SESSION log4j initialized
2026-02-21 12:17:02,802 [INFO] LogOutputStream:77 - [STDOUT_REDIRECT] 
2026-02-21 12:17:19,309 [INFO] ApplicationProperties:184 - Using Application install path: C:\ST\STM32CubeIDE_1.18.0\STM32CubeIDE\plugins\com.st.stm32cube.common.mx_6.14.0.202502271554
2026-02-21 12:17:19,347 [INFO] DbMcusXml:78 - Set database path to: C:\ST\STM32CubeIDE_1.18.0\STM32CubeIDE\plugins\com.st.stm32cube.common.mx_6.14.0.202502271554\\db\/mcu/
2026-02-21 12:17:19,348 [INFO] ApiDb:274 - Set plugin database path to: C:\ST\STM32CubeIDE_1.18.0\STM32CubeIDE\plugins\com.st.stm32cube.common.mx_6.14.0.202502271554\\db\/plugins/boardmanager/
2026-02-21 12:17:19,349 [WARN] ApiDb:259 - Overriding images path with different value:  => C:\ST\STM32CubeIDE_1.18.0\STM32CubeIDE\plugins\com.st.stm32cube.common.mx_6.14.0.202502271554\\db\/plugins/mcufinder/images/
2026-02-21 12:17:19,373 [INFO] ApiDb:250 - Set database path to: C:\Users\Manu_s_r\.stmcufinder\plugins\mcufinder//mcu/
2026-02-21 12:17:19,375 [INFO] DbMcusAds:125 - Set database path to: C:\Users\Manu_s_r\.stmcufinder\plugins\mcufinder//mcu/
2026-02-21 12:17:19,642 [INFO] CrossReferenceDbSqlite:203 - Set database path to: C:\Users\Manu_s_r\.stmcufinder\plugins\mcufinder//mcu/cs/
2026-02-21 12:17:19,939 [INFO] RulesReader:64 - Compatibility file has been processed (301 Rules)
2026-02-21 12:17:20,123 [INFO] DbMcusXml:78 - Set database path to: C:\ST\STM32CubeIDE_1.18.0\STM32CubeIDE\plugins\com.st.stm32cube.common.mx_6.14.0.202502271554\\db\/mcu/
2026-02-21 12:17:20,123 [INFO] ApiDb:274 - Set plugin database path to: C:\ST\STM32CubeIDE_1.18.0\STM32CubeIDE\plugins\com.st.stm32cube.common.mx_6.14.0.202502271554\\db\/plugins/boardmanager/
2026-02-21 12:17:20,123 [INFO] ApiDb:261 - Set plugin images path to: C:\ST\STM32CubeIDE_1.18.0\STM32CubeIDE\plugins\com.st.stm32cube.common.mx_6.14.0.202502271554\\db\/plugins/mcufinder/images/
2026-02-21 12:17:20,124 [WARN] DbFile:41 - Overriding database path with different value: C:\Users\Manu_s_r\.stmcufinder\plugins\mcufinder/ => C:\Users\Manu_s_r\.stmcufinder\plugins\mcufinder
2026-02-21 12:17:20,124 [INFO] ApiDb:250 - Set database path to: C:\Users\Manu_s_r\.stmcufinder\plugins\mcufinder//mcu/
2026-02-21 12:17:20,124 [WARN] DbFile:41 - Overriding database path with different value: C:\Users\Manu_s_r\.stmcufinder\plugins\mcufinder/ => C:\Users\Manu_s_r\.stmcufinder\plugins\mcufinder
2026-02-21 12:17:20,124 [INFO] DbMcusAds:125 - Set database path to: C:\Users\Manu_s_r\.stmcufinder\plugins\mcufinder//mcu/
2026-02-21 12:17:20,124 [WARN] DbFile:41 - Overriding database path with different value: C:\Users\Manu_s_r\.stmcufinder\plugins\mcufinder/ => C:\Users\Manu_s_r\.stmcufinder\plugins\mcufinder
2026-02-21 12:17:20,124 [WARN] DbFile:41 - Overriding database path with different value: C:\Users\Manu_s_r\.stmcufinder\plugins\mcufinder/ => C:\Users\Manu_s_r\.stmcufinder\plugins\mcufinder
2026-02-21 12:17:20,124 [INFO] CrossReferenceDbSqlite:203 - Set database path to: C:\Users\Manu_s_r\.stmcufinder\plugins\mcufinder//mcu/cs/
2026-02-21 12:17:20,292 [INFO] MainPanel:272 - HeapMemory: 268435456
2026-02-21 12:17:20,518 [INFO] DbMcusXml:78 - Set database path to: C:\ST\STM32CubeIDE_1.18.0\STM32CubeIDE\plugins\com.st.stm32cube.common.mx_6.14.0.202502271554\\db\/mcu/
2026-02-21 12:17:20,519 [INFO] ApiDb:274 - Set plugin database path to: C:\ST\STM32CubeIDE_1.18.0\STM32CubeIDE\plugins\com.st.stm32cube.common.mx_6.14.0.202502271554\\db\/plugins/boardmanager/
2026-02-21 12:17:20,519 [INFO] ApiDb:261 - Set plugin images path to: C:\ST\STM32CubeIDE_1.18.0\STM32CubeIDE\plugins\com.st.stm32cube.common.mx_6.14.0.202502271554\\db\/plugins/mcufinder/images/
2026-02-21 12:17:20,520 [WARN] DbFile:41 - Overriding database path with different value: C:\Users\Manu_s_r\.stmcufinder\plugins\mcufinder/ => C:\Users\Manu_s_r\.stmcufinder\plugins\mcufinder
2026-02-21 12:17:20,520 [INFO] ApiDb:250 - Set database path to: C:\Users\Manu_s_r\.stmcufinder\plugins\mcufinder//mcu/
2026-02-21 12:17:20,520 [WARN] DbFile:41 - Overriding database path with different value: C:\Users\Manu_s_r\.stmcufinder\plugins\mcufinder/ => C:\Users\Manu_s_r\.stmcufinder\plugins\mcufinder
2026-02-21 12:17:20,520 [INFO] DbMcusAds:125 - Set database path to: C:\Users\Manu_s_r\.stmcufinder\plugins\mcufinder//mcu/
2026-02-21 12:17:20,520 [WARN] DbFile:41 - Overriding database path with different value: C:\Users\Manu_s_r\.stmcufinder\plugins\mcufinder/ => C:\Users\Manu_s_r\.stmcufinder\plugins\mcufinder
2026-02-21 12:17:20,521 [WARN] DbFile:41 - Overriding database path with different value: C:\Users\Manu_s_r\.stmcufinder\plugins\mcufinder/ => C:\Users\Manu_s_r\.stmcufinder\plugins\mcufinder
2026-02-21 12:17:20,521 [INFO] CrossReferenceDbSqlite:203 - Set database path to: C:\Users\Manu_s_r\.stmcufinder\plugins\mcufinder//mcu/cs/
2026-02-21 12:17:20,558 [INFO] ApplicationProperties:184 - Using Application install path: C:\ST\STM32CubeIDE_1.18.0\STM32CubeIDE\plugins\com.st.stm32cube.common.mx_6.14.0.202502271554
2026-02-21 12:17:20,561 [INFO] PluginManage:196 - Search for loadable plugins [exclusion list=, ]
2026-02-21 12:17:20,565 [INFO] PluginManage:310 - Check plugin analytics
2026-02-21 12:17:20,952 [INFO] AnalyticsPlugin:253 - Accepted Software Licenses: 
2026-02-21 12:17:20,952 [INFO] AnalyticsPlugin:255 - Accepted CMSIS Pack Licenses: 
2026-02-21 12:17:20,952 [INFO] AnalyticsPlugin:257 - Accepted Firmware Licenses: FW.L4.1.18.0
2026-02-21 12:17:20,959 [INFO] PluginManage:359 - Loaded plugin analytics (category:tool,tabindex:-1)
2026-02-21 12:17:20,959 [INFO] PluginManage:310 - Check plugin cadmodel
2026-02-21 12:17:20,970 [INFO] CADModel:105 - Init CAD model plugin
2026-02-21 12:17:20,970 [INFO] PluginManage:359 - Loaded plugin cadmodel (category:power,tabindex:5)
2026-02-21 12:17:20,971 [INFO] PluginManage:310 - Check plugin clock
2026-02-21 12:17:20,988 [INFO] PluginManage:359 - Loaded plugin clock (category:base,tabindex:2)
2026-02-21 12:17:20,988 [INFO] PluginManage:310 - Check plugin ddr
2026-02-21 12:17:20,993 [INFO] PluginManage:359 - Loaded plugin ddr (category:tool,tabindex:6)
2026-02-21 12:17:20,994 [INFO] PluginManage:310 - Check plugin filemanager
2026-02-21 12:17:21,297 [INFO] PluginManage:359 - Loaded plugin filemanager (category:base,tabindex:10)
2026-02-21 12:17:21,298 [INFO] PluginManage:310 - Check plugin ipmanager
2026-02-21 12:17:21,313 [INFO] PluginManage:359 - Loaded plugin ipmanager (category:base,tabindex:5)
2026-02-21 12:17:21,313 [INFO] PluginManage:310 - Check plugin lpbam
2026-02-21 12:17:21,329 [INFO] PluginManage:359 - Loaded plugin lpbam (category:base,tabindex:0)
2026-02-21 12:17:21,329 [INFO] PluginManage:310 - Check plugin memorymap
2026-02-21 12:17:21,359 [INFO] PluginManage:359 - Loaded plugin memorymap (category:base,tabindex:4)
2026-02-21 12:17:21,360 [INFO] PluginManage:310 - Check plugin pinoutandconfiguration
2026-02-21 12:17:21,376 [INFO] PluginManage:359 - Loaded plugin pinoutandconfiguration (category:base,tabindex:1)
2026-02-21 12:17:21,377 [INFO] PluginManage:310 - Check plugin pinoutconfig
2026-02-21 12:17:21,569 [WARN] SupportedApi:132 - Cannot load RTOS API schema: s4s-elt-must-match.1: The content of 'definitions' must match (annotation?, (simpleType | complexType)?, (unique | key | keyref)*)). A problem was found starting at: attribute.
2026-02-21 12:17:21,868 [INFO] PluginManage:359 - Loaded plugin pinoutconfig (category:base,tabindex:0)
2026-02-21 12:17:21,868 [INFO] PluginManage:310 - Check plugin power
2026-02-21 12:17:21,890 [INFO] PluginManage:359 - Loaded plugin power (category:power,tabindex:4)
2026-02-21 12:17:21,890 [INFO] PluginManage:310 - Check plugin projectmanager
2026-02-21 12:17:21,925 [INFO] PluginManage:359 - Loaded plugin projectmanager (category:projectmanager,tabindex:4)
2026-02-21 12:17:21,925 [INFO] PluginManage:310 - Check plugin rif
2026-02-21 12:17:21,940 [INFO] PluginManage:359 - Loaded plugin rif (category:base,tabindex:3)
2026-02-21 12:17:21,941 [INFO] PluginManage:310 - Check plugin thirdparty
2026-02-21 12:17:22,239 [WARN] IntegrityCheckThread:84 - waiting for thirdparty lock release [integrity check]
2026-02-21 12:17:22,240 [INFO] PluginManage:359 - Loaded plugin thirdparty (category:base,tabindex:-1)
2026-02-21 12:17:22,240 [INFO] IntegrityCheckThread:86 - entering critical section [integrity check]
2026-02-21 12:17:22,240 [INFO] PluginManage:310 - Check plugin tools
2026-02-21 12:17:22,241 [INFO] ThirdPartyUpdaterWithRetryManager:70 - Updater plugin not ready yet. [1/15]
2026-02-21 12:17:22,247 [INFO] PluginManage:359 - Loaded plugin tools (category:base,tabindex:7)
2026-02-21 12:17:22,248 [INFO] PluginManage:310 - Check plugin tutovideos
2026-02-21 12:17:22,597 [INFO] PluginManage:359 - Loaded plugin tutovideos (category:base,tabindex:-1)
2026-02-21 12:17:22,598 [INFO] PluginManage:310 - Check plugin updater
2026-02-21 12:17:22,644 [INFO] PluginManage:359 - Loaded plugin updater (category:base,tabindex:12)
2026-02-21 12:17:22,644 [INFO] PluginManage:310 - Check plugin userauth
2026-02-21 12:17:22,651 [INFO] UserAuth:118 - Init User Auth plugin
2026-02-21 12:17:22,654 [INFO] PluginManage:359 - Loaded plugin userauth (category:base,tabindex:14)
2026-02-21 12:17:22,655 [INFO] PluginManage:283 - PluginManage : Loaded plugins [18]
2026-02-21 12:17:23,090 [INFO] PinOutPanel:1589 - setPackage(No Configuration,No Configuration)
2026-02-21 12:17:23,275 [INFO] CADModel:165 - CPN selected for project level
2026-02-21 12:17:23,276 [INFO] CADModel:114 - Register for checkConnection events
2026-02-21 12:17:23,313 [INFO] IPUIPlugin:80 - create IPUIPlugin
2026-02-21 12:17:23,313 [INFO] PluginManager:220 - loadIPPluginJar : add adc
2026-02-21 12:17:23,318 [INFO] IPUIPlugin:80 - create IPUIPlugin
2026-02-21 12:17:23,319 [INFO] PluginManager:220 - loadIPPluginJar : add aes
2026-02-21 12:17:23,325 [INFO] IPUIPlugin:80 - create IPUIPlugin
2026-02-21 12:17:23,325 [INFO] PluginManager:220 - loadIPPluginJar : add can
2026-02-21 12:17:23,328 [INFO] IPUIPlugin:80 - create IPUIPlugin
2026-02-21 12:17:23,329 [INFO] PluginManager:220 - loadIPPluginJar : add comp
2026-02-21 12:17:23,334 [INFO] IPUIPlugin:80 - create IPUIPlugin
2026-02-21 12:17:23,334 [INFO] PluginManager:220 - loadIPPluginJar : add cryp
2026-02-21 12:17:23,341 [INFO] IPUIPlugin:80 - create IPUIPlugin
2026-02-21 12:17:23,342 [INFO] PluginManager:220 - loadIPPluginJar : add ddr_ctrl_phy
2026-02-21 12:17:23,348 [INFO] IPUIPlugin:80 - create IPUIPlugin
2026-02-21 12:17:23,348 [INFO] PluginManager:220 - loadIPPluginJar : add dfsdm
2026-02-21 12:17:23,360 [INFO] IPUIPlugin:80 - create IPUIPlugin
2026-02-21 12:17:23,361 [INFO] PluginManager:220 - loadIPPluginJar : add dma
2026-02-21 12:17:23,366 [INFO] IPUIPlugin:80 - create IPUIPlugin
2026-02-21 12:17:23,366 [INFO] PluginManager:220 - loadIPPluginJar : add dma3
2026-02-21 12:17:23,371 [INFO] IPUIPlugin:80 - create IPUIPlugin
2026-02-21 12:17:23,371 [INFO] PluginManager:220 - loadIPPluginJar : add extmemmanager
2026-02-21 12:17:23,375 [INFO] IPUIPlugin:80 - create IPUIPlugin
2026-02-21 12:17:23,376 [INFO] PluginManager:220 - loadIPPluginJar : add fatfs
2026-02-21 12:17:23,386 [INFO] IPUIPlugin:80 - create IPUIPlugin
2026-02-21 12:17:23,387 [INFO] PluginManager:220 - loadIPPluginJar : add fmc
2026-02-21 12:17:23,398 [INFO] IPUIPlugin:80 - create IPUIPlugin
2026-02-21 12:17:23,398 [INFO] PluginManager:220 - loadIPPluginJar : add freertos
2026-02-21 12:17:23,402 [INFO] IPUIPlugin:80 - create IPUIPlugin
2026-02-21 12:17:23,402 [INFO] PluginManager:220 - loadIPPluginJar : add genericplugin
2026-02-21 12:17:23,408 [INFO] IPUIPlugin:80 - create IPUIPlugin
2026-02-21 12:17:23,408 [INFO] PluginManager:220 - loadIPPluginJar : add gfxmmu
2026-02-21 12:17:23,422 [INFO] IPUIPlugin:80 - create IPUIPlugin
2026-02-21 12:17:23,423 [INFO] PluginManager:220 - loadIPPluginJar : add gic
2026-02-21 12:17:23,433 [INFO] IPUIPlugin:80 - create IPUIPlugin
2026-02-21 12:17:23,434 [INFO] PluginManager:220 - loadIPPluginJar : add gpio
2026-02-21 12:17:23,439 [INFO] IPUIPlugin:80 - create IPUIPlugin
2026-02-21 12:17:23,440 [INFO] PluginManager:220 - loadIPPluginJar : add gtzc
2026-02-21 12:17:23,446 [INFO] IPUIPlugin:80 - create IPUIPlugin
2026-02-21 12:17:23,446 [INFO] PluginManager:220 - loadIPPluginJar : add hash
2026-02-21 12:17:23,451 [INFO] IPUIPlugin:80 - create IPUIPlugin
2026-02-21 12:17:23,451 [INFO] PluginManager:220 - loadIPPluginJar : add i2c
2026-02-21 12:17:23,456 [INFO] IPUIPlugin:80 - create IPUIPlugin
2026-02-21 12:17:23,456 [INFO] PluginManager:220 - loadIPPluginJar : add i2s
2026-02-21 12:17:23,463 [INFO] IPUIPlugin:80 - create IPUIPlugin
2026-02-21 12:17:23,463 [INFO] PluginManager:220 - loadIPPluginJar : add i3c
2026-02-21 12:17:23,472 [INFO] IPUIPlugin:80 - create IPUIPlugin
2026-02-21 12:17:23,474 [INFO] PluginManager:220 - loadIPPluginJar : add ipddr
2026-02-21 12:17:23,489 [INFO] IPUIPlugin:80 - create IPUIPlugin
2026-02-21 12:17:23,490 [INFO] PluginManager:220 - loadIPPluginJar : add linkedlist
2026-02-21 12:17:23,496 [INFO] IPUIPlugin:80 - create IPUIPlugin
2026-02-21 12:17:23,496 [INFO] PluginManager:220 - loadIPPluginJar : add lorawan
2026-02-21 12:17:23,500 [INFO] IPUIPlugin:80 - create IPUIPlugin
2026-02-21 12:17:23,500 [INFO] PluginManager:220 - loadIPPluginJar : add ltdc
2026-02-21 12:17:23,512 [INFO] IPUIPlugin:80 - create IPUIPlugin
2026-02-21 12:17:23,512 [INFO] PluginManager:220 - loadIPPluginJar : add mdma
2026-02-21 12:17:23,519 [INFO] IPUIPlugin:80 - create IPUIPlugin
2026-02-21 12:17:23,520 [INFO] PluginManager:220 - loadIPPluginJar : add nvic
2026-02-21 12:17:23,527 [INFO] IPUIPlugin:80 - create IPUIPlugin
2026-02-21 12:17:23,527 [INFO] PluginManager:220 - loadIPPluginJar : add opamp
2026-02-21 12:17:23,533 [INFO] IPUIPlugin:80 - create IPUIPlugin
2026-02-21 12:17:23,533 [INFO] PluginManager:220 - loadIPPluginJar : add openamp
2026-02-21 12:17:23,539 [INFO] IPUIPlugin:80 - create IPUIPlugin
2026-02-21 12:17:23,540 [INFO] PluginManager:220 - loadIPPluginJar : add pdm2pcm
2026-02-21 12:17:23,553 [INFO] IPUIPlugin:80 - create IPUIPlugin
2026-02-21 12:17:23,559 [INFO] PluginManager:220 - loadIPPluginJar : add plateformsettings
2026-02-21 12:17:23,564 [INFO] IPUIPlugin:80 - create IPUIPlugin
2026-02-21 12:17:23,564 [INFO] PluginManager:220 - loadIPPluginJar : add quadspi
2026-02-21 12:17:23,569 [INFO] IPUIPlugin:80 - create IPUIPlugin
2026-02-21 12:17:23,570 [INFO] PluginManager:220 - loadIPPluginJar : add radio
2026-02-21 12:17:23,580 [INFO] IPUIPlugin:80 - create IPUIPlugin
2026-02-21 12:17:23,580 [INFO] PluginManager:220 - loadIPPluginJar : add resmgrutility
2026-02-21 12:17:23,587 [INFO] IPUIPlugin:80 - create IPUIPlugin
2026-02-21 12:17:23,587 [INFO] PluginManager:220 - loadIPPluginJar : add sai
2026-02-21 12:17:23,593 [INFO] IPUIPlugin:80 - create IPUIPlugin
2026-02-21 12:17:23,594 [INFO] PluginManager:220 - loadIPPluginJar : add spi
2026-02-21 12:17:23,605 [INFO] IPUIPlugin:80 - create IPUIPlugin
2026-02-21 12:17:23,605 [INFO] PluginManager:220 - loadIPPluginJar : add stm32_wpan
2026-02-21 12:17:23,609 [INFO] IPUIPlugin:80 - create IPUIPlugin
2026-02-21 12:17:23,609 [INFO] PluginManager:220 - loadIPPluginJar : add tim
2026-02-21 12:17:23,615 [INFO] IPUIPlugin:80 - create IPUIPlugin
2026-02-21 12:17:23,615 [INFO] PluginManager:220 - loadIPPluginJar : add touchsensing
2026-02-21 12:17:23,620 [INFO] IPUIPlugin:80 - create IPUIPlugin
2026-02-21 12:17:23,620 [INFO] PluginManager:220 - loadIPPluginJar : add tracer_emb
2026-02-21 12:17:23,625 [INFO] IPUIPlugin:80 - create IPUIPlugin
2026-02-21 12:17:23,625 [INFO] PluginManager:220 - loadIPPluginJar : add ts
2026-02-21 12:17:23,628 [INFO] IPUIPlugin:80 - create IPUIPlugin
2026-02-21 12:17:23,629 [INFO] PluginManager:220 - loadIPPluginJar : add tsc
2026-02-21 12:17:23,633 [INFO] IPUIPlugin:80 - create IPUIPlugin
2026-02-21 12:17:23,633 [INFO] PluginManager:220 - loadIPPluginJar : add ucpd
2026-02-21 12:17:23,639 [INFO] IPUIPlugin:80 - create IPUIPlugin
2026-02-21 12:17:23,639 [INFO] PluginManager:220 - loadIPPluginJar : add usart
2026-02-21 12:17:23,646 [INFO] IPUIPlugin:80 - create IPUIPlugin
2026-02-21 12:17:23,646 [INFO] PluginManager:220 - loadIPPluginJar : add usbx
2026-02-21 12:17:23,850 [FATAL] Updater:351 - Updater called before beeing initialized
2026-02-21 12:17:23,854 [ERROR] ConfigurationRetriever:142 - IOException on connection: Connect timed out
2026-02-21 12:17:23,901 [INFO] RulesReader:64 - Compatibility file has been processed (301 Rules)
2026-02-21 12:17:23,922 [INFO] RulesReader:64 - Compatibility file has been processed (301 Rules)
2026-02-21 12:17:23,936 [INFO] CADModel:165 - CPN selected for project level
2026-02-21 12:17:23,936 [INFO] CADModel:114 - Register for checkConnection events
2026-02-21 12:17:23,936 [FATAL] Updater:351 - Updater called before beeing initialized
2026-02-21 12:17:23,936 [ERROR] CADModel:125 - Updater not yet initialized, retry later 
2026-02-21 12:17:24,312 [FATAL] Updater:351 - Updater called before beeing initialized
2026-02-21 12:17:24,317 [INFO] CADModel:165 - CPN selected for project level
2026-02-21 12:17:24,317 [INFO] CADModel:114 - Register for checkConnection events
2026-02-21 12:17:24,317 [FATAL] Updater:351 - Updater called before beeing initialized
2026-02-21 12:17:24,317 [ERROR] CADModel:125 - Updater not yet initialized, retry later 
2026-02-21 12:17:24,324 [FATAL] Updater:351 - Updater called before beeing initialized
2026-02-21 12:17:24,563 [FATAL] Updater:351 - Updater called before beeing initialized
2026-02-21 12:17:24,570 [INFO] DbMcusAds:53 - JSON generation date=Thu Jan 08 21:27:51 IST 2026 (1767887871456)
2026-02-21 12:17:24,570 [FATAL] Updater:351 - Updater called before beeing initialized
2026-02-21 12:17:24,648 [WARN] DetailPanel:346 - Failed to get advertising image, set to default
2026-02-21 12:17:25,152 [FATAL] Updater:351 - Updater called before beeing initialized
2026-02-21 12:17:25,154 [FATAL] Updater:351 - Updater called before beeing initialized
2026-02-21 12:17:25,154 [FATAL] Updater:351 - Updater called before beeing initialized
2026-02-21 12:17:25,154 [WARN] DetailPanel:346 - Failed to get advertising image, set to default
2026-02-21 12:17:25,156 [FATAL] Updater:351 - Updater called before beeing initialized
2026-02-21 12:17:25,243 [INFO] ThirdPartyUpdaterWithRetryManager:70 - Updater plugin not ready yet. [2/15]
2026-02-21 12:17:25,266 [ERROR] Updater:1198 - MainUpdater not yet initialized. External WinMGr cannot be set.
2026-02-21 12:17:25,269 [INFO] Updater:1134 - Updater Version found : 6.14.0
2026-02-21 12:17:25,307 [INFO] ApplicationProperties:184 - Using Application install path: C:\ST\STM32CubeIDE_1.18.0\STM32CubeIDE\plugins\com.st.stm32cube.common.mx_6.14.0.202502271554
2026-02-21 12:17:26,901 [ERROR] LogOutputStream:75 - [STDERR_REDIRECT] Feb 21, 2026 12:17:26 PM java.util.prefs.WindowsPreferences <init>
2026-02-21 12:17:26,906 [ERROR] LogOutputStream:75 - [STDERR_REDIRECT] WARNING: Could not open/create prefs root node Software\JavaSoft\Prefs at root 0xffffffff80000002. Windows RegCreateKeyEx(...) returned error code 5.
2026-02-21 12:17:26,907 [ERROR] LogOutputStream:75 - [STDERR_REDIRECT] 
2026-02-21 12:17:28,244 [FATAL] Updater:351 - Updater called before beeing initialized
2026-02-21 12:17:28,244 [ERROR] IntegrityCheckThread:130 - Cannot retrieve database content from updater: error 21
2026-02-21 12:17:28,245 [INFO] ThirdParty:978 - Integrity check success = false
2026-02-21 12:17:28,245 [INFO] IntegrityCheckThread:100 - exiting critical section [integrity check]
2026-02-21 12:17:28,245 [INFO] IntegrityCheckThread:103 - End integrity checks thread
2026-02-21 12:17:30,789 [INFO] MainUpdater:2872 - connection check result : 10
2026-02-21 12:17:30,790 [INFO] MainUpdater:3566 - Updater definition file requires update
2026-02-21 12:17:30,793 [INFO] MainUpdater:289 - Updater Check For Update Now.
2026-02-21 12:17:30,793 [INFO] MicroXplorer:498 - Change Database Version : DB.6.0.140
2026-02-21 12:17:30,805 [INFO] McuFinderGlobals:63 - Set McuFinder mode to 2 (CubeIDE integrated)
2026-02-21 12:17:30,808 [INFO] UserAuth:486 - Internet connection configuration mode: 1
2026-02-21 12:17:30,842 [INFO] JxBrowserEngine:152 - Initiate JxBrowser Engine with user profile folder
2026-02-21 12:17:33,190 [ERROR] ConfigurationRetriever:142 - IOException on connection: Read timed out
2026-02-21 12:17:33,509 [INFO] WebApp:169 - Instantiating new browser for Auth
2026-02-21 12:17:34,706 [ERROR] ConfigurationRetriever:142 - IOException on connection: Read timed out
2026-02-21 12:17:35,160 [INFO] WebApp:463 - Apply proxy settings
2026-02-21 12:17:35,161 [INFO] WebApp:548 - Chromium requires no authentication
2026-02-21 12:17:35,180 [INFO] WebApp:491 - Direct internet connection detected
2026-02-21 12:17:35,225 [INFO] WebApp:894 - Register for checkConnection events
2026-02-21 12:17:35,225 [INFO] WebApp:463 - Apply proxy settings
2026-02-21 12:17:35,225 [INFO] WebApp:548 - Chromium requires no authentication
2026-02-21 12:17:35,226 [INFO] WebApp:491 - Direct internet connection detected
2026-02-21 12:17:35,596 [INFO] WebApp:225 - Starting web application
2026-02-21 12:17:35,597 [INFO] WebApp:593 - Web application path used C:\ST\STM32CubeIDE_1.18.0\STM32CubeIDE\plugins\com.st.stm32cube.common.mx_6.14.0.202502271554\db\plugins\mcufinder\reactClient1\index.html
2026-02-21 12:17:35,765 [INFO] UserAuth:486 - Internet connection configuration mode: 1
2026-02-21 12:17:39,710 [ERROR] ConfigurationRetriever:142 - IOException on connection: Connect timed out
2026-02-21 12:17:41,547 [ERROR] ServerAccessManage:1172 - Problem during Server Connection :  IO error Connection reset
2026-02-21 12:17:41,548 [ERROR] ServerAccessManage:651 - Problem during Server Connection :  : updaters.zip.
2026-02-21 12:17:41,549 [WARN] LoadServerUpdatesThread:475 - Updater definition download error.
2026-02-21 12:17:41,554 [INFO] LoadServerUpdatesThread:375 - End of LoadServerUpdate Thread
2026-02-21 12:17:41,863 [INFO] CheckServerUpdateThread:120 - End of CheckServer Thread
2026-02-21 12:18:12,252 [ERROR] ConfigurationRetriever:142 - IOException on connection: Read timed out
2026-02-21 12:18:18,669 [ERROR] ConfigurationRetriever:142 - IOException on connection: Read timed out
2026-02-21 15:18:22,960 [ERROR] LogOutputStream:75 - [STDERR_REDIRECT] 
