2026-01-06 18:19:56,424 [INFO] Activator:176 - 


2026-01-06 18:19:56,432 [INFO] Activator:177 - !SESSION log4j initialized
2026-01-06 18:20:04,595 [INFO] LogOutputStream:77 - [STDOUT_REDIRECT] 
2026-01-06 18:20:15,635 [INFO] ApplicationProperties:184 - Using Application install path: C:\ST\STM32CubeIDE_1.18.0\STM32CubeIDE\plugins\com.st.stm32cube.common.mx_6.14.0.202502271554
2026-01-06 18:20:15,662 [INFO] DbMcusXml:78 - Set database path to: C:\ST\STM32CubeIDE_1.18.0\STM32CubeIDE\plugins\com.st.stm32cube.common.mx_6.14.0.202502271554\\db\/mcu/
2026-01-06 18:20:15,664 [INFO] ApiDb:274 - Set plugin database path to: C:\ST\STM32CubeIDE_1.18.0\STM32CubeIDE\plugins\com.st.stm32cube.common.mx_6.14.0.202502271554\\db\/plugins/boardmanager/
2026-01-06 18:20:15,664 [WARN] ApiDb:259 - Overriding images path with different value:  => C:\ST\STM32CubeIDE_1.18.0\STM32CubeIDE\plugins\com.st.stm32cube.common.mx_6.14.0.202502271554\\db\/plugins/mcufinder/images/
2026-01-06 18:20:15,680 [INFO] ApiDb:250 - Set database path to: C:\Users\Manu_s_r\.stmcufinder\plugins\mcufinder//mcu/
2026-01-06 18:20:15,681 [INFO] DbMcusAds:125 - Set database path to: C:\Users\Manu_s_r\.stmcufinder\plugins\mcufinder//mcu/
2026-01-06 18:20:15,737 [INFO] CrossReferenceDbSqlite:203 - Set database path to: C:\Users\Manu_s_r\.stmcufinder\plugins\mcufinder//mcu/cs/
2026-01-06 18:20:15,888 [INFO] RulesReader:64 - Compatibility file has been processed (301 Rules)
2026-01-06 18:20:16,008 [INFO] DbMcusXml:78 - Set database path to: C:\ST\STM32CubeIDE_1.18.0\STM32CubeIDE\plugins\com.st.stm32cube.common.mx_6.14.0.202502271554\\db\/mcu/
2026-01-06 18:20:16,008 [INFO] ApiDb:274 - Set plugin database path to: C:\ST\STM32CubeIDE_1.18.0\STM32CubeIDE\plugins\com.st.stm32cube.common.mx_6.14.0.202502271554\\db\/plugins/boardmanager/
2026-01-06 18:20:16,009 [INFO] ApiDb:261 - Set plugin images path to: C:\ST\STM32CubeIDE_1.18.0\STM32CubeIDE\plugins\com.st.stm32cube.common.mx_6.14.0.202502271554\\db\/plugins/mcufinder/images/
2026-01-06 18:20:16,009 [WARN] DbFile:41 - Overriding database path with different value: C:\Users\Manu_s_r\.stmcufinder\plugins\mcufinder/ => C:\Users\Manu_s_r\.stmcufinder\plugins\mcufinder
2026-01-06 18:20:16,009 [INFO] ApiDb:250 - Set database path to: C:\Users\Manu_s_r\.stmcufinder\plugins\mcufinder//mcu/
2026-01-06 18:20:16,009 [WARN] DbFile:41 - Overriding database path with different value: C:\Users\Manu_s_r\.stmcufinder\plugins\mcufinder/ => C:\Users\Manu_s_r\.stmcufinder\plugins\mcufinder
2026-01-06 18:20:16,009 [INFO] DbMcusAds:125 - Set database path to: C:\Users\Manu_s_r\.stmcufinder\plugins\mcufinder//mcu/
2026-01-06 18:20:16,009 [WARN] DbFile:41 - Overriding database path with different value: C:\Users\Manu_s_r\.stmcufinder\plugins\mcufinder/ => C:\Users\Manu_s_r\.stmcufinder\plugins\mcufinder
2026-01-06 18:20:16,009 [WARN] DbFile:41 - Overriding database path with different value: C:\Users\Manu_s_r\.stmcufinder\plugins\mcufinder/ => C:\Users\Manu_s_r\.stmcufinder\plugins\mcufinder
2026-01-06 18:20:16,009 [INFO] CrossReferenceDbSqlite:203 - Set database path to: C:\Users\Manu_s_r\.stmcufinder\plugins\mcufinder//mcu/cs/
2026-01-06 18:20:16,129 [INFO] MainPanel:272 - HeapMemory: 268435456
2026-01-06 18:20:16,301 [INFO] DbMcusXml:78 - Set database path to: C:\ST\STM32CubeIDE_1.18.0\STM32CubeIDE\plugins\com.st.stm32cube.common.mx_6.14.0.202502271554\\db\/mcu/
2026-01-06 18:20:16,301 [INFO] ApiDb:274 - Set plugin database path to: C:\ST\STM32CubeIDE_1.18.0\STM32CubeIDE\plugins\com.st.stm32cube.common.mx_6.14.0.202502271554\\db\/plugins/boardmanager/
2026-01-06 18:20:16,301 [INFO] ApiDb:261 - Set plugin images path to: C:\ST\STM32CubeIDE_1.18.0\STM32CubeIDE\plugins\com.st.stm32cube.common.mx_6.14.0.202502271554\\db\/plugins/mcufinder/images/
2026-01-06 18:20:16,302 [WARN] DbFile:41 - Overriding database path with different value: C:\Users\Manu_s_r\.stmcufinder\plugins\mcufinder/ => C:\Users\Manu_s_r\.stmcufinder\plugins\mcufinder
2026-01-06 18:20:16,302 [INFO] ApiDb:250 - Set database path to: C:\Users\Manu_s_r\.stmcufinder\plugins\mcufinder//mcu/
2026-01-06 18:20:16,302 [WARN] DbFile:41 - Overriding database path with different value: C:\Users\Manu_s_r\.stmcufinder\plugins\mcufinder/ => C:\Users\Manu_s_r\.stmcufinder\plugins\mcufinder
2026-01-06 18:20:16,302 [INFO] DbMcusAds:125 - Set database path to: C:\Users\Manu_s_r\.stmcufinder\plugins\mcufinder//mcu/
2026-01-06 18:20:16,302 [WARN] DbFile:41 - Overriding database path with different value: C:\Users\Manu_s_r\.stmcufinder\plugins\mcufinder/ => C:\Users\Manu_s_r\.stmcufinder\plugins\mcufinder
2026-01-06 18:20:16,302 [WARN] DbFile:41 - Overriding database path with different value: C:\Users\Manu_s_r\.stmcufinder\plugins\mcufinder/ => C:\Users\Manu_s_r\.stmcufinder\plugins\mcufinder
2026-01-06 18:20:16,302 [INFO] CrossReferenceDbSqlite:203 - Set database path to: C:\Users\Manu_s_r\.stmcufinder\plugins\mcufinder//mcu/cs/
2026-01-06 18:20:16,324 [INFO] ApplicationProperties:184 - Using Application install path: C:\ST\STM32CubeIDE_1.18.0\STM32CubeIDE\plugins\com.st.stm32cube.common.mx_6.14.0.202502271554
2026-01-06 18:20:16,326 [INFO] PluginManage:196 - Search for loadable plugins [exclusion list=, ]
2026-01-06 18:20:16,329 [INFO] PluginManage:310 - Check plugin analytics
2026-01-06 18:20:21,515 [INFO] AnalyticsPlugin:253 - Accepted Software Licenses: 
2026-01-06 18:20:21,515 [INFO] AnalyticsPlugin:255 - Accepted CMSIS Pack Licenses: 
2026-01-06 18:20:21,516 [INFO] AnalyticsPlugin:257 - Accepted Firmware Licenses: FW.L4.1.18.0
2026-01-06 18:20:21,519 [INFO] PluginManage:359 - Loaded plugin analytics (category:tool,tabindex:-1)
2026-01-06 18:20:21,519 [INFO] PluginManage:310 - Check plugin cadmodel
2026-01-06 18:20:21,541 [INFO] CADModel:105 - Init CAD model plugin
2026-01-06 18:20:21,542 [INFO] PluginManage:359 - Loaded plugin cadmodel (category:power,tabindex:5)
2026-01-06 18:20:21,542 [INFO] PluginManage:310 - Check plugin clock
2026-01-06 18:20:21,569 [INFO] PluginManage:359 - Loaded plugin clock (category:base,tabindex:2)
2026-01-06 18:20:21,569 [INFO] PluginManage:310 - Check plugin ddr
2026-01-06 18:20:21,572 [INFO] PluginManage:359 - Loaded plugin ddr (category:tool,tabindex:6)
2026-01-06 18:20:21,572 [INFO] PluginManage:310 - Check plugin filemanager
2026-01-06 18:20:21,747 [INFO] PluginManage:359 - Loaded plugin filemanager (category:base,tabindex:10)
2026-01-06 18:20:21,748 [INFO] PluginManage:310 - Check plugin ipmanager
2026-01-06 18:20:21,758 [INFO] PluginManage:359 - Loaded plugin ipmanager (category:base,tabindex:5)
2026-01-06 18:20:21,758 [INFO] PluginManage:310 - Check plugin lpbam
2026-01-06 18:20:21,781 [INFO] PluginManage:359 - Loaded plugin lpbam (category:base,tabindex:0)
2026-01-06 18:20:21,782 [INFO] PluginManage:310 - Check plugin memorymap
2026-01-06 18:20:21,814 [INFO] PluginManage:359 - Loaded plugin memorymap (category:base,tabindex:4)
2026-01-06 18:20:21,815 [INFO] PluginManage:310 - Check plugin pinoutandconfiguration
2026-01-06 18:20:21,839 [INFO] PluginManage:359 - Loaded plugin pinoutandconfiguration (category:base,tabindex:1)
2026-01-06 18:20:21,839 [INFO] PluginManage:310 - Check plugin pinoutconfig
2026-01-06 18:20:21,960 [WARN] SupportedApi:132 - Cannot load RTOS API schema: s4s-elt-must-match.1: The content of 'definitions' must match (annotation?, (simpleType | complexType)?, (unique | key | keyref)*)). A problem was found starting at: attribute.
2026-01-06 18:20:22,110 [INFO] PluginManage:359 - Loaded plugin pinoutconfig (category:base,tabindex:0)
2026-01-06 18:20:22,110 [INFO] PluginManage:310 - Check plugin power
2026-01-06 18:20:22,139 [INFO] PluginManage:359 - Loaded plugin power (category:power,tabindex:4)
2026-01-06 18:20:22,139 [INFO] PluginManage:310 - Check plugin projectmanager
2026-01-06 18:20:22,157 [INFO] PluginManage:359 - Loaded plugin projectmanager (category:projectmanager,tabindex:4)
2026-01-06 18:20:22,157 [INFO] PluginManage:310 - Check plugin rif
2026-01-06 18:20:22,180 [INFO] PluginManage:359 - Loaded plugin rif (category:base,tabindex:3)
2026-01-06 18:20:22,181 [INFO] PluginManage:310 - Check plugin thirdparty
2026-01-06 18:20:22,577 [INFO] PluginManage:359 - Loaded plugin thirdparty (category:base,tabindex:-1)
2026-01-06 18:20:22,577 [WARN] IntegrityCheckThread:84 - waiting for thirdparty lock release [integrity check]
2026-01-06 18:20:22,578 [INFO] PluginManage:310 - Check plugin tools
2026-01-06 18:20:22,578 [INFO] IntegrityCheckThread:86 - entering critical section [integrity check]
2026-01-06 18:20:22,578 [INFO] ThirdPartyUpdaterWithRetryManager:70 - Updater plugin not ready yet. [1/15]
2026-01-06 18:20:22,639 [INFO] PluginManage:359 - Loaded plugin tools (category:base,tabindex:7)
2026-01-06 18:20:22,639 [INFO] PluginManage:310 - Check plugin tutovideos
2026-01-06 18:20:22,871 [INFO] PluginManage:359 - Loaded plugin tutovideos (category:base,tabindex:-1)
2026-01-06 18:20:22,871 [INFO] PluginManage:310 - Check plugin updater
2026-01-06 18:20:22,894 [INFO] PluginManage:359 - Loaded plugin updater (category:base,tabindex:12)
2026-01-06 18:20:22,894 [INFO] PluginManage:310 - Check plugin userauth
2026-01-06 18:20:22,899 [INFO] UserAuth:118 - Init User Auth plugin
2026-01-06 18:20:22,901 [INFO] PluginManage:359 - Loaded plugin userauth (category:base,tabindex:14)
2026-01-06 18:20:22,901 [INFO] PluginManage:283 - PluginManage : Loaded plugins [18]
2026-01-06 18:20:23,189 [INFO] PinOutPanel:1589 - setPackage(No Configuration,No Configuration)
2026-01-06 18:20:23,320 [INFO] CADModel:165 - CPN selected for project level
2026-01-06 18:20:23,321 [INFO] CADModel:114 - Register for checkConnection events
2026-01-06 18:20:23,363 [INFO] IPUIPlugin:80 - create IPUIPlugin
2026-01-06 18:20:23,363 [INFO] PluginManager:220 - loadIPPluginJar : add adc
2026-01-06 18:20:23,419 [INFO] IPUIPlugin:80 - create IPUIPlugin
2026-01-06 18:20:23,419 [INFO] PluginManager:220 - loadIPPluginJar : add aes
2026-01-06 18:20:23,482 [INFO] IPUIPlugin:80 - create IPUIPlugin
2026-01-06 18:20:23,482 [INFO] PluginManager:220 - loadIPPluginJar : add can
2026-01-06 18:20:23,528 [INFO] IPUIPlugin:80 - create IPUIPlugin
2026-01-06 18:20:23,528 [INFO] PluginManager:220 - loadIPPluginJar : add comp
2026-01-06 18:20:23,583 [INFO] IPUIPlugin:80 - create IPUIPlugin
2026-01-06 18:20:23,584 [INFO] PluginManager:220 - loadIPPluginJar : add cryp
2026-01-06 18:20:23,604 [INFO] IPUIPlugin:80 - create IPUIPlugin
2026-01-06 18:20:23,604 [INFO] PluginManager:220 - loadIPPluginJar : add ddr_ctrl_phy
2026-01-06 18:20:23,656 [INFO] IPUIPlugin:80 - create IPUIPlugin
2026-01-06 18:20:23,657 [INFO] PluginManager:220 - loadIPPluginJar : add dfsdm
2026-01-06 18:20:23,677 [INFO] IPUIPlugin:80 - create IPUIPlugin
2026-01-06 18:20:23,678 [INFO] PluginManager:220 - loadIPPluginJar : add dma
2026-01-06 18:20:23,745 [INFO] IPUIPlugin:80 - create IPUIPlugin
2026-01-06 18:20:23,745 [INFO] PluginManager:220 - loadIPPluginJar : add dma3
2026-01-06 18:20:23,813 [INFO] IPUIPlugin:80 - create IPUIPlugin
2026-01-06 18:20:23,814 [INFO] PluginManager:220 - loadIPPluginJar : add extmemmanager
2026-01-06 18:20:23,850 [INFO] IPUIPlugin:80 - create IPUIPlugin
2026-01-06 18:20:23,850 [INFO] PluginManager:220 - loadIPPluginJar : add fatfs
2026-01-06 18:20:23,925 [INFO] IPUIPlugin:80 - create IPUIPlugin
2026-01-06 18:20:23,925 [INFO] PluginManager:220 - loadIPPluginJar : add fmc
2026-01-06 18:20:23,945 [INFO] IPUIPlugin:80 - create IPUIPlugin
2026-01-06 18:20:23,945 [INFO] PluginManager:220 - loadIPPluginJar : add freertos
2026-01-06 18:20:23,980 [INFO] IPUIPlugin:80 - create IPUIPlugin
2026-01-06 18:20:23,980 [INFO] PluginManager:220 - loadIPPluginJar : add genericplugin
2026-01-06 18:20:24,137 [INFO] IPUIPlugin:80 - create IPUIPlugin
2026-01-06 18:20:24,137 [INFO] PluginManager:220 - loadIPPluginJar : add gfxmmu
2026-01-06 18:20:24,399 [INFO] IPUIPlugin:80 - create IPUIPlugin
2026-01-06 18:20:24,400 [INFO] PluginManager:220 - loadIPPluginJar : add gic
2026-01-06 18:20:24,427 [INFO] IPUIPlugin:80 - create IPUIPlugin
2026-01-06 18:20:24,427 [INFO] PluginManager:220 - loadIPPluginJar : add gpio
2026-01-06 18:20:24,598 [INFO] IPUIPlugin:80 - create IPUIPlugin
2026-01-06 18:20:24,598 [INFO] PluginManager:220 - loadIPPluginJar : add gtzc
2026-01-06 18:20:24,669 [INFO] IPUIPlugin:80 - create IPUIPlugin
2026-01-06 18:20:24,669 [INFO] PluginManager:220 - loadIPPluginJar : add hash
2026-01-06 18:20:24,781 [INFO] IPUIPlugin:80 - create IPUIPlugin
2026-01-06 18:20:24,781 [INFO] PluginManager:220 - loadIPPluginJar : add i2c
2026-01-06 18:20:24,860 [INFO] IPUIPlugin:80 - create IPUIPlugin
2026-01-06 18:20:24,860 [INFO] PluginManager:220 - loadIPPluginJar : add i2s
2026-01-06 18:20:24,941 [INFO] IPUIPlugin:80 - create IPUIPlugin
2026-01-06 18:20:24,941 [INFO] PluginManager:220 - loadIPPluginJar : add i3c
2026-01-06 18:20:25,101 [INFO] IPUIPlugin:80 - create IPUIPlugin
2026-01-06 18:20:25,101 [INFO] PluginManager:220 - loadIPPluginJar : add ipddr
2026-01-06 18:20:25,247 [INFO] IPUIPlugin:80 - create IPUIPlugin
2026-01-06 18:20:25,247 [INFO] PluginManager:220 - loadIPPluginJar : add linkedlist
2026-01-06 18:20:25,308 [INFO] IPUIPlugin:80 - create IPUIPlugin
2026-01-06 18:20:25,308 [INFO] PluginManager:220 - loadIPPluginJar : add lorawan
2026-01-06 18:20:25,376 [INFO] IPUIPlugin:80 - create IPUIPlugin
2026-01-06 18:20:25,377 [INFO] PluginManager:220 - loadIPPluginJar : add ltdc
2026-01-06 18:20:25,401 [INFO] IPUIPlugin:80 - create IPUIPlugin
2026-01-06 18:20:25,401 [INFO] PluginManager:220 - loadIPPluginJar : add mdma
2026-01-06 18:20:25,421 [INFO] IPUIPlugin:80 - create IPUIPlugin
2026-01-06 18:20:25,421 [INFO] PluginManager:220 - loadIPPluginJar : add nvic
2026-01-06 18:20:25,492 [INFO] IPUIPlugin:80 - create IPUIPlugin
2026-01-06 18:20:25,492 [INFO] PluginManager:220 - loadIPPluginJar : add opamp
2026-01-06 18:20:25,579 [INFO] ThirdPartyUpdaterWithRetryManager:70 - Updater plugin not ready yet. [2/15]
2026-01-06 18:20:25,599 [INFO] IPUIPlugin:80 - create IPUIPlugin
2026-01-06 18:20:25,599 [INFO] PluginManager:220 - loadIPPluginJar : add openamp
2026-01-06 18:20:25,670 [INFO] IPUIPlugin:80 - create IPUIPlugin
2026-01-06 18:20:25,670 [INFO] PluginManager:220 - loadIPPluginJar : add pdm2pcm
2026-01-06 18:20:25,689 [INFO] IPUIPlugin:80 - create IPUIPlugin
2026-01-06 18:20:25,692 [INFO] PluginManager:220 - loadIPPluginJar : add plateformsettings
2026-01-06 18:20:25,731 [INFO] IPUIPlugin:80 - create IPUIPlugin
2026-01-06 18:20:25,731 [INFO] PluginManager:220 - loadIPPluginJar : add quadspi
2026-01-06 18:20:25,774 [INFO] IPUIPlugin:80 - create IPUIPlugin
2026-01-06 18:20:25,775 [INFO] PluginManager:220 - loadIPPluginJar : add radio
2026-01-06 18:20:25,794 [INFO] IPUIPlugin:80 - create IPUIPlugin
2026-01-06 18:20:25,794 [INFO] PluginManager:220 - loadIPPluginJar : add resmgrutility
2026-01-06 18:20:25,869 [INFO] IPUIPlugin:80 - create IPUIPlugin
2026-01-06 18:20:25,869 [INFO] PluginManager:220 - loadIPPluginJar : add sai
2026-01-06 18:20:25,929 [INFO] IPUIPlugin:80 - create IPUIPlugin
2026-01-06 18:20:25,930 [INFO] PluginManager:220 - loadIPPluginJar : add spi
2026-01-06 18:20:26,041 [INFO] IPUIPlugin:80 - create IPUIPlugin
2026-01-06 18:20:26,041 [INFO] PluginManager:220 - loadIPPluginJar : add stm32_wpan
2026-01-06 18:20:26,083 [INFO] IPUIPlugin:80 - create IPUIPlugin
2026-01-06 18:20:26,083 [INFO] PluginManager:220 - loadIPPluginJar : add tim
2026-01-06 18:20:26,185 [INFO] IPUIPlugin:80 - create IPUIPlugin
2026-01-06 18:20:26,186 [INFO] PluginManager:220 - loadIPPluginJar : add touchsensing
2026-01-06 18:20:26,228 [INFO] IPUIPlugin:80 - create IPUIPlugin
2026-01-06 18:20:26,228 [INFO] PluginManager:220 - loadIPPluginJar : add tracer_emb
2026-01-06 18:20:26,268 [INFO] IPUIPlugin:80 - create IPUIPlugin
2026-01-06 18:20:26,268 [INFO] PluginManager:220 - loadIPPluginJar : add ts
2026-01-06 18:20:26,307 [INFO] IPUIPlugin:80 - create IPUIPlugin
2026-01-06 18:20:26,307 [INFO] PluginManager:220 - loadIPPluginJar : add tsc
2026-01-06 18:20:26,345 [INFO] IPUIPlugin:80 - create IPUIPlugin
2026-01-06 18:20:26,345 [INFO] PluginManager:220 - loadIPPluginJar : add ucpd
2026-01-06 18:20:26,421 [INFO] IPUIPlugin:80 - create IPUIPlugin
2026-01-06 18:20:26,422 [INFO] PluginManager:220 - loadIPPluginJar : add usart
2026-01-06 18:20:26,499 [INFO] IPUIPlugin:80 - create IPUIPlugin
2026-01-06 18:20:26,499 [INFO] PluginManager:220 - loadIPPluginJar : add usbx
2026-01-06 18:20:26,661 [FATAL] Updater:351 - Updater called before beeing initialized
2026-01-06 18:20:26,689 [INFO] RulesReader:64 - Compatibility file has been processed (301 Rules)
2026-01-06 18:20:26,699 [INFO] RulesReader:64 - Compatibility file has been processed (301 Rules)
2026-01-06 18:20:26,709 [INFO] CADModel:165 - CPN selected for project level
2026-01-06 18:20:26,709 [INFO] CADModel:114 - Register for checkConnection events
2026-01-06 18:20:26,709 [FATAL] Updater:351 - Updater called before beeing initialized
2026-01-06 18:20:26,709 [ERROR] CADModel:125 - Updater not yet initialized, retry later 
2026-01-06 18:20:26,912 [FATAL] Updater:351 - Updater called before beeing initialized
2026-01-06 18:20:26,915 [INFO] CADModel:165 - CPN selected for project level
2026-01-06 18:20:26,915 [INFO] CADModel:114 - Register for checkConnection events
2026-01-06 18:20:26,915 [FATAL] Updater:351 - Updater called before beeing initialized
2026-01-06 18:20:26,915 [ERROR] CADModel:125 - Updater not yet initialized, retry later 
2026-01-06 18:20:26,921 [FATAL] Updater:351 - Updater called before beeing initialized
2026-01-06 18:20:27,077 [FATAL] Updater:351 - Updater called before beeing initialized
2026-01-06 18:20:27,093 [INFO] DbMcusAds:53 - JSON generation date=Tue Dec 16 04:41:46 IST 2025 (1765840306612)
2026-01-06 18:20:27,094 [FATAL] Updater:351 - Updater called before beeing initialized
2026-01-06 18:20:27,136 [WARN] DetailPanel:346 - Failed to get advertising image, set to default
2026-01-06 18:20:27,391 [FATAL] Updater:351 - Updater called before beeing initialized
2026-01-06 18:20:27,393 [FATAL] Updater:351 - Updater called before beeing initialized
2026-01-06 18:20:27,394 [FATAL] Updater:351 - Updater called before beeing initialized
2026-01-06 18:20:27,394 [WARN] DetailPanel:346 - Failed to get advertising image, set to default
2026-01-06 18:20:27,395 [FATAL] Updater:351 - Updater called before beeing initialized
2026-01-06 18:20:27,470 [ERROR] Updater:1198 - MainUpdater not yet initialized. External WinMGr cannot be set.
2026-01-06 18:20:27,485 [INFO] Updater:1134 - Updater Version found : 6.14.0
2026-01-06 18:20:27,509 [INFO] ApplicationProperties:184 - Using Application install path: C:\ST\STM32CubeIDE_1.18.0\STM32CubeIDE\plugins\com.st.stm32cube.common.mx_6.14.0.202502271554
2026-01-06 18:20:28,580 [INFO] ThirdPartyUpdaterWithRetryManager:70 - Updater plugin not ready yet. [3/15]
2026-01-06 18:20:29,093 [ERROR] LogOutputStream:75 - [STDERR_REDIRECT] Jan 06, 2026 6:20:29 PM java.util.prefs.WindowsPreferences <init>
2026-01-06 18:20:29,094 [ERROR] LogOutputStream:75 - [STDERR_REDIRECT] WARNING: Could not open/create prefs root node Software\JavaSoft\Prefs at root 0xffffffff80000002. Windows RegCreateKeyEx(...) returned error code 5.
2026-01-06 18:20:29,095 [ERROR] LogOutputStream:75 - [STDERR_REDIRECT] 
2026-01-06 18:20:29,533 [INFO] MainUpdater:2872 - connection check result : 10
2026-01-06 18:20:29,534 [INFO] MainUpdater:289 - Updater Check For Update Now.
2026-01-06 18:20:29,534 [INFO] MicroXplorer:498 - Change Database Version : DB.6.0.140
2026-01-06 18:20:29,559 [INFO] McuFinderGlobals:63 - Set McuFinder mode to 2 (CubeIDE integrated)
2026-01-06 18:20:29,571 [INFO] UserAuth:486 - Internet connection configuration mode: 1
2026-01-06 18:20:29,613 [INFO] JxBrowserEngine:152 - Initiate JxBrowser Engine with user profile folder
2026-01-06 18:20:29,761 [INFO] CheckServerUpdateThread:120 - End of CheckServer Thread
2026-01-06 18:20:31,446 [INFO] WebApp:169 - Instantiating new browser for Auth
2026-01-06 18:20:32,200 [WARN] PackLoader:240 - Cannot read IP mode file for STMicroelectronics.FP-SNS-MOTENVWB1.1.4.0
2026-01-06 18:20:32,231 [WARN] PackLoader:240 - Cannot read IP mode file for STMicroelectronics.FP-ATR-ASTRA1.2.0.2
2026-01-06 18:20:32,262 [WARN] PackLoader:240 - Cannot read IP mode file for STMicroelectronics.X-CUBE-SMBUS.2.1.0
2026-01-06 18:20:32,290 [WARN] PackLoader:240 - Cannot read IP mode file for STMicroelectronics.X-CUBE-WB05N.1.1.0
2026-01-06 18:20:32,344 [WARN] PackLoader:240 - Cannot read IP mode file for STMicroelectronics.X-CUBE-AZRTOS-F7.1.1.0
2026-01-06 18:20:32,391 [ERROR] Engine:466 - C:\Users\Manu_s_r\.stm32cubemx\thirdparties\pdsc\STMicroelectronics.FP-SNS-MOTENV1.5.1.0.pdsc: PDSC version is not supported
2026-01-06 18:20:32,508 [WARN] PackLoader:240 - Cannot read IP mode file for Infineon.AIROC-Wi-Fi-Bluetooth-STM32.1.7.0
2026-01-06 18:20:32,593 [WARN] PackLoader:240 - Cannot read IP mode file for STMicroelectronics.X-CUBE-AZRTOS-H7.3.4.0
2026-01-06 18:20:32,640 [WARN] PackLoader:240 - Cannot read IP mode file for STMicroelectronics.X-CUBE-DISPLAY.3.0.0
2026-01-06 18:20:32,705 [WARN] PackLoader:240 - Cannot read IP mode file for STMicroelectronics.X-CUBE-NFC10.1.0.0
2026-01-06 18:20:32,715 [INFO] WebApp:463 - Apply proxy settings
2026-01-06 18:20:32,716 [INFO] WebApp:548 - Chromium requires no authentication
2026-01-06 18:20:32,736 [INFO] WebApp:491 - Direct internet connection detected
2026-01-06 18:20:32,750 [WARN] PackLoader:240 - Cannot read IP mode file for STMicroelectronics.X-CUBE-BLEMGR.4.0.0
2026-01-06 18:20:32,792 [WARN] PackLoader:240 - Cannot read IP mode file for STMicroelectronics.X-CUBE-ST60.1.1.0
2026-01-06 18:20:32,800 [INFO] WebApp:894 - Register for checkConnection events
2026-01-06 18:20:32,801 [INFO] WebApp:463 - Apply proxy settings
2026-01-06 18:20:32,801 [INFO] WebApp:548 - Chromium requires no authentication
2026-01-06 18:20:32,802 [INFO] WebApp:491 - Direct internet connection detected
2026-01-06 18:20:32,830 [WARN] PackLoader:240 - Cannot read IP mode file for emotas.I-CUBE-CANOPEN.1.3.0
2026-01-06 18:20:32,864 [WARN] PackLoader:240 - Cannot read IP mode file for STMicroelectronics.X-CUBE-GNSS1.7.1.0
2026-01-06 18:20:32,899 [WARN] ConditionMgr:438 - getConditionDescription Invalid condition id : Cortex-A Device cause : null
2026-01-06 18:20:32,949 [WARN] ConditionMgr:1044 - genDependencies : Invalid condition id : Cortex-A Device cause : null
2026-01-06 18:20:32,950 [WARN] ConditionMgr:1044 - genDependencies : Invalid condition id : Cortex-A Device cause : null
2026-01-06 18:20:32,950 [WARN] ConditionMgr:1044 - genDependencies : Invalid condition id : Cortex-A Device cause : null
2026-01-06 18:20:32,978 [WARN] PackLoader:240 - Cannot read IP mode file for STMicroelectronics.X-CUBE-AI.10.0.0
2026-01-06 18:20:33,003 [ERROR] Engine:466 - C:\Users\Manu_s_r\.stm32cubemx\thirdparties\pdsc\STMicroelectronics.FP-SNS-STBOX1.2.1.0.pdsc: PDSC version is not supported
2026-01-06 18:20:33,029 [WARN] PackLoader:240 - Cannot read IP mode file for STMicroelectronics.FP-SNS-SMARTAG2.1.2.0
2026-01-06 18:20:33,065 [WARN] PackLoader:240 - Cannot read IP mode file for STMicroelectronics.FP-SNS-FLIGHT1.5.1.0
2026-01-06 18:20:33,089 [INFO] WebApp:191 - Connection restablished
2026-01-06 18:20:33,164 [WARN] PackLoader:240 - Cannot read IP mode file for STMicroelectronics.X-CUBE-MEMS1.11.1.0
2026-01-06 18:20:33,221 [INFO] WebApp:225 - Starting web application
2026-01-06 18:20:33,222 [INFO] WebApp:593 - Web application path used C:\ST\STM32CubeIDE_1.18.0\STM32CubeIDE\plugins\com.st.stm32cube.common.mx_6.14.0.202502271554\db\plugins\mcufinder\reactClient1\index.html
2026-01-06 18:20:33,399 [INFO] LogOutputStream:77 - [STDOUT_REDIRECT] 1 : Invalid condition id : UX_CORESTACK_Condition cause : null
2026-01-06 18:20:33,400 [INFO] LogOutputStream:77 - [STDOUT_REDIRECT] 1 : Invalid condition id : UX_CORESTACK_Condition cause : null
2026-01-06 18:20:33,402 [INFO] LogOutputStream:77 - [STDOUT_REDIRECT] 1 : Invalid condition id : UX_CORESTACK_Condition cause : null
2026-01-06 18:20:33,405 [INFO] LogOutputStream:77 - [STDOUT_REDIRECT] 1 : Invalid condition id : UX_CORESTACK_Condition cause : null
2026-01-06 18:20:33,407 [INFO] LogOutputStream:77 - [STDOUT_REDIRECT] 1 : Invalid condition id : UX_CORESTACK_Condition cause : null
2026-01-06 18:20:33,412 [WARN] PackLoader:240 - Cannot read IP mode file for STMicroelectronics.X-CUBE-AZRTOS-WL.2.0.0
2026-01-06 18:20:33,454 [WARN] PackLoader:240 - Cannot read IP mode file for STMicroelectronics.FP-SNS-MOTENV1.5.0.0
2026-01-06 18:20:33,516 [WARN] PackLoader:240 - Cannot read IP mode file for STMicroelectronics.X-CUBE-AZRTOS-H7RS.1.2.0
2026-01-06 18:20:33,556 [WARN] PackLoader:240 - Cannot read IP mode file for WES.I-CUBE-Cesium.1.3.0
2026-01-06 18:20:33,596 [WARN] PackLoader:240 - Cannot read IP mode file for STMicroelectronics.X-CUBE-BLE2.3.3.0
2026-01-06 18:20:33,714 [WARN] PackLoader:240 - Cannot read IP mode file for STMicroelectronics.X-CUBE-NFC9.1.0.0
2026-01-06 18:20:33,739 [INFO] UserAuth:486 - Internet connection configuration mode: 1
2026-01-06 18:20:33,751 [WARN] PackLoader:240 - Cannot read IP mode file for STMicroelectronics.X-CUBE-BLE1.7.1.0
2026-01-06 18:20:33,798 [WARN] PackLoader:240 - Cannot read IP mode file for wolfSSL.I-CUBE-wolfMQTT.1.19.2
2026-01-06 18:20:33,842 [ERROR] Engine:466 - C:\Users\Manu_s_r\.stm32cubemx\thirdparties\pdsc\STMicroelectronics.X-CUBE-FREERTOS.1.4.0.pdsc: PDSC version is not supported
2026-01-06 18:20:33,899 [WARN] PackLoader:240 - Cannot read IP mode file for STMicroelectronics.X-CUBE-EEPRMA1.5.2.0
2026-01-06 18:20:33,941 [ERROR] Engine:466 - C:\Users\Manu_s_r\.stm32cubemx\thirdparties\pdsc\STMicroelectronics.X-CUBE-ST67W61.1.1.0.pdsc: PDSC version is not supported
2026-01-06 18:20:34,030 [WARN] PackLoader:240 - Cannot read IP mode file for STMicroelectronics.X-CUBE-MEMS1.12.0.0
2026-01-06 18:20:34,155 [WARN] PackLoader:240 - Cannot read IP mode file for STMicroelectronics.X-CUBE-AZRTOS-G0.1.1.0
2026-01-06 18:20:34,188 [WARN] PackLoader:240 - Cannot read IP mode file for STMicroelectronics.X-CUBE-SAFEA1.1.2.2
2026-01-06 18:20:34,215 [WARN] PackLoader:240 - Cannot read IP mode file for STMicroelectronics.X-CUBE-NFC4.3.0.0
2026-01-06 18:20:34,246 [WARN] PackLoader:240 - Cannot read IP mode file for EmbeddedOffice.I-CUBE-FS-RTOS.1.0.1
2026-01-06 18:20:34,272 [WARN] PackLoader:240 - Cannot read IP mode file for STMicroelectronics.X-CUBE-WB05N.2.0.0
2026-01-06 18:20:34,296 [WARN] PackLoader:240 - Cannot read IP mode file for wolfSSL.I-CUBE-wolfTPM.3.8.0
2026-01-06 18:20:34,319 [WARN] PackLoader:240 - Cannot read IP mode file for STMicroelectronics.X-CUBE-TCPP.4.2.0
2026-01-06 18:20:34,349 [WARN] PackLoader:240 - Cannot read IP mode file for RealThread.X-CUBE-RT-Thread_Nano.4.1.1
2026-01-06 18:20:34,372 [WARN] PackLoader:240 - Cannot read IP mode file for STMicroelectronics.FP-ATR-SIGFOX1.3.2.0
2026-01-06 18:20:34,399 [WARN] PackLoader:240 - Cannot read IP mode file for STMicroelectronics.X-CUBE-EEPRMA1.5.1.0
2026-01-06 18:20:34,431 [WARN] PackLoader:240 - Cannot read IP mode file for wolfSSL.I-CUBE-wolfSSL.5.7.6
2026-01-06 18:20:34,460 [WARN] PackLoader:240 - Cannot read IP mode file for ITTIA_DB.I-CUBE-ITTIADB.8.9.0
2026-01-06 18:20:34,485 [WARN] PackLoader:240 - Cannot read IP mode file for STMicroelectronics.X-CUBE-AI.10.2.0
2026-01-06 18:20:34,550 [WARN] PackLoader:240 - Cannot read IP mode file for SEGGER.I-CUBE-embOS.1.3.1
2026-01-06 18:20:34,619 [WARN] PackLoader:240 - Cannot read IP mode file for STMicroelectronics.X-CUBE-ALGOBUILD.1.4.0
2026-01-06 18:20:34,649 [WARN] PackLoader:240 - Cannot read IP mode file for STMicroelectronics.X-CUBE-PM33A1.1.0.0
2026-01-06 18:20:34,703 [WARN] PackLoader:240 - Cannot read IP mode file for STMicroelectronics.X-CUBE-AZRTOS-F4.1.1.0
2026-01-06 18:20:34,737 [WARN] PackLoader:240 - Cannot read IP mode file for Avnet-IotConnect.X-CUBE-IoTC-DA16k-PMOD.1.0.0
2026-01-06 18:20:34,767 [WARN] PackLoader:240 - Cannot read IP mode file for STMicroelectronics.X-CUBE-ISPU.2.1.0
2026-01-06 18:20:34,821 [ERROR] Engine:466 - C:\Users\Manu_s_r\.stm32cubemx\thirdparties\pdsc\STMicroelectronics.X-CUBE-IPS.3.2.0.pdsc: PDSC version is not supported
2026-01-06 18:20:34,850 [WARN] PackLoader:240 - Cannot read IP mode file for STMicroelectronics.X-CUBE-NFC12.1.0.0
2026-01-06 18:20:34,898 [WARN] PackLoader:240 - Cannot read IP mode file for STMicroelectronics.X-CUBE-AZRTOS-L5.2.0.0
2026-01-06 18:20:34,928 [WARN] PackLoader:240 - Cannot read IP mode file for STMicroelectronics.X-CUBE-NFC6.3.1.0
2026-01-06 18:20:34,968 [WARN] PackLoader:240 - Cannot read IP mode file for STMicroelectronics.X-CUBE-FREERTOS.1.3.0
2026-01-06 18:20:35,005 [WARN] PackLoader:240 - Cannot read IP mode file for STMicroelectronics.X-CUBE-NFC7.1.0.1
2026-01-06 18:20:35,044 [WARN] PackLoader:240 - Cannot read IP mode file for STMicroelectronics.X-CUBE-TOUCHGFX.4.26.0
2026-01-06 18:20:35,077 [WARN] PackLoader:240 - Cannot read IP mode file for STMicroelectronics.FP-SNS-STAIOTCFT.1.0.0
2026-01-06 18:20:35,108 [WARN] PackLoader:240 - Cannot read IP mode file for STMicroelectronics.X-CUBE-DPower.1.3.0
2026-01-06 18:20:35,168 [WARN] ConditionMgr:438 - getConditionDescription Invalid condition id : LAN8742 Phy interface Condition cause : null
2026-01-06 18:20:35,169 [WARN] PackLoader:240 - Cannot read IP mode file for STMicroelectronics.X-CUBE-AZRTOS-L4.2.0.0
2026-01-06 18:20:35,170 [WARN] ConditionMgr:1044 - genDependencies : Invalid condition id : LAN8742 Phy interface Condition cause : null
2026-01-06 18:20:35,171 [WARN] ConditionMgr:1044 - genDependencies : Invalid condition id : LAN8742 Phy interface Condition cause : null
2026-01-06 18:20:35,172 [WARN] ConditionMgr:1044 - genDependencies : Invalid condition id : LAN8742 Phy interface Condition cause : null
2026-01-06 18:20:35,212 [WARN] PackLoader:240 - Cannot read IP mode file for STMicroelectronics.X-CUBE-SFXS2LP1.4.0.0
2026-01-06 18:20:35,283 [WARN] PackLoader:240 - Cannot read IP mode file for STMicroelectronics.X-CUBE-AZRTOS-H7.3.3.0
2026-01-06 18:20:35,325 [WARN] PackLoader:240 - Cannot read IP mode file for STMicroelectronics.X-CUBE-BLEMGR.4.1.0
2026-01-06 18:20:35,371 [WARN] ConditionMgr:438 - getConditionDescription Invalid condition id : UX DEVICE CLASS RTOS Condition cause : null
2026-01-06 18:20:35,371 [WARN] ConditionMgr:438 - getConditionDescription Invalid condition id : UX DEVICE CLASS RTOS Condition cause : null
2026-01-06 18:20:35,373 [WARN] PackLoader:240 - Cannot read IP mode file for STMicroelectronics.X-CUBE-AZRTOS-WB.2.0.0
2026-01-06 18:20:35,374 [WARN] ConditionMgr:1044 - genDependencies : Invalid condition id : UX DEVICE CLASS RTOS Condition cause : null
2026-01-06 18:20:35,374 [WARN] ConditionMgr:1044 - genDependencies : Invalid condition id : UX DEVICE CLASS RTOS Condition cause : null
2026-01-06 18:20:35,374 [WARN] ConditionMgr:1044 - genDependencies : Invalid condition id : UX DEVICE CLASS RTOS Condition cause : null
2026-01-06 18:20:35,375 [WARN] ConditionMgr:1044 - genDependencies : Invalid condition id : UX DEVICE CLASS RTOS Condition cause : null
2026-01-06 18:20:35,375 [WARN] ConditionMgr:1044 - genDependencies : Invalid condition id : UX DEVICE CLASS RTOS Condition cause : null
2026-01-06 18:20:35,401 [WARN] PackLoader:240 - Cannot read IP mode file for STMicroelectronics.X-CUBE-GNSS1.7.0.1
2026-01-06 18:20:35,434 [WARN] PackLoader:240 - Cannot read IP mode file for STMicroelectronics.X-CUBE-TOUCHGFX.4.25.0
2026-01-06 18:20:35,469 [WARN] PackLoader:240 - Cannot read IP mode file for STMicroelectronics.FP-SNS-STBOX1.2.0.0
2026-01-06 18:20:35,509 [WARN] PackLoader:240 - Cannot read IP mode file for STMicroelectronics.X-CUBE-SUBG2.5.0.0
2026-01-06 18:20:35,563 [WARN] PackLoader:240 - Cannot read IP mode file for STMicroelectronics.X-CUBE-AZRTOS-H7RS.1.1.0
2026-01-06 18:20:35,597 [WARN] PackLoader:240 - Cannot read IP mode file for Cesanta.I-CUBE-Mongoose.7.13.0
2026-01-06 18:20:35,640 [WARN] PackLoader:240 - Cannot read IP mode file for STMicroelectronics.X-CUBE-AZRTOS-G4.2.0.0
2026-01-06 18:20:35,671 [WARN] PackLoader:240 - Cannot read IP mode file for wolfSSL.I-CUBE-wolfSSH.1.4.20
2026-01-06 18:20:35,700 [WARN] PackLoader:240 - Cannot read IP mode file for STMicroelectronics.X-CUBE-NFC7.2.0.0
2026-01-06 18:20:35,740 [WARN] PackLoader:240 - Cannot read IP mode file for STMicroelectronics.X-CUBE-IPS.3.1.0
2026-01-06 18:20:35,776 [WARN] PackLoader:240 - Cannot read IP mode file for STMicroelectronics.X-CUBE-ALS.1.0.2
2026-01-06 18:20:35,814 [WARN] PackLoader:240 - Cannot read IP mode file for STMicroelectronics.X-CUBE-STSE01.1.0.0
2026-01-06 18:20:35,849 [WARN] PackLoader:240 - Cannot read IP mode file for portGmbH.I-Cube-SoM-uGOAL.1.1.0
2026-01-06 18:20:35,888 [WARN] PackLoader:240 - Cannot read IP mode file for STMicroelectronics.X-CUBE-TOF1.3.4.2
2026-01-06 18:20:35,934 [WARN] PackLoader:240 - Cannot read IP mode file for STMicroelectronics.X-CUBE-TOF1.3.4.3
2026-01-06 18:20:35,945 [INFO] ThirdParty:978 - Integrity check success = true
2026-01-06 18:20:35,945 [INFO] IntegrityCheckThread:100 - exiting critical section [integrity check]
2026-01-06 18:20:35,946 [INFO] IntegrityCheckThread:103 - End integrity checks thread
2026-01-06 18:22:29,872 [ERROR] LogOutputStream:75 - [STDERR_REDIRECT] 
2026-01-06 18:22:29,873 [ERROR] LogOutputStream:75 - [STDERR_REDIRECT] 
2026-01-06 19:19:59,672 [INFO] Activator:176 - 


2026-01-06 19:19:59,675 [INFO] Activator:177 - !SESSION log4j initialized
2026-01-06 19:20:07,838 [INFO] LogOutputStream:77 - [STDOUT_REDIRECT] 
2026-01-06 19:20:16,738 [INFO] ApplicationProperties:184 - Using Application install path: C:\ST\STM32CubeIDE_1.18.0\STM32CubeIDE\plugins\com.st.stm32cube.common.mx_6.14.0.202502271554
2026-01-06 19:20:16,761 [INFO] DbMcusXml:78 - Set database path to: C:\ST\STM32CubeIDE_1.18.0\STM32CubeIDE\plugins\com.st.stm32cube.common.mx_6.14.0.202502271554\\db\/mcu/
2026-01-06 19:20:16,762 [INFO] ApiDb:274 - Set plugin database path to: C:\ST\STM32CubeIDE_1.18.0\STM32CubeIDE\plugins\com.st.stm32cube.common.mx_6.14.0.202502271554\\db\/plugins/boardmanager/
2026-01-06 19:20:16,762 [WARN] ApiDb:259 - Overriding images path with different value:  => C:\ST\STM32CubeIDE_1.18.0\STM32CubeIDE\plugins\com.st.stm32cube.common.mx_6.14.0.202502271554\\db\/plugins/mcufinder/images/
2026-01-06 19:20:16,777 [INFO] ApiDb:250 - Set database path to: C:\Users\Manu_s_r\.stmcufinder\plugins\mcufinder//mcu/
2026-01-06 19:20:16,779 [INFO] DbMcusAds:125 - Set database path to: C:\Users\Manu_s_r\.stmcufinder\plugins\mcufinder//mcu/
2026-01-06 19:20:16,783 [INFO] CrossReferenceDbSqlite:203 - Set database path to: C:\Users\Manu_s_r\.stmcufinder\plugins\mcufinder//mcu/cs/
2026-01-06 19:20:16,944 [INFO] RulesReader:64 - Compatibility file has been processed (301 Rules)
2026-01-06 19:20:17,059 [INFO] DbMcusXml:78 - Set database path to: C:\ST\STM32CubeIDE_1.18.0\STM32CubeIDE\plugins\com.st.stm32cube.common.mx_6.14.0.202502271554\\db\/mcu/
2026-01-06 19:20:17,059 [INFO] ApiDb:274 - Set plugin database path to: C:\ST\STM32CubeIDE_1.18.0\STM32CubeIDE\plugins\com.st.stm32cube.common.mx_6.14.0.202502271554\\db\/plugins/boardmanager/
2026-01-06 19:20:17,059 [INFO] ApiDb:261 - Set plugin images path to: C:\ST\STM32CubeIDE_1.18.0\STM32CubeIDE\plugins\com.st.stm32cube.common.mx_6.14.0.202502271554\\db\/plugins/mcufinder/images/
2026-01-06 19:20:17,059 [WARN] DbFile:41 - Overriding database path with different value: C:\Users\Manu_s_r\.stmcufinder\plugins\mcufinder/ => C:\Users\Manu_s_r\.stmcufinder\plugins\mcufinder
2026-01-06 19:20:17,060 [INFO] ApiDb:250 - Set database path to: C:\Users\Manu_s_r\.stmcufinder\plugins\mcufinder//mcu/
2026-01-06 19:20:17,060 [WARN] DbFile:41 - Overriding database path with different value: C:\Users\Manu_s_r\.stmcufinder\plugins\mcufinder/ => C:\Users\Manu_s_r\.stmcufinder\plugins\mcufinder
2026-01-06 19:20:17,060 [INFO] DbMcusAds:125 - Set database path to: C:\Users\Manu_s_r\.stmcufinder\plugins\mcufinder//mcu/
2026-01-06 19:20:17,060 [WARN] DbFile:41 - Overriding database path with different value: C:\Users\Manu_s_r\.stmcufinder\plugins\mcufinder/ => C:\Users\Manu_s_r\.stmcufinder\plugins\mcufinder
2026-01-06 19:20:17,060 [WARN] DbFile:41 - Overriding database path with different value: C:\Users\Manu_s_r\.stmcufinder\plugins\mcufinder/ => C:\Users\Manu_s_r\.stmcufinder\plugins\mcufinder
2026-01-06 19:20:17,060 [INFO] CrossReferenceDbSqlite:203 - Set database path to: C:\Users\Manu_s_r\.stmcufinder\plugins\mcufinder//mcu/cs/
2026-01-06 19:20:17,168 [INFO] MainPanel:272 - HeapMemory: 268435456
2026-01-06 19:20:17,328 [INFO] DbMcusXml:78 - Set database path to: C:\ST\STM32CubeIDE_1.18.0\STM32CubeIDE\plugins\com.st.stm32cube.common.mx_6.14.0.202502271554\\db\/mcu/
2026-01-06 19:20:17,328 [INFO] ApiDb:274 - Set plugin database path to: C:\ST\STM32CubeIDE_1.18.0\STM32CubeIDE\plugins\com.st.stm32cube.common.mx_6.14.0.202502271554\\db\/plugins/boardmanager/
2026-01-06 19:20:17,328 [INFO] ApiDb:261 - Set plugin images path to: C:\ST\STM32CubeIDE_1.18.0\STM32CubeIDE\plugins\com.st.stm32cube.common.mx_6.14.0.202502271554\\db\/plugins/mcufinder/images/
2026-01-06 19:20:17,328 [WARN] DbFile:41 - Overriding database path with different value: C:\Users\Manu_s_r\.stmcufinder\plugins\mcufinder/ => C:\Users\Manu_s_r\.stmcufinder\plugins\mcufinder
2026-01-06 19:20:17,328 [INFO] ApiDb:250 - Set database path to: C:\Users\Manu_s_r\.stmcufinder\plugins\mcufinder//mcu/
2026-01-06 19:20:17,328 [WARN] DbFile:41 - Overriding database path with different value: C:\Users\Manu_s_r\.stmcufinder\plugins\mcufinder/ => C:\Users\Manu_s_r\.stmcufinder\plugins\mcufinder
2026-01-06 19:20:17,328 [INFO] DbMcusAds:125 - Set database path to: C:\Users\Manu_s_r\.stmcufinder\plugins\mcufinder//mcu/
2026-01-06 19:20:17,329 [WARN] DbFile:41 - Overriding database path with different value: C:\Users\Manu_s_r\.stmcufinder\plugins\mcufinder/ => C:\Users\Manu_s_r\.stmcufinder\plugins\mcufinder
2026-01-06 19:20:17,329 [WARN] DbFile:41 - Overriding database path with different value: C:\Users\Manu_s_r\.stmcufinder\plugins\mcufinder/ => C:\Users\Manu_s_r\.stmcufinder\plugins\mcufinder
2026-01-06 19:20:17,329 [INFO] CrossReferenceDbSqlite:203 - Set database path to: C:\Users\Manu_s_r\.stmcufinder\plugins\mcufinder//mcu/cs/
2026-01-06 19:20:17,352 [INFO] ApplicationProperties:184 - Using Application install path: C:\ST\STM32CubeIDE_1.18.0\STM32CubeIDE\plugins\com.st.stm32cube.common.mx_6.14.0.202502271554
2026-01-06 19:20:17,353 [INFO] PluginManage:196 - Search for loadable plugins [exclusion list=, ]
2026-01-06 19:20:17,356 [INFO] PluginManage:310 - Check plugin analytics
2026-01-06 19:20:22,556 [INFO] AnalyticsPlugin:253 - Accepted Software Licenses: 
2026-01-06 19:20:22,557 [INFO] AnalyticsPlugin:255 - Accepted CMSIS Pack Licenses: 
2026-01-06 19:20:22,557 [INFO] AnalyticsPlugin:257 - Accepted Firmware Licenses: FW.L4.1.18.0
2026-01-06 19:20:22,559 [INFO] PluginManage:359 - Loaded plugin analytics (category:tool,tabindex:-1)
2026-01-06 19:20:22,560 [INFO] PluginManage:310 - Check plugin cadmodel
2026-01-06 19:20:22,583 [INFO] CADModel:105 - Init CAD model plugin
2026-01-06 19:20:22,583 [INFO] PluginManage:359 - Loaded plugin cadmodel (category:power,tabindex:5)
2026-01-06 19:20:22,583 [INFO] PluginManage:310 - Check plugin clock
2026-01-06 19:20:22,611 [INFO] PluginManage:359 - Loaded plugin clock (category:base,tabindex:2)
2026-01-06 19:20:22,611 [INFO] PluginManage:310 - Check plugin ddr
2026-01-06 19:20:22,613 [INFO] PluginManage:359 - Loaded plugin ddr (category:tool,tabindex:6)
2026-01-06 19:20:22,613 [INFO] PluginManage:310 - Check plugin filemanager
2026-01-06 19:20:22,783 [INFO] PluginManage:359 - Loaded plugin filemanager (category:base,tabindex:10)
2026-01-06 19:20:22,783 [INFO] PluginManage:310 - Check plugin ipmanager
2026-01-06 19:20:22,793 [INFO] PluginManage:359 - Loaded plugin ipmanager (category:base,tabindex:5)
2026-01-06 19:20:22,794 [INFO] PluginManage:310 - Check plugin lpbam
2026-01-06 19:20:22,822 [INFO] PluginManage:359 - Loaded plugin lpbam (category:base,tabindex:0)
2026-01-06 19:20:22,822 [INFO] PluginManage:310 - Check plugin memorymap
2026-01-06 19:20:22,860 [INFO] PluginManage:359 - Loaded plugin memorymap (category:base,tabindex:4)
2026-01-06 19:20:22,861 [INFO] PluginManage:310 - Check plugin pinoutandconfiguration
2026-01-06 19:20:22,886 [INFO] PluginManage:359 - Loaded plugin pinoutandconfiguration (category:base,tabindex:1)
2026-01-06 19:20:22,886 [INFO] PluginManage:310 - Check plugin pinoutconfig
2026-01-06 19:20:23,014 [WARN] SupportedApi:132 - Cannot load RTOS API schema: s4s-elt-must-match.1: The content of 'definitions' must match (annotation?, (simpleType | complexType)?, (unique | key | keyref)*)). A problem was found starting at: attribute.
2026-01-06 19:20:23,177 [INFO] PluginManage:359 - Loaded plugin pinoutconfig (category:base,tabindex:0)
2026-01-06 19:20:23,177 [INFO] PluginManage:310 - Check plugin power
2026-01-06 19:20:23,206 [INFO] PluginManage:359 - Loaded plugin power (category:power,tabindex:4)
2026-01-06 19:20:23,207 [INFO] PluginManage:310 - Check plugin projectmanager
2026-01-06 19:20:23,227 [INFO] PluginManage:359 - Loaded plugin projectmanager (category:projectmanager,tabindex:4)
2026-01-06 19:20:23,227 [INFO] PluginManage:310 - Check plugin rif
2026-01-06 19:20:23,251 [INFO] PluginManage:359 - Loaded plugin rif (category:base,tabindex:3)
2026-01-06 19:20:23,251 [INFO] PluginManage:310 - Check plugin thirdparty
2026-01-06 19:20:23,534 [INFO] PluginManage:359 - Loaded plugin thirdparty (category:base,tabindex:-1)
2026-01-06 19:20:23,534 [WARN] IntegrityCheckThread:84 - waiting for thirdparty lock release [integrity check]
2026-01-06 19:20:23,534 [INFO] PluginManage:310 - Check plugin tools
2026-01-06 19:20:23,534 [INFO] IntegrityCheckThread:86 - entering critical section [integrity check]
2026-01-06 19:20:23,534 [INFO] ThirdPartyUpdaterWithRetryManager:70 - Updater plugin not ready yet. [1/15]
2026-01-06 19:20:23,594 [INFO] PluginManage:359 - Loaded plugin tools (category:base,tabindex:7)
2026-01-06 19:20:23,595 [INFO] PluginManage:310 - Check plugin tutovideos
2026-01-06 19:20:23,844 [INFO] PluginManage:359 - Loaded plugin tutovideos (category:base,tabindex:-1)
2026-01-06 19:20:23,844 [INFO] PluginManage:310 - Check plugin updater
2026-01-06 19:20:23,869 [INFO] PluginManage:359 - Loaded plugin updater (category:base,tabindex:12)
2026-01-06 19:20:23,870 [INFO] PluginManage:310 - Check plugin userauth
2026-01-06 19:20:23,875 [INFO] UserAuth:118 - Init User Auth plugin
2026-01-06 19:20:23,877 [INFO] PluginManage:359 - Loaded plugin userauth (category:base,tabindex:14)
2026-01-06 19:20:23,878 [INFO] PluginManage:283 - PluginManage : Loaded plugins [18]
2026-01-06 19:20:24,189 [INFO] PinOutPanel:1589 - setPackage(No Configuration,No Configuration)
2026-01-06 19:20:24,322 [INFO] CADModel:165 - CPN selected for project level
2026-01-06 19:20:24,322 [INFO] CADModel:114 - Register for checkConnection events
2026-01-06 19:20:24,367 [INFO] IPUIPlugin:80 - create IPUIPlugin
2026-01-06 19:20:24,367 [INFO] PluginManager:220 - loadIPPluginJar : add adc
2026-01-06 19:20:24,434 [INFO] IPUIPlugin:80 - create IPUIPlugin
2026-01-06 19:20:24,434 [INFO] PluginManager:220 - loadIPPluginJar : add aes
2026-01-06 19:20:24,507 [INFO] IPUIPlugin:80 - create IPUIPlugin
2026-01-06 19:20:24,507 [INFO] PluginManager:220 - loadIPPluginJar : add can
2026-01-06 19:20:24,511 [INFO] IPUIPlugin:80 - create IPUIPlugin
2026-01-06 19:20:24,511 [INFO] PluginManager:220 - loadIPPluginJar : add comp
2026-01-06 19:20:24,570 [INFO] IPUIPlugin:80 - create IPUIPlugin
2026-01-06 19:20:24,570 [INFO] PluginManager:220 - loadIPPluginJar : add cryp
2026-01-06 19:20:24,590 [INFO] IPUIPlugin:80 - create IPUIPlugin
2026-01-06 19:20:24,590 [INFO] PluginManager:220 - loadIPPluginJar : add ddr_ctrl_phy
2026-01-06 19:20:24,642 [INFO] IPUIPlugin:80 - create IPUIPlugin
2026-01-06 19:20:24,642 [INFO] PluginManager:220 - loadIPPluginJar : add dfsdm
2026-01-06 19:20:24,660 [INFO] IPUIPlugin:80 - create IPUIPlugin
2026-01-06 19:20:24,660 [INFO] PluginManager:220 - loadIPPluginJar : add dma
2026-01-06 19:20:24,727 [INFO] IPUIPlugin:80 - create IPUIPlugin
2026-01-06 19:20:24,727 [INFO] PluginManager:220 - loadIPPluginJar : add dma3
2026-01-06 19:20:24,798 [INFO] IPUIPlugin:80 - create IPUIPlugin
2026-01-06 19:20:24,798 [INFO] PluginManager:220 - loadIPPluginJar : add extmemmanager
2026-01-06 19:20:24,802 [INFO] IPUIPlugin:80 - create IPUIPlugin
2026-01-06 19:20:24,802 [INFO] PluginManager:220 - loadIPPluginJar : add fatfs
2026-01-06 19:20:24,876 [INFO] IPUIPlugin:80 - create IPUIPlugin
2026-01-06 19:20:24,877 [INFO] PluginManager:220 - loadIPPluginJar : add fmc
2026-01-06 19:20:24,898 [INFO] IPUIPlugin:80 - create IPUIPlugin
2026-01-06 19:20:24,898 [INFO] PluginManager:220 - loadIPPluginJar : add freertos
2026-01-06 19:20:24,901 [INFO] IPUIPlugin:80 - create IPUIPlugin
2026-01-06 19:20:24,901 [INFO] PluginManager:220 - loadIPPluginJar : add genericplugin
2026-01-06 19:20:25,070 [INFO] IPUIPlugin:80 - create IPUIPlugin
2026-01-06 19:20:25,070 [INFO] PluginManager:220 - loadIPPluginJar : add gfxmmu
2026-01-06 19:20:25,280 [INFO] IPUIPlugin:80 - create IPUIPlugin
2026-01-06 19:20:25,280 [INFO] PluginManager:220 - loadIPPluginJar : add gic
2026-01-06 19:20:25,300 [INFO] IPUIPlugin:80 - create IPUIPlugin
2026-01-06 19:20:25,300 [INFO] PluginManager:220 - loadIPPluginJar : add gpio
2026-01-06 19:20:25,444 [INFO] IPUIPlugin:80 - create IPUIPlugin
2026-01-06 19:20:25,444 [INFO] PluginManager:220 - loadIPPluginJar : add gtzc
2026-01-06 19:20:25,448 [INFO] IPUIPlugin:80 - create IPUIPlugin
2026-01-06 19:20:25,448 [INFO] PluginManager:220 - loadIPPluginJar : add hash
2026-01-06 19:20:25,534 [INFO] IPUIPlugin:80 - create IPUIPlugin
2026-01-06 19:20:25,534 [INFO] PluginManager:220 - loadIPPluginJar : add i2c
2026-01-06 19:20:25,597 [INFO] IPUIPlugin:80 - create IPUIPlugin
2026-01-06 19:20:25,597 [INFO] PluginManager:220 - loadIPPluginJar : add i2s
2026-01-06 19:20:25,659 [INFO] IPUIPlugin:80 - create IPUIPlugin
2026-01-06 19:20:25,660 [INFO] PluginManager:220 - loadIPPluginJar : add i3c
2026-01-06 19:20:25,814 [INFO] IPUIPlugin:80 - create IPUIPlugin
2026-01-06 19:20:25,815 [INFO] PluginManager:220 - loadIPPluginJar : add ipddr
2026-01-06 19:20:25,962 [INFO] IPUIPlugin:80 - create IPUIPlugin
2026-01-06 19:20:25,962 [INFO] PluginManager:220 - loadIPPluginJar : add linkedlist
2026-01-06 19:20:26,021 [INFO] IPUIPlugin:80 - create IPUIPlugin
2026-01-06 19:20:26,021 [INFO] PluginManager:220 - loadIPPluginJar : add lorawan
2026-01-06 19:20:26,084 [INFO] IPUIPlugin:80 - create IPUIPlugin
2026-01-06 19:20:26,084 [INFO] PluginManager:220 - loadIPPluginJar : add ltdc
2026-01-06 19:20:26,107 [INFO] IPUIPlugin:80 - create IPUIPlugin
2026-01-06 19:20:26,107 [INFO] PluginManager:220 - loadIPPluginJar : add mdma
2026-01-06 19:20:26,125 [INFO] IPUIPlugin:80 - create IPUIPlugin
2026-01-06 19:20:26,126 [INFO] PluginManager:220 - loadIPPluginJar : add nvic
2026-01-06 19:20:26,204 [INFO] IPUIPlugin:80 - create IPUIPlugin
2026-01-06 19:20:26,204 [INFO] PluginManager:220 - loadIPPluginJar : add opamp
2026-01-06 19:20:26,337 [INFO] IPUIPlugin:80 - create IPUIPlugin
2026-01-06 19:20:26,338 [INFO] PluginManager:220 - loadIPPluginJar : add openamp
2026-01-06 19:20:26,410 [INFO] IPUIPlugin:80 - create IPUIPlugin
2026-01-06 19:20:26,410 [INFO] PluginManager:220 - loadIPPluginJar : add pdm2pcm
2026-01-06 19:20:26,433 [INFO] IPUIPlugin:80 - create IPUIPlugin
2026-01-06 19:20:26,436 [INFO] PluginManager:220 - loadIPPluginJar : add plateformsettings
2026-01-06 19:20:26,480 [INFO] IPUIPlugin:80 - create IPUIPlugin
2026-01-06 19:20:26,480 [INFO] PluginManager:220 - loadIPPluginJar : add quadspi
2026-01-06 19:20:26,483 [INFO] IPUIPlugin:80 - create IPUIPlugin
2026-01-06 19:20:26,484 [INFO] PluginManager:220 - loadIPPluginJar : add radio
2026-01-06 19:20:26,504 [INFO] IPUIPlugin:80 - create IPUIPlugin
2026-01-06 19:20:26,504 [INFO] PluginManager:220 - loadIPPluginJar : add resmgrutility
2026-01-06 19:20:26,536 [INFO] ThirdPartyUpdaterWithRetryManager:70 - Updater plugin not ready yet. [2/15]
2026-01-06 19:20:26,589 [INFO] IPUIPlugin:80 - create IPUIPlugin
2026-01-06 19:20:26,590 [INFO] PluginManager:220 - loadIPPluginJar : add sai
2026-01-06 19:20:26,654 [INFO] IPUIPlugin:80 - create IPUIPlugin
2026-01-06 19:20:26,654 [INFO] PluginManager:220 - loadIPPluginJar : add spi
2026-01-06 19:20:26,784 [INFO] IPUIPlugin:80 - create IPUIPlugin
2026-01-06 19:20:26,784 [INFO] PluginManager:220 - loadIPPluginJar : add stm32_wpan
2026-01-06 19:20:26,788 [INFO] IPUIPlugin:80 - create IPUIPlugin
2026-01-06 19:20:26,788 [INFO] PluginManager:220 - loadIPPluginJar : add tim
2026-01-06 19:20:26,891 [INFO] IPUIPlugin:80 - create IPUIPlugin
2026-01-06 19:20:26,892 [INFO] PluginManager:220 - loadIPPluginJar : add touchsensing
2026-01-06 19:20:26,897 [INFO] IPUIPlugin:80 - create IPUIPlugin
2026-01-06 19:20:26,897 [INFO] PluginManager:220 - loadIPPluginJar : add tracer_emb
2026-01-06 19:20:26,900 [INFO] IPUIPlugin:80 - create IPUIPlugin
2026-01-06 19:20:26,900 [INFO] PluginManager:220 - loadIPPluginJar : add ts
2026-01-06 19:20:26,904 [INFO] IPUIPlugin:80 - create IPUIPlugin
2026-01-06 19:20:26,904 [INFO] PluginManager:220 - loadIPPluginJar : add tsc
2026-01-06 19:20:26,948 [INFO] IPUIPlugin:80 - create IPUIPlugin
2026-01-06 19:20:26,948 [INFO] PluginManager:220 - loadIPPluginJar : add ucpd
2026-01-06 19:20:27,038 [INFO] IPUIPlugin:80 - create IPUIPlugin
2026-01-06 19:20:27,038 [INFO] PluginManager:220 - loadIPPluginJar : add usart
2026-01-06 19:20:27,118 [INFO] IPUIPlugin:80 - create IPUIPlugin
2026-01-06 19:20:27,118 [INFO] PluginManager:220 - loadIPPluginJar : add usbx
2026-01-06 19:20:27,256 [FATAL] Updater:351 - Updater called before beeing initialized
2026-01-06 19:20:27,306 [INFO] RulesReader:64 - Compatibility file has been processed (301 Rules)
2026-01-06 19:20:27,325 [INFO] RulesReader:64 - Compatibility file has been processed (301 Rules)
2026-01-06 19:20:27,341 [INFO] CADModel:165 - CPN selected for project level
2026-01-06 19:20:27,341 [INFO] CADModel:114 - Register for checkConnection events
2026-01-06 19:20:27,341 [FATAL] Updater:351 - Updater called before beeing initialized
2026-01-06 19:20:27,341 [ERROR] CADModel:125 - Updater not yet initialized, retry later 
2026-01-06 19:20:27,605 [FATAL] Updater:351 - Updater called before beeing initialized
2026-01-06 19:20:27,608 [INFO] CADModel:165 - CPN selected for project level
2026-01-06 19:20:27,609 [INFO] CADModel:114 - Register for checkConnection events
2026-01-06 19:20:27,609 [FATAL] Updater:351 - Updater called before beeing initialized
2026-01-06 19:20:27,609 [ERROR] CADModel:125 - Updater not yet initialized, retry later 
2026-01-06 19:20:27,614 [FATAL] Updater:351 - Updater called before beeing initialized
2026-01-06 19:20:27,784 [FATAL] Updater:351 - Updater called before beeing initialized
2026-01-06 19:20:27,809 [INFO] DbMcusAds:53 - JSON generation date=Tue Dec 16 04:41:46 IST 2025 (1765840306612)
2026-01-06 19:20:27,809 [FATAL] Updater:351 - Updater called before beeing initialized
2026-01-06 19:20:27,862 [WARN] DetailPanel:346 - Failed to get advertising image, set to default
2026-01-06 19:20:28,198 [FATAL] Updater:351 - Updater called before beeing initialized
2026-01-06 19:20:28,201 [FATAL] Updater:351 - Updater called before beeing initialized
2026-01-06 19:20:28,201 [FATAL] Updater:351 - Updater called before beeing initialized
2026-01-06 19:20:28,201 [WARN] DetailPanel:346 - Failed to get advertising image, set to default
2026-01-06 19:20:28,202 [FATAL] Updater:351 - Updater called before beeing initialized
2026-01-06 19:20:28,304 [ERROR] Updater:1198 - MainUpdater not yet initialized. External WinMGr cannot be set.
2026-01-06 19:20:28,309 [INFO] Updater:1134 - Updater Version found : 6.14.0
2026-01-06 19:20:28,336 [INFO] ApplicationProperties:184 - Using Application install path: C:\ST\STM32CubeIDE_1.18.0\STM32CubeIDE\plugins\com.st.stm32cube.common.mx_6.14.0.202502271554
2026-01-06 19:20:29,536 [INFO] ThirdPartyUpdaterWithRetryManager:70 - Updater plugin not ready yet. [3/15]
2026-01-06 19:20:29,929 [ERROR] LogOutputStream:75 - [STDERR_REDIRECT] Jan 06, 2026 7:20:29 PM java.util.prefs.WindowsPreferences <init>
2026-01-06 19:20:29,930 [ERROR] LogOutputStream:75 - [STDERR_REDIRECT] WARNING: Could not open/create prefs root node Software\JavaSoft\Prefs at root 0xffffffff80000002. Windows RegCreateKeyEx(...) returned error code 5.
2026-01-06 19:20:29,932 [ERROR] LogOutputStream:75 - [STDERR_REDIRECT] 
2026-01-06 19:20:30,397 [INFO] MainUpdater:2872 - connection check result : 10
2026-01-06 19:20:30,398 [INFO] MainUpdater:289 - Updater Check For Update Now.
2026-01-06 19:20:30,398 [INFO] MicroXplorer:498 - Change Database Version : DB.6.0.140
2026-01-06 19:20:30,408 [INFO] McuFinderGlobals:63 - Set McuFinder mode to 2 (CubeIDE integrated)
2026-01-06 19:20:30,412 [INFO] UserAuth:486 - Internet connection configuration mode: 1
2026-01-06 19:20:30,471 [INFO] JxBrowserEngine:152 - Initiate JxBrowser Engine with user profile folder
2026-01-06 19:20:30,662 [INFO] CheckServerUpdateThread:120 - End of CheckServer Thread
2026-01-06 19:20:32,429 [INFO] WebApp:169 - Instantiating new browser for Auth
2026-01-06 19:20:33,037 [WARN] PackLoader:240 - Cannot read IP mode file for STMicroelectronics.FP-SNS-MOTENVWB1.1.4.0
2026-01-06 19:20:33,056 [WARN] PackLoader:240 - Cannot read IP mode file for STMicroelectronics.FP-ATR-ASTRA1.2.0.2
2026-01-06 19:20:33,099 [WARN] PackLoader:240 - Cannot read IP mode file for STMicroelectronics.X-CUBE-SMBUS.2.1.0
2026-01-06 19:20:33,132 [WARN] PackLoader:240 - Cannot read IP mode file for STMicroelectronics.X-CUBE-WB05N.1.1.0
2026-01-06 19:20:33,211 [WARN] PackLoader:240 - Cannot read IP mode file for STMicroelectronics.X-CUBE-AZRTOS-F7.1.1.0
2026-01-06 19:20:33,242 [ERROR] Engine:466 - C:\Users\Manu_s_r\.stm32cubemx\thirdparties\pdsc\STMicroelectronics.FP-SNS-MOTENV1.5.1.0.pdsc: PDSC version is not supported
2026-01-06 19:20:33,294 [WARN] PackLoader:240 - Cannot read IP mode file for Infineon.AIROC-Wi-Fi-Bluetooth-STM32.1.7.0
2026-01-06 19:20:33,370 [WARN] PackLoader:240 - Cannot read IP mode file for STMicroelectronics.X-CUBE-AZRTOS-H7.3.4.0
2026-01-06 19:20:33,417 [WARN] PackLoader:240 - Cannot read IP mode file for STMicroelectronics.X-CUBE-DISPLAY.3.0.0
2026-01-06 19:20:33,475 [WARN] PackLoader:240 - Cannot read IP mode file for STMicroelectronics.X-CUBE-NFC10.1.0.0
2026-01-06 19:20:33,528 [WARN] PackLoader:240 - Cannot read IP mode file for STMicroelectronics.X-CUBE-BLEMGR.4.0.0
2026-01-06 19:20:33,587 [WARN] PackLoader:240 - Cannot read IP mode file for STMicroelectronics.X-CUBE-ST60.1.1.0
2026-01-06 19:20:33,630 [WARN] PackLoader:240 - Cannot read IP mode file for emotas.I-CUBE-CANOPEN.1.3.0
2026-01-06 19:20:33,674 [WARN] PackLoader:240 - Cannot read IP mode file for STMicroelectronics.X-CUBE-GNSS1.7.1.0
2026-01-06 19:20:33,690 [WARN] ConditionMgr:438 - getConditionDescription Invalid condition id : Cortex-A Device cause : null
2026-01-06 19:20:33,715 [WARN] ConditionMgr:1044 - genDependencies : Invalid condition id : Cortex-A Device cause : null
2026-01-06 19:20:33,715 [WARN] ConditionMgr:1044 - genDependencies : Invalid condition id : Cortex-A Device cause : null
2026-01-06 19:20:33,715 [WARN] ConditionMgr:1044 - genDependencies : Invalid condition id : Cortex-A Device cause : null
2026-01-06 19:20:33,746 [WARN] PackLoader:240 - Cannot read IP mode file for STMicroelectronics.X-CUBE-AI.10.0.0
2026-01-06 19:20:33,780 [ERROR] Engine:466 - C:\Users\Manu_s_r\.stm32cubemx\thirdparties\pdsc\STMicroelectronics.FP-SNS-STBOX1.2.1.0.pdsc: PDSC version is not supported
2026-01-06 19:20:33,806 [INFO] WebApp:463 - Apply proxy settings
2026-01-06 19:20:33,807 [INFO] WebApp:548 - Chromium requires no authentication
2026-01-06 19:20:33,815 [WARN] PackLoader:240 - Cannot read IP mode file for STMicroelectronics.FP-SNS-SMARTAG2.1.2.0
2026-01-06 19:20:33,822 [INFO] WebApp:491 - Direct internet connection detected
2026-01-06 19:20:33,825 [WARN] PackLoader:240 - Cannot read IP mode file for STMicroelectronics.FP-SNS-FLIGHT1.5.1.0
2026-01-06 19:20:33,863 [INFO] WebApp:894 - Register for checkConnection events
2026-01-06 19:20:33,863 [INFO] WebApp:463 - Apply proxy settings
2026-01-06 19:20:33,863 [INFO] WebApp:548 - Chromium requires no authentication
2026-01-06 19:20:33,864 [INFO] WebApp:491 - Direct internet connection detected
2026-01-06 19:20:33,918 [WARN] PackLoader:240 - Cannot read IP mode file for STMicroelectronics.X-CUBE-MEMS1.11.1.0
2026-01-06 19:20:34,104 [INFO] LogOutputStream:77 - [STDOUT_REDIRECT] 1 : Invalid condition id : UX_CORESTACK_Condition cause : null
2026-01-06 19:20:34,105 [INFO] LogOutputStream:77 - [STDOUT_REDIRECT] 1 : Invalid condition id : UX_CORESTACK_Condition cause : null
2026-01-06 19:20:34,107 [INFO] LogOutputStream:77 - [STDOUT_REDIRECT] 1 : Invalid condition id : UX_CORESTACK_Condition cause : null
2026-01-06 19:20:34,109 [INFO] LogOutputStream:77 - [STDOUT_REDIRECT] 1 : Invalid condition id : UX_CORESTACK_Condition cause : null
2026-01-06 19:20:34,111 [INFO] LogOutputStream:77 - [STDOUT_REDIRECT] 1 : Invalid condition id : UX_CORESTACK_Condition cause : null
2026-01-06 19:20:34,114 [WARN] PackLoader:240 - Cannot read IP mode file for STMicroelectronics.X-CUBE-AZRTOS-WL.2.0.0
2026-01-06 19:20:34,151 [WARN] PackLoader:240 - Cannot read IP mode file for STMicroelectronics.FP-SNS-MOTENV1.5.0.0
2026-01-06 19:20:34,180 [INFO] WebApp:191 - Connection restablished
2026-01-06 19:20:34,239 [WARN] PackLoader:240 - Cannot read IP mode file for STMicroelectronics.X-CUBE-AZRTOS-H7RS.1.2.0
2026-01-06 19:20:34,250 [INFO] WebApp:225 - Starting web application
2026-01-06 19:20:34,251 [INFO] WebApp:593 - Web application path used C:\ST\STM32CubeIDE_1.18.0\STM32CubeIDE\plugins\com.st.stm32cube.common.mx_6.14.0.202502271554\db\plugins\mcufinder\reactClient1\index.html
2026-01-06 19:20:34,283 [WARN] PackLoader:240 - Cannot read IP mode file for WES.I-CUBE-Cesium.1.3.0
2026-01-06 19:20:34,324 [WARN] PackLoader:240 - Cannot read IP mode file for STMicroelectronics.X-CUBE-BLE2.3.3.0
2026-01-06 19:20:34,455 [WARN] PackLoader:240 - Cannot read IP mode file for STMicroelectronics.X-CUBE-NFC9.1.0.0
2026-01-06 19:20:34,520 [WARN] PackLoader:240 - Cannot read IP mode file for STMicroelectronics.X-CUBE-BLE1.7.1.0
2026-01-06 19:20:34,534 [WARN] PackLoader:240 - Cannot read IP mode file for wolfSSL.I-CUBE-wolfMQTT.1.19.2
2026-01-06 19:20:34,561 [ERROR] Engine:466 - C:\Users\Manu_s_r\.stm32cubemx\thirdparties\pdsc\STMicroelectronics.X-CUBE-FREERTOS.1.4.0.pdsc: PDSC version is not supported
2026-01-06 19:20:34,596 [WARN] PackLoader:240 - Cannot read IP mode file for STMicroelectronics.X-CUBE-EEPRMA1.5.2.0
2026-01-06 19:20:34,628 [ERROR] Engine:466 - C:\Users\Manu_s_r\.stm32cubemx\thirdparties\pdsc\STMicroelectronics.X-CUBE-ST67W61.1.1.0.pdsc: PDSC version is not supported
2026-01-06 19:20:34,734 [INFO] UserAuth:486 - Internet connection configuration mode: 1
2026-01-06 19:20:34,743 [WARN] PackLoader:240 - Cannot read IP mode file for STMicroelectronics.X-CUBE-MEMS1.12.0.0
2026-01-06 19:20:34,895 [WARN] PackLoader:240 - Cannot read IP mode file for STMicroelectronics.X-CUBE-AZRTOS-G0.1.1.0
2026-01-06 19:20:34,944 [WARN] PackLoader:240 - Cannot read IP mode file for STMicroelectronics.X-CUBE-SAFEA1.1.2.2
2026-01-06 19:20:34,985 [WARN] PackLoader:240 - Cannot read IP mode file for STMicroelectronics.X-CUBE-NFC4.3.0.0
2026-01-06 19:20:35,030 [WARN] PackLoader:240 - Cannot read IP mode file for EmbeddedOffice.I-CUBE-FS-RTOS.1.0.1
2026-01-06 19:20:35,069 [WARN] PackLoader:240 - Cannot read IP mode file for STMicroelectronics.X-CUBE-WB05N.2.0.0
2026-01-06 19:20:35,082 [WARN] PackLoader:240 - Cannot read IP mode file for wolfSSL.I-CUBE-wolfTPM.3.8.0
2026-01-06 19:20:35,119 [WARN] PackLoader:240 - Cannot read IP mode file for STMicroelectronics.X-CUBE-TCPP.4.2.0
2026-01-06 19:20:35,162 [WARN] PackLoader:240 - Cannot read IP mode file for RealThread.X-CUBE-RT-Thread_Nano.4.1.1
2026-01-06 19:20:35,174 [WARN] PackLoader:240 - Cannot read IP mode file for STMicroelectronics.FP-ATR-SIGFOX1.3.2.0
2026-01-06 19:20:35,215 [WARN] PackLoader:240 - Cannot read IP mode file for STMicroelectronics.X-CUBE-EEPRMA1.5.1.0
2026-01-06 19:20:35,253 [WARN] PackLoader:240 - Cannot read IP mode file for wolfSSL.I-CUBE-wolfSSL.5.7.6
2026-01-06 19:20:35,292 [WARN] PackLoader:240 - Cannot read IP mode file for ITTIA_DB.I-CUBE-ITTIADB.8.9.0
2026-01-06 19:20:35,324 [WARN] PackLoader:240 - Cannot read IP mode file for STMicroelectronics.X-CUBE-AI.10.2.0
2026-01-06 19:20:35,386 [WARN] PackLoader:240 - Cannot read IP mode file for SEGGER.I-CUBE-embOS.1.3.1
2026-01-06 19:20:35,489 [WARN] PackLoader:240 - Cannot read IP mode file for STMicroelectronics.X-CUBE-ALGOBUILD.1.4.0
2026-01-06 19:20:35,539 [WARN] PackLoader:240 - Cannot read IP mode file for STMicroelectronics.X-CUBE-PM33A1.1.0.0
2026-01-06 19:20:35,617 [WARN] PackLoader:240 - Cannot read IP mode file for STMicroelectronics.X-CUBE-AZRTOS-F4.1.1.0
2026-01-06 19:20:35,630 [WARN] PackLoader:240 - Cannot read IP mode file for Avnet-IotConnect.X-CUBE-IoTC-DA16k-PMOD.1.0.0
2026-01-06 19:20:35,657 [WARN] PackLoader:240 - Cannot read IP mode file for STMicroelectronics.X-CUBE-ISPU.2.1.0
2026-01-06 19:20:35,687 [ERROR] Engine:466 - C:\Users\Manu_s_r\.stm32cubemx\thirdparties\pdsc\STMicroelectronics.X-CUBE-IPS.3.2.0.pdsc: PDSC version is not supported
2026-01-06 19:20:35,721 [WARN] PackLoader:240 - Cannot read IP mode file for STMicroelectronics.X-CUBE-NFC12.1.0.0
2026-01-06 19:20:35,772 [WARN] PackLoader:240 - Cannot read IP mode file for STMicroelectronics.X-CUBE-AZRTOS-L5.2.0.0
2026-01-06 19:20:35,817 [WARN] PackLoader:240 - Cannot read IP mode file for STMicroelectronics.X-CUBE-NFC6.3.1.0
2026-01-06 19:20:35,859 [WARN] PackLoader:240 - Cannot read IP mode file for STMicroelectronics.X-CUBE-FREERTOS.1.3.0
2026-01-06 19:20:35,891 [WARN] PackLoader:240 - Cannot read IP mode file for STMicroelectronics.X-CUBE-NFC7.1.0.1
2026-01-06 19:20:35,925 [WARN] PackLoader:240 - Cannot read IP mode file for STMicroelectronics.X-CUBE-TOUCHGFX.4.26.0
2026-01-06 19:20:35,954 [WARN] PackLoader:240 - Cannot read IP mode file for STMicroelectronics.FP-SNS-STAIOTCFT.1.0.0
2026-01-06 19:20:35,987 [WARN] PackLoader:240 - Cannot read IP mode file for STMicroelectronics.X-CUBE-DPower.1.3.0
2026-01-06 19:20:36,049 [WARN] ConditionMgr:438 - getConditionDescription Invalid condition id : LAN8742 Phy interface Condition cause : null
2026-01-06 19:20:36,051 [WARN] PackLoader:240 - Cannot read IP mode file for STMicroelectronics.X-CUBE-AZRTOS-L4.2.0.0
2026-01-06 19:20:36,052 [WARN] ConditionMgr:1044 - genDependencies : Invalid condition id : LAN8742 Phy interface Condition cause : null
2026-01-06 19:20:36,053 [WARN] ConditionMgr:1044 - genDependencies : Invalid condition id : LAN8742 Phy interface Condition cause : null
2026-01-06 19:20:36,053 [WARN] ConditionMgr:1044 - genDependencies : Invalid condition id : LAN8742 Phy interface Condition cause : null
2026-01-06 19:20:36,088 [WARN] PackLoader:240 - Cannot read IP mode file for STMicroelectronics.X-CUBE-SFXS2LP1.4.0.0
2026-01-06 19:20:36,158 [WARN] PackLoader:240 - Cannot read IP mode file for STMicroelectronics.X-CUBE-AZRTOS-H7.3.3.0
2026-01-06 19:20:36,202 [WARN] PackLoader:240 - Cannot read IP mode file for STMicroelectronics.X-CUBE-BLEMGR.4.1.0
2026-01-06 19:20:36,254 [WARN] ConditionMgr:438 - getConditionDescription Invalid condition id : UX DEVICE CLASS RTOS Condition cause : null
2026-01-06 19:20:36,254 [WARN] ConditionMgr:438 - getConditionDescription Invalid condition id : UX DEVICE CLASS RTOS Condition cause : null
2026-01-06 19:20:36,256 [WARN] PackLoader:240 - Cannot read IP mode file for STMicroelectronics.X-CUBE-AZRTOS-WB.2.0.0
2026-01-06 19:20:36,257 [WARN] ConditionMgr:1044 - genDependencies : Invalid condition id : UX DEVICE CLASS RTOS Condition cause : null
2026-01-06 19:20:36,257 [WARN] ConditionMgr:1044 - genDependencies : Invalid condition id : UX DEVICE CLASS RTOS Condition cause : null
2026-01-06 19:20:36,258 [WARN] ConditionMgr:1044 - genDependencies : Invalid condition id : UX DEVICE CLASS RTOS Condition cause : null
2026-01-06 19:20:36,258 [WARN] ConditionMgr:1044 - genDependencies : Invalid condition id : UX DEVICE CLASS RTOS Condition cause : null
2026-01-06 19:20:36,258 [WARN] ConditionMgr:1044 - genDependencies : Invalid condition id : UX DEVICE CLASS RTOS Condition cause : null
2026-01-06 19:20:36,288 [WARN] PackLoader:240 - Cannot read IP mode file for STMicroelectronics.X-CUBE-GNSS1.7.0.1
2026-01-06 19:20:36,318 [WARN] PackLoader:240 - Cannot read IP mode file for STMicroelectronics.X-CUBE-TOUCHGFX.4.25.0
2026-01-06 19:20:36,349 [WARN] PackLoader:240 - Cannot read IP mode file for STMicroelectronics.FP-SNS-STBOX1.2.0.0
2026-01-06 19:20:36,401 [WARN] PackLoader:240 - Cannot read IP mode file for STMicroelectronics.X-CUBE-SUBG2.5.0.0
2026-01-06 19:20:36,462 [WARN] PackLoader:240 - Cannot read IP mode file for STMicroelectronics.X-CUBE-AZRTOS-H7RS.1.1.0
2026-01-06 19:20:36,477 [WARN] PackLoader:240 - Cannot read IP mode file for Cesanta.I-CUBE-Mongoose.7.13.0
2026-01-06 19:20:36,523 [WARN] PackLoader:240 - Cannot read IP mode file for STMicroelectronics.X-CUBE-AZRTOS-G4.2.0.0
2026-01-06 19:20:36,551 [WARN] PackLoader:240 - Cannot read IP mode file for wolfSSL.I-CUBE-wolfSSH.1.4.20
2026-01-06 19:20:36,581 [WARN] PackLoader:240 - Cannot read IP mode file for STMicroelectronics.X-CUBE-NFC7.2.0.0
2026-01-06 19:20:36,614 [WARN] PackLoader:240 - Cannot read IP mode file for STMicroelectronics.X-CUBE-IPS.3.1.0
2026-01-06 19:20:36,641 [WARN] PackLoader:240 - Cannot read IP mode file for STMicroelectronics.X-CUBE-ALS.1.0.2
2026-01-06 19:20:36,664 [WARN] PackLoader:240 - Cannot read IP mode file for STMicroelectronics.X-CUBE-STSE01.1.0.0
2026-01-06 19:20:36,686 [WARN] PackLoader:240 - Cannot read IP mode file for portGmbH.I-Cube-SoM-uGOAL.1.1.0
2026-01-06 19:20:36,712 [WARN] PackLoader:240 - Cannot read IP mode file for STMicroelectronics.X-CUBE-TOF1.3.4.2
2026-01-06 19:20:36,744 [WARN] PackLoader:240 - Cannot read IP mode file for STMicroelectronics.X-CUBE-TOF1.3.4.3
2026-01-06 19:20:36,752 [INFO] ThirdParty:978 - Integrity check success = true
2026-01-06 19:20:36,752 [INFO] IntegrityCheckThread:100 - exiting critical section [integrity check]
2026-01-06 19:20:36,752 [INFO] IntegrityCheckThread:103 - End integrity checks thread
2026-01-06 19:21:29,981 [ERROR] LogOutputStream:75 - [STDERR_REDIRECT] 
2026-01-06 19:21:29,985 [ERROR] LogOutputStream:75 - [STDERR_REDIRECT] 
