2025-12-18 10:28:18,291 [INFO] WebApp:194 - Connection lost
2025-12-18 10:28:20,646 [INFO] WebApp:191 - Connection restablished
2025-12-18 10:28:20,714 [INFO] WebApp:194 - Connection lost
2025-12-18 10:28:21,260 [INFO] WebApp:191 - Connection restablished
2025-12-18 10:29:25,743 [INFO] WebApp:194 - Connection lost
2025-12-18 10:29:28,146 [INFO] WebApp:191 - Connection restablished
2025-12-18 10:30:35,051 [INFO] WebApp:194 - Connection lost
2025-12-18 10:30:35,670 [INFO] WebApp:191 - Connection restablished
2025-12-18 10:30:41,085 [INFO] WebApp:194 - Connection lost
2025-12-18 10:30:41,727 [INFO] WebApp:191 - Connection restablished
2025-12-18 13:29:26,359 [INFO] WebApp:194 - Connection lost
2025-12-18 13:29:40,959 [INFO] WebApp:191 - Connection restablished
2025-12-18 13:29:57,685 [INFO] WebApp:194 - Connection lost
2025-12-18 13:29:58,037 [INFO] WebApp:191 - Connection restablished
2025-12-18 13:30:04,216 [INFO] WebApp:194 - Connection lost
2025-12-18 13:30:05,495 [INFO] WebApp:191 - Connection restablished
2025-12-18 13:31:30,790 [INFO] WebApp:194 - Connection lost
2025-12-18 13:31:31,124 [INFO] WebApp:191 - Connection restablished
2025-12-18 13:31:37,123 [INFO] WebApp:194 - Connection lost
2025-12-18 13:31:37,827 [INFO] WebApp:191 - Connection restablished
2025-12-18 13:53:20,131 [INFO] WebApp:194 - Connection lost
2025-12-18 13:53:20,729 [INFO] WebApp:191 - Connection restablished
2025-12-18 14:46:14,431 [INFO] WebApp:194 - Connection lost
2025-12-18 14:46:15,264 [INFO] WebApp:191 - Connection restablished
2025-12-18 14:46:18,078 [INFO] WebApp:194 - Connection lost
2025-12-18 14:46:18,534 [INFO] WebApp:191 - Connection restablished
2025-12-18 14:46:24,585 [INFO] WebApp:194 - Connection lost
2025-12-18 14:46:26,202 [INFO] WebApp:191 - Connection restablished
2025-12-18 14:46:30,613 [INFO] WebApp:194 - Connection lost
2025-12-18 14:46:32,552 [INFO] WebApp:191 - Connection restablished
2025-12-18 14:46:38,120 [INFO] WebApp:194 - Connection lost
2025-12-18 14:46:38,606 [INFO] WebApp:191 - Connection restablished
2025-12-18 14:47:50,833 [INFO] WebApp:194 - Connection lost
2025-12-18 14:47:51,192 [INFO] WebApp:191 - Connection restablished
2025-12-18 14:47:57,088 [INFO] WebApp:194 - Connection lost
2025-12-18 14:47:57,558 [INFO] WebApp:191 - Connection restablished
2025-12-18 14:55:17,630 [INFO] WebApp:194 - Connection lost
2025-12-18 14:55:17,984 [INFO] WebApp:191 - Connection restablished
2025-12-18 14:56:50,428 [INFO] WebApp:194 - Connection lost
2025-12-18 14:56:50,746 [INFO] WebApp:191 - Connection restablished
2025-12-18 14:56:56,591 [INFO] WebApp:194 - Connection lost
2025-12-18 14:56:57,117 [INFO] WebApp:191 - Connection restablished
2025-12-18 14:58:00,792 [INFO] WebApp:194 - Connection lost
2025-12-18 14:58:01,085 [INFO] WebApp:191 - Connection restablished
2025-12-18 14:58:16,863 [INFO] MainUpdater:2872 - connection check result : 10
2025-12-18 14:58:16,863 [INFO] MainUpdater:2872 - connection check result : 10
2025-12-18 14:58:17,310 [INFO] I2cTimingTraitement:330 - 0x10D19CE4
2025-12-18 14:58:17,356 [INFO] MicroXplorer:468 - Change Database Path : 
2025-12-18 14:58:17,357 [INFO] MicroXplorer:498 - Change Database Version : DB.6.0.140
2025-12-18 14:58:17,502 [ERROR] ProjectManagerView:394 - 
java.lang.NullPointerException: Cannot invoke "javax.swing.JTextField.getText()" because the return value of "java.util.List.get(int)" is null
	at com.st.microxplorer.plugins.projectmanager.gui.ProjectChoiceTab$9.caretUpdate(ProjectChoiceTab.java:2678) ~[filemanager.jar:?]
	at javax.swing.text.JTextComponent.fireCaretUpdate(JTextComponent.java:408) ~[?:?]
	at javax.swing.text.JTextComponent$MutableCaretEvent.fire(JTextComponent.java:4484) ~[?:?]
	at javax.swing.text.JTextComponent$MutableCaretEvent.stateChanged(JTextComponent.java:4506) ~[?:?]
	at javax.swing.text.DefaultCaret.fireStateChanged(DefaultCaret.java:857) ~[?:?]
	at javax.swing.text.DefaultCaret.changeCaretPosition(DefaultCaret.java:1343) ~[?:?]
	at javax.swing.text.DefaultCaret.handleSetDot(DefaultCaret.java:1242) ~[?:?]
	at javax.swing.text.DefaultCaret.setDot(DefaultCaret.java:1223) ~[?:?]
	at javax.swing.text.DefaultCaret$Handler.insertUpdate(DefaultCaret.java:1819) ~[?:?]
	at javax.swing.text.AbstractDocument.fireInsertUpdate(AbstractDocument.java:227) ~[?:?]
	at javax.swing.text.AbstractDocument.handleInsertString(AbstractDocument.java:781) ~[?:?]
	at javax.swing.text.AbstractDocument.insertString(AbstractDocument.java:740) ~[?:?]
	at javax.swing.text.PlainDocument.insertString(PlainDocument.java:131) ~[?:?]
	at javax.swing.text.AbstractDocument.replace(AbstractDocument.java:699) ~[?:?]
	at javax.swing.text.JTextComponent.setText(JTextComponent.java:1725) ~[?:?]
	at com.st.microxplorer.plugins.projectmanager.gui.ProjectChoiceTab.createHeapStackFields(ProjectChoiceTab.java:979) ~[filemanager.jar:?]
	at com.st.microxplorer.plugins.projectmanager.gui.ProjectChoiceTab.buildLinkSettingsPanel(ProjectChoiceTab.java:3766) ~[filemanager.jar:?]
	at com.st.microxplorer.plugins.projectmanager.gui.ProjectChoiceTab.defineWindowsFields(ProjectChoiceTab.java:1962) ~[filemanager.jar:?]
	at com.st.microxplorer.plugins.projectmanager.gui.ProjectChoiceTab.updateSettings(ProjectChoiceTab.java:555) ~[filemanager.jar:?]
	at com.st.microxplorer.plugins.projectmanager.gui.ProjectSettingsPanel.UpdateDialog(ProjectSettingsPanel.java:245) ~[filemanager.jar:?]
	at com.st.microxplorer.plugins.projectmanager.ProjectManagerView.propertyChange(ProjectManagerView.java:391) ~[filemanager.jar:?]
	at java.beans.PropertyChangeSupport.fire(PropertyChangeSupport.java:343) ~[?:?]
	at java.beans.PropertyChangeSupport.firePropertyChange(PropertyChangeSupport.java:335) ~[?:?]
	at java.beans.PropertyChangeSupport.firePropertyChange(PropertyChangeSupport.java:268) ~[?:?]
	at com.st.microxplorer.util.MXPropertyChangeSupport.firePropertyChange(MXPropertyChangeSupport.java:54) ~[STM32CubeMX.jar:?]
	at com.st.microxplorer.mxsystem.MxSystem.closeConfig(MxSystem.java:899) ~[STM32CubeMX.jar:?]
	at com.st.microxplorer.maingui.MainPanel.closeConfig(MainPanel.java:789) ~[STM32CubeMX.jar:?]
	at com.st.microxplorer.plugins.filemanager.engine.OpenFileManager.loadConfigurationFile(OpenFileManager.java:287) ~[filemanager.jar:?]
	at com.st.microxplorer.plugins.filemanager.engine.MainFileManager.userLoadConfig(MainFileManager.java:341) ~[filemanager.jar:?]
	at com.st.microxplorer.plugins.filemanager.engine.MainFileManager.userLoadConfig(MainFileManager.java:319) ~[filemanager.jar:?]
	at com.st.microxplorer.plugins.filemanager.FileManagerView.getSpecificTask(FileManagerView.java:246) ~[filemanager.jar:?]
	at com.st.stm32cube.common.mx.editor.CubeMxEditor.getMxTabbedPaneInstance(CubeMxEditor.java:1198) ~[com.st.stm32cube.common.mx_6.14.0.202502271554/:?]
	at com.st.stm32cube.common.mx.editor.CubeMxEditor$12$1.createSwingComponent(CubeMxEditor.java:1068) ~[com.st.stm32cube.common.mx_6.14.0.202502271554/:?]
	at com.st.stm32cube.common.mx.oss.core.awtswtbridge.EmbeddedSwingComposite.doComponentCreation(EmbeddedSwingComposite.java:492) ~[com.st.stm32cube.common.mx.oss_6.14.0.202502271554/:?]
	at com.st.stm32cube.common.mx.oss.core.awtswtbridge.EmbeddedSwingComposite$4.run(EmbeddedSwingComposite.java:291) ~[com.st.stm32cube.common.mx.oss_6.14.0.202502271554/:?]
	at com.st.stm32cube.common.mx.oss.core.awtswtbridge.AwtEnvironment$2.run(AwtEnvironment.java:166) ~[com.st.stm32cube.common.mx.oss_6.14.0.202502271554/:?]
	at java.awt.event.InvocationEvent.dispatch(InvocationEvent.java:318) ~[?:?]
	at java.awt.EventQueue.dispatchEventImpl(EventQueue.java:773) ~[?:?]
	at java.awt.EventQueue$4.run(EventQueue.java:720) ~[?:?]
	at java.awt.EventQueue$4.run(EventQueue.java:714) ~[?:?]
	at java.security.AccessController.doPrivileged(AccessController.java:400) ~[?:?]
	at java.security.ProtectionDomain$JavaSecurityAccessImpl.doIntersectionPrivilege(ProtectionDomain.java:87) ~[?:?]
	at java.awt.EventQueue.dispatchEvent(EventQueue.java:742) ~[?:?]
	at java.awt.EventDispatchThread.pumpOneEventForFilters(EventDispatchThread.java:203) ~[?:?]
	at java.awt.EventDispatchThread.pumpEventsForFilter(EventDispatchThread.java:124) ~[?:?]
	at java.awt.EventDispatchThread.pumpEventsForHierarchy(EventDispatchThread.java:113) ~[?:?]
	at java.awt.EventDispatchThread.pumpEvents(EventDispatchThread.java:109) ~[?:?]
	at java.awt.EventDispatchThread.pumpEvents(EventDispatchThread.java:101) ~[?:?]
	at java.awt.EventDispatchThread.run(EventDispatchThread.java:90) ~[?:?]
2025-12-18 14:58:17,577 [WARN] ThirdParty:871 - waiting for thirdparty lock release [close project]
2025-12-18 14:58:17,578 [INFO] ThirdParty:873 - entering critical section [close project]
2025-12-18 14:58:17,579 [INFO] ThirdParty:883 - exiting critical section [close project]
2025-12-18 14:58:17,584 [INFO] PinOutPanel:1589 - setPackage(No Configuration,No Configuration)
2025-12-18 14:58:17,629 [INFO] UtilMem:75 - Begin LoadConfig() Used Memory: 860389768 Bytes (1073741824)
2025-12-18 14:59:38,860 [INFO] WebApp:194 - Connection lost
2025-12-18 14:59:39,274 [INFO] WebApp:191 - Connection restablished
2025-12-18 14:59:45,076 [INFO] WebApp:194 - Connection lost
2025-12-18 14:59:45,554 [INFO] WebApp:191 - Connection restablished
2025-12-18 15:28:18,458 [INFO] WebApp:194 - Connection lost
2025-12-18 15:28:19,222 [INFO] WebApp:191 - Connection restablished
2025-12-18 15:29:47,380 [INFO] WebApp:194 - Connection lost
2025-12-18 15:29:47,690 [INFO] WebApp:191 - Connection restablished
2025-12-18 15:29:53,596 [INFO] WebApp:194 - Connection lost
2025-12-18 15:29:54,131 [INFO] WebApp:191 - Connection restablished
2025-12-18 16:13:38,399 [INFO] WebApp:194 - Connection lost
2025-12-18 16:13:44,706 [INFO] WebApp:191 - Connection restablished
2025-12-18 16:14:22,792 [INFO] WebApp:194 - Connection lost
2025-12-18 16:14:23,168 [INFO] WebApp:191 - Connection restablished
2025-12-18 16:14:27,873 [INFO] WebApp:194 - Connection lost
2025-12-18 16:14:28,288 [INFO] WebApp:191 - Connection restablished
2025-12-18 16:14:35,210 [INFO] WebApp:194 - Connection lost
2025-12-18 16:14:35,574 [INFO] WebApp:191 - Connection restablished
2025-12-18 16:16:05,419 [INFO] WebApp:194 - Connection lost
2025-12-18 16:16:05,980 [INFO] WebApp:191 - Connection restablished
2025-12-18 16:16:11,602 [INFO] WebApp:194 - Connection lost
2025-12-18 16:16:12,201 [INFO] WebApp:191 - Connection restablished
